<?xml version="1.0" encoding="UTF-8"?>
<testsuite xmlns:xsi="http://www.w3.org/2001/XMLSchema-instance" xsi:noNamespaceSchemaLocation="https://maven.apache.org/surefire/maven-surefire-plugin/xsd/surefire-test-report.xsd" name="com.leslie.StudentsMapperTest" time="144.411" tests="12" errors="2" skipped="0" failures="0">
  <properties>
    <property name="sun.desktop" value="windows"/>
    <property name="awt.toolkit" value="sun.awt.windows.WToolkit"/>
    <property name="file.encoding.pkg" value="sun.io"/>
    <property name="java.specification.version" value="1.8"/>
    <property name="sun.cpu.isalist" value="amd64"/>
    <property name="sun.jnu.encoding" value="GBK"/>
    <property name="java.class.path" value="C:\Users\来子哥\Desktop\GraDesgine\leslie\target\test-classes;C:\Users\来子哥\Desktop\GraDesgine\leslie\target\classes;E:\my_java\maven_repository\org\springframework\boot\spring-boot-starter\2.2.6.RELEASE\spring-boot-starter-2.2.6.RELEASE.jar;E:\my_java\maven_repository\org\springframework\boot\spring-boot\2.2.6.RELEASE\spring-boot-2.2.6.RELEASE.jar;E:\my_java\maven_repository\org\springframework\spring-context\5.2.5.RELEASE\spring-context-5.2.5.RELEASE.jar;E:\my_java\maven_repository\org\springframework\boot\spring-boot-autoconfigure\2.2.6.RELEASE\spring-boot-autoconfigure-2.2.6.RELEASE.jar;E:\my_java\maven_repository\org\springframework\boot\spring-boot-starter-logging\2.2.6.RELEASE\spring-boot-starter-logging-2.2.6.RELEASE.jar;E:\my_java\maven_repository\ch\qos\logback\logback-classic\1.2.3\logback-classic-1.2.3.jar;E:\my_java\maven_repository\ch\qos\logback\logback-core\1.2.3\logback-core-1.2.3.jar;E:\my_java\maven_repository\org\apache\logging\log4j\log4j-to-slf4j\2.12.1\log4j-to-slf4j-2.12.1.jar;E:\my_java\maven_repository\org\slf4j\jul-to-slf4j\1.7.30\jul-to-slf4j-1.7.30.jar;E:\my_java\maven_repository\jakarta\annotation\jakarta.annotation-api\1.3.5\jakarta.annotation-api-1.3.5.jar;E:\my_java\maven_repository\org\springframework\spring-core\5.2.5.RELEASE\spring-core-5.2.5.RELEASE.jar;E:\my_java\maven_repository\org\springframework\spring-jcl\5.2.5.RELEASE\spring-jcl-5.2.5.RELEASE.jar;E:\my_java\maven_repository\org\yaml\snakeyaml\1.25\snakeyaml-1.25.jar;E:\my_java\maven_repository\org\springframework\boot\spring-boot-starter-test\2.2.6.RELEASE\spring-boot-starter-test-2.2.6.RELEASE.jar;E:\my_java\maven_repository\org\springframework\boot\spring-boot-test\2.2.6.RELEASE\spring-boot-test-2.2.6.RELEASE.jar;E:\my_java\maven_repository\org\springframework\boot\spring-boot-test-autoconfigure\2.2.6.RELEASE\spring-boot-test-autoconfigure-2.2.6.RELEASE.jar;E:\my_java\maven_repository\com\jayway\jsonpath\json-path\2.4.0\json-path-2.4.0.jar;E:\my_java\maven_repository\net\minidev\json-smart\2.3\json-smart-2.3.jar;E:\my_java\maven_repository\net\minidev\accessors-smart\1.2\accessors-smart-1.2.jar;E:\my_java\maven_repository\org\ow2\asm\asm\5.0.4\asm-5.0.4.jar;E:\my_java\maven_repository\jakarta\xml\bind\jakarta.xml.bind-api\2.3.3\jakarta.xml.bind-api-2.3.3.jar;E:\my_java\maven_repository\jakarta\activation\jakarta.activation-api\1.2.2\jakarta.activation-api-1.2.2.jar;E:\my_java\maven_repository\org\junit\jupiter\junit-jupiter\5.5.2\junit-jupiter-5.5.2.jar;E:\my_java\maven_repository\org\junit\jupiter\junit-jupiter-api\5.5.2\junit-jupiter-api-5.5.2.jar;E:\my_java\maven_repository\org\opentest4j\opentest4j\1.2.0\opentest4j-1.2.0.jar;E:\my_java\maven_repository\org\junit\platform\junit-platform-commons\1.5.2\junit-platform-commons-1.5.2.jar;E:\my_java\maven_repository\org\junit\jupiter\junit-jupiter-params\5.5.2\junit-jupiter-params-5.5.2.jar;E:\my_java\maven_repository\org\junit\jupiter\junit-jupiter-engine\5.5.2\junit-jupiter-engine-5.5.2.jar;E:\my_java\maven_repository\org\junit\vintage\junit-vintage-engine\5.5.2\junit-vintage-engine-5.5.2.jar;E:\my_java\maven_repository\org\apiguardian\apiguardian-api\1.1.0\apiguardian-api-1.1.0.jar;E:\my_java\maven_repository\org\junit\platform\junit-platform-engine\1.5.2\junit-platform-engine-1.5.2.jar;E:\my_java\maven_repository\junit\junit\4.12\junit-4.12.jar;E:\my_java\maven_repository\org\mockito\mockito-junit-jupiter\3.1.0\mockito-junit-jupiter-3.1.0.jar;E:\my_java\maven_repository\org\assertj\assertj-core\3.13.2\assertj-core-3.13.2.jar;E:\my_java\maven_repository\org\hamcrest\hamcrest\2.1\hamcrest-2.1.jar;E:\my_java\maven_repository\org\mockito\mockito-core\3.1.0\mockito-core-3.1.0.jar;E:\my_java\maven_repository\net\bytebuddy\byte-buddy\1.10.8\byte-buddy-1.10.8.jar;E:\my_java\maven_repository\net\bytebuddy\byte-buddy-agent\1.10.8\byte-buddy-agent-1.10.8.jar;E:\my_java\maven_repository\org\objenesis\objenesis\2.6\objenesis-2.6.jar;E:\my_java\maven_repository\org\skyscreamer\jsonassert\1.5.0\jsonassert-1.5.0.jar;E:\my_java\maven_repository\com\vaadin\external\google\android-json\0.0.20131108.vaadin1\android-json-0.0.20131108.vaadin1.jar;E:\my_java\maven_repository\org\springframework\spring-test\5.2.5.RELEASE\spring-test-5.2.5.RELEASE.jar;E:\my_java\maven_repository\org\xmlunit\xmlunit-core\2.6.4\xmlunit-core-2.6.4.jar;E:\my_java\maven_repository\com\baomidou\mybatis-plus-boot-starter\3.3.2\mybatis-plus-boot-starter-3.3.2.jar;E:\my_java\maven_repository\com\baomidou\mybatis-plus\3.3.2\mybatis-plus-3.3.2.jar;E:\my_java\maven_repository\com\baomidou\mybatis-plus-extension\3.3.2\mybatis-plus-extension-3.3.2.jar;E:\my_java\maven_repository\com\baomidou\mybatis-plus-core\3.3.2\mybatis-plus-core-3.3.2.jar;E:\my_java\maven_repository\com\baomidou\mybatis-plus-annotation\3.3.2\mybatis-plus-annotation-3.3.2.jar;E:\my_java\maven_repository\com\github\jsqlparser\jsqlparser\3.1\jsqlparser-3.1.jar;E:\my_java\maven_repository\org\mybatis\mybatis\3.5.4\mybatis-3.5.4.jar;E:\my_java\maven_repository\org\mybatis\mybatis-spring\2.0.4\mybatis-spring-2.0.4.jar;E:\my_java\maven_repository\org\springframework\boot\spring-boot-starter-jdbc\2.2.6.RELEASE\spring-boot-starter-jdbc-2.2.6.RELEASE.jar;E:\my_java\maven_repository\com\zaxxer\HikariCP\3.4.2\HikariCP-3.4.2.jar;E:\my_java\maven_repository\org\springframework\spring-jdbc\5.2.5.RELEASE\spring-jdbc-5.2.5.RELEASE.jar;E:\my_java\maven_repository\org\projectlombok\lombok\1.18.12\lombok-1.18.12.jar;E:\my_java\maven_repository\mysql\mysql-connector-java\8.0.19\mysql-connector-java-8.0.19.jar;E:\my_java\maven_repository\org\springframework\boot\spring-boot-starter-web\2.2.6.RELEASE\spring-boot-starter-web-2.2.6.RELEASE.jar;E:\my_java\maven_repository\org\springframework\boot\spring-boot-starter-json\2.2.6.RELEASE\spring-boot-starter-json-2.2.6.RELEASE.jar;E:\my_java\maven_repository\com\fasterxml\jackson\core\jackson-databind\2.10.3\jackson-databind-2.10.3.jar;E:\my_java\maven_repository\com\fasterxml\jackson\core\jackson-annotations\2.10.3\jackson-annotations-2.10.3.jar;E:\my_java\maven_repository\com\fasterxml\jackson\datatype\jackson-datatype-jdk8\2.10.3\jackson-datatype-jdk8-2.10.3.jar;E:\my_java\maven_repository\com\fasterxml\jackson\datatype\jackson-datatype-jsr310\2.10.3\jackson-datatype-jsr310-2.10.3.jar;E:\my_java\maven_repository\com\fasterxml\jackson\module\jackson-module-parameter-names\2.10.3\jackson-module-parameter-names-2.10.3.jar;E:\my_java\maven_repository\org\springframework\boot\spring-boot-starter-tomcat\2.2.6.RELEASE\spring-boot-starter-tomcat-2.2.6.RELEASE.jar;E:\my_java\maven_repository\org\apache\tomcat\embed\tomcat-embed-core\9.0.33\tomcat-embed-core-9.0.33.jar;E:\my_java\maven_repository\org\apache\tomcat\embed\tomcat-embed-el\9.0.33\tomcat-embed-el-9.0.33.jar;E:\my_java\maven_repository\org\apache\tomcat\embed\tomcat-embed-websocket\9.0.33\tomcat-embed-websocket-9.0.33.jar;E:\my_java\maven_repository\org\springframework\boot\spring-boot-starter-validation\2.2.6.RELEASE\spring-boot-starter-validation-2.2.6.RELEASE.jar;E:\my_java\maven_repository\jakarta\validation\jakarta.validation-api\2.0.2\jakarta.validation-api-2.0.2.jar;E:\my_java\maven_repository\org\hibernate\validator\hibernate-validator\6.0.18.Final\hibernate-validator-6.0.18.Final.jar;E:\my_java\maven_repository\org\jboss\logging\jboss-logging\3.4.1.Final\jboss-logging-3.4.1.Final.jar;E:\my_java\maven_repository\com\fasterxml\classmate\1.5.1\classmate-1.5.1.jar;E:\my_java\maven_repository\org\springframework\spring-web\5.2.5.RELEASE\spring-web-5.2.5.RELEASE.jar;E:\my_java\maven_repository\org\springframework\spring-beans\5.2.5.RELEASE\spring-beans-5.2.5.RELEASE.jar;E:\my_java\maven_repository\org\springframework\spring-webmvc\5.2.5.RELEASE\spring-webmvc-5.2.5.RELEASE.jar;E:\my_java\maven_repository\org\springframework\spring-aop\5.2.5.RELEASE\spring-aop-5.2.5.RELEASE.jar;E:\my_java\maven_repository\org\springframework\spring-expression\5.2.5.RELEASE\spring-expression-5.2.5.RELEASE.jar;E:\my_java\maven_repository\redis\clients\jedis\3.1.0\jedis-3.1.0.jar;E:\my_java\maven_repository\org\slf4j\slf4j-api\1.7.30\slf4j-api-1.7.30.jar;E:\my_java\maven_repository\org\apache\commons\commons-pool2\2.7.0\commons-pool2-2.7.0.jar;E:\my_java\maven_repository\org\apache\httpcomponents\httpclient\4.5.12\httpclient-4.5.12.jar;E:\my_java\maven_repository\org\apache\httpcomponents\httpcore\4.4.13\httpcore-4.4.13.jar;E:\my_java\maven_repository\commons-codec\commons-codec\1.13\commons-codec-1.13.jar;E:\my_java\maven_repository\commons-lang\commons-lang\2.4\commons-lang-2.4.jar;E:\my_java\maven_repository\com\alibaba\fastjson\1.2.72\fastjson-1.2.72.jar;E:\my_java\maven_repository\org\springframework\boot\spring-boot-starter-data-elasticsearch\2.2.6.RELEASE\spring-boot-starter-data-elasticsearch-2.2.6.RELEASE.jar;E:\my_java\maven_repository\org\springframework\data\spring-data-elasticsearch\3.2.6.RELEASE\spring-data-elasticsearch-3.2.6.RELEASE.jar;E:\my_java\maven_repository\org\springframework\spring-tx\5.2.5.RELEASE\spring-tx-5.2.5.RELEASE.jar;E:\my_java\maven_repository\org\springframework\data\spring-data-commons\2.2.6.RELEASE\spring-data-commons-2.2.6.RELEASE.jar;E:\my_java\maven_repository\joda-time\joda-time\2.10.5\joda-time-2.10.5.jar;E:\my_java\maven_repository\org\elasticsearch\client\transport\7.6.1\transport-7.6.1.jar;E:\my_java\maven_repository\org\elasticsearch\plugin\reindex-client\7.6.1\reindex-client-7.6.1.jar;E:\my_java\maven_repository\org\elasticsearch\elasticsearch-ssl-config\7.6.1\elasticsearch-ssl-config-7.6.1.jar;E:\my_java\maven_repository\org\elasticsearch\plugin\percolator-client\7.6.1\percolator-client-7.6.1.jar;E:\my_java\maven_repository\org\elasticsearch\plugin\transport-netty4-client\7.6.1\transport-netty4-client-7.6.1.jar;E:\my_java\maven_repository\io\netty\netty-buffer\4.1.48.Final\netty-buffer-4.1.48.Final.jar;E:\my_java\maven_repository\io\netty\netty-codec\4.1.48.Final\netty-codec-4.1.48.Final.jar;E:\my_java\maven_repository\io\netty\netty-codec-http\4.1.48.Final\netty-codec-http-4.1.48.Final.jar;E:\my_java\maven_repository\io\netty\netty-common\4.1.48.Final\netty-common-4.1.48.Final.jar;E:\my_java\maven_repository\io\netty\netty-handler\4.1.48.Final\netty-handler-4.1.48.Final.jar;E:\my_java\maven_repository\io\netty\netty-resolver\4.1.48.Final\netty-resolver-4.1.48.Final.jar;E:\my_java\maven_repository\io\netty\netty-transport\4.1.48.Final\netty-transport-4.1.48.Final.jar;E:\my_java\maven_repository\com\fasterxml\jackson\core\jackson-core\2.10.3\jackson-core-2.10.3.jar;E:\my_java\maven_repository\org\elasticsearch\client\elasticsearch-rest-high-level-client\7.6.1\elasticsearch-rest-high-level-client-7.6.1.jar;E:\my_java\maven_repository\org\elasticsearch\elasticsearch\7.6.1\elasticsearch-7.6.1.jar;E:\my_java\maven_repository\org\elasticsearch\elasticsearch-core\7.6.1\elasticsearch-core-7.6.1.jar;E:\my_java\maven_repository\org\elasticsearch\elasticsearch-secure-sm\7.6.1\elasticsearch-secure-sm-7.6.1.jar;E:\my_java\maven_repository\org\elasticsearch\elasticsearch-x-content\7.6.1\elasticsearch-x-content-7.6.1.jar;E:\my_java\maven_repository\com\fasterxml\jackson\dataformat\jackson-dataformat-smile\2.10.3\jackson-dataformat-smile-2.10.3.jar;E:\my_java\maven_repository\com\fasterxml\jackson\dataformat\jackson-dataformat-yaml\2.10.3\jackson-dataformat-yaml-2.10.3.jar;E:\my_java\maven_repository\com\fasterxml\jackson\dataformat\jackson-dataformat-cbor\2.10.3\jackson-dataformat-cbor-2.10.3.jar;E:\my_java\maven_repository\org\elasticsearch\elasticsearch-geo\7.6.1\elasticsearch-geo-7.6.1.jar;E:\my_java\maven_repository\org\apache\lucene\lucene-core\8.4.0\lucene-core-8.4.0.jar;E:\my_java\maven_repository\org\apache\lucene\lucene-analyzers-common\8.4.0\lucene-analyzers-common-8.4.0.jar;E:\my_java\maven_repository\org\apache\lucene\lucene-backward-codecs\8.4.0\lucene-backward-codecs-8.4.0.jar;E:\my_java\maven_repository\org\apache\lucene\lucene-grouping\8.4.0\lucene-grouping-8.4.0.jar;E:\my_java\maven_repository\org\apache\lucene\lucene-highlighter\8.4.0\lucene-highlighter-8.4.0.jar;E:\my_java\maven_repository\org\apache\lucene\lucene-join\8.4.0\lucene-join-8.4.0.jar;E:\my_java\maven_repository\org\apache\lucene\lucene-memory\8.4.0\lucene-memory-8.4.0.jar;E:\my_java\maven_repository\org\apache\lucene\lucene-misc\8.4.0\lucene-misc-8.4.0.jar;E:\my_java\maven_repository\org\apache\lucene\lucene-queries\8.4.0\lucene-queries-8.4.0.jar;E:\my_java\maven_repository\org\apache\lucene\lucene-queryparser\8.4.0\lucene-queryparser-8.4.0.jar;E:\my_java\maven_repository\org\apache\lucene\lucene-sandbox\8.4.0\lucene-sandbox-8.4.0.jar;E:\my_java\maven_repository\org\apache\lucene\lucene-spatial\8.4.0\lucene-spatial-8.4.0.jar;E:\my_java\maven_repository\org\apache\lucene\lucene-spatial-extras\8.4.0\lucene-spatial-extras-8.4.0.jar;E:\my_java\maven_repository\org\apache\lucene\lucene-spatial3d\8.4.0\lucene-spatial3d-8.4.0.jar;E:\my_java\maven_repository\org\apache\lucene\lucene-suggest\8.4.0\lucene-suggest-8.4.0.jar;E:\my_java\maven_repository\org\elasticsearch\elasticsearch-cli\7.6.1\elasticsearch-cli-7.6.1.jar;E:\my_java\maven_repository\net\sf\jopt-simple\jopt-simple\5.0.2\jopt-simple-5.0.2.jar;E:\my_java\maven_repository\com\carrotsearch\hppc\0.8.1\hppc-0.8.1.jar;E:\my_java\maven_repository\com\tdunning\t-digest\3.2\t-digest-3.2.jar;E:\my_java\maven_repository\org\hdrhistogram\HdrHistogram\2.1.9\HdrHistogram-2.1.9.jar;E:\my_java\maven_repository\org\apache\logging\log4j\log4j-api\2.12.1\log4j-api-2.12.1.jar;E:\my_java\maven_repository\org\elasticsearch\jna\4.5.1\jna-4.5.1.jar;E:\my_java\maven_repository\org\elasticsearch\client\elasticsearch-rest-client\7.6.1\elasticsearch-rest-client-7.6.1.jar;E:\my_java\maven_repository\org\apache\httpcomponents\httpasyncclient\4.1.4\httpasyncclient-4.1.4.jar;E:\my_java\maven_repository\org\apache\httpcomponents\httpcore-nio\4.4.13\httpcore-nio-4.4.13.jar;E:\my_java\maven_repository\org\elasticsearch\plugin\mapper-extras-client\7.6.1\mapper-extras-client-7.6.1.jar;E:\my_java\maven_repository\org\elasticsearch\plugin\parent-join-client\7.6.1\parent-join-client-7.6.1.jar;E:\my_java\maven_repository\org\elasticsearch\plugin\aggs-matrix-stats-client\7.6.1\aggs-matrix-stats-client-7.6.1.jar;E:\my_java\maven_repository\org\elasticsearch\plugin\rank-eval-client\7.6.1\rank-eval-client-7.6.1.jar;E:\my_java\maven_repository\org\elasticsearch\plugin\lang-mustache-client\7.6.1\lang-mustache-client-7.6.1.jar;E:\my_java\maven_repository\com\github\spullara\mustache\java\compiler\0.9.6\compiler-0.9.6.jar;E:\my_java\maven_repository\org\apache\poi\poi\3.9\poi-3.9.jar;E:\my_java\maven_repository\org\apache\poi\poi-ooxml\3.9\poi-ooxml-3.9.jar;E:\my_java\maven_repository\org\apache\poi\poi-ooxml-schemas\3.9\poi-ooxml-schemas-3.9.jar;E:\my_java\maven_repository\org\apache\xmlbeans\xmlbeans\2.3.0\xmlbeans-2.3.0.jar;E:\my_java\maven_repository\stax\stax-api\1.0.1\stax-api-1.0.1.jar;E:\my_java\maven_repository\dom4j\dom4j\1.6.1\dom4j-1.6.1.jar;E:\my_java\maven_repository\xml-apis\xml-apis\1.0.b2\xml-apis-1.0.b2.jar;"/>
    <property name="java.vm.vendor" value="Oracle Corporation"/>
    <property name="sun.arch.data.model" value="64"/>
    <property name="user.variant" value=""/>
    <property name="java.vendor.url" value="http://java.oracle.com/"/>
    <property name="user.timezone" value="Asia/Shanghai"/>
    <property name="java.vm.specification.version" value="1.8"/>
    <property name="os.name" value="Windows 10"/>
    <property name="user.country" value="CN"/>
    <property name="sun.java.launcher" value="SUN_STANDARD"/>
    <property name="sun.boot.library.path" value="D:\java1.8.0\jre\bin"/>
    <property name="sun.java.command" value="C:\Users\来子哥\AppData\Local\Temp\surefire1313886613140449280\surefirebooter4332713695790505878.jar C:\Users\来子哥\AppData\Local\Temp\surefire1313886613140449280 2021-02-05T13-20-36_785-jvmRun1 surefire1950552372829868956tmp surefire_098555201070791228tmp"/>
    <property name="surefire.test.class.path" value="C:\Users\来子哥\Desktop\GraDesgine\leslie\target\test-classes;C:\Users\来子哥\Desktop\GraDesgine\leslie\target\classes;E:\my_java\maven_repository\org\springframework\boot\spring-boot-starter\2.2.6.RELEASE\spring-boot-starter-2.2.6.RELEASE.jar;E:\my_java\maven_repository\org\springframework\boot\spring-boot\2.2.6.RELEASE\spring-boot-2.2.6.RELEASE.jar;E:\my_java\maven_repository\org\springframework\spring-context\5.2.5.RELEASE\spring-context-5.2.5.RELEASE.jar;E:\my_java\maven_repository\org\springframework\boot\spring-boot-autoconfigure\2.2.6.RELEASE\spring-boot-autoconfigure-2.2.6.RELEASE.jar;E:\my_java\maven_repository\org\springframework\boot\spring-boot-starter-logging\2.2.6.RELEASE\spring-boot-starter-logging-2.2.6.RELEASE.jar;E:\my_java\maven_repository\ch\qos\logback\logback-classic\1.2.3\logback-classic-1.2.3.jar;E:\my_java\maven_repository\ch\qos\logback\logback-core\1.2.3\logback-core-1.2.3.jar;E:\my_java\maven_repository\org\apache\logging\log4j\log4j-to-slf4j\2.12.1\log4j-to-slf4j-2.12.1.jar;E:\my_java\maven_repository\org\slf4j\jul-to-slf4j\1.7.30\jul-to-slf4j-1.7.30.jar;E:\my_java\maven_repository\jakarta\annotation\jakarta.annotation-api\1.3.5\jakarta.annotation-api-1.3.5.jar;E:\my_java\maven_repository\org\springframework\spring-core\5.2.5.RELEASE\spring-core-5.2.5.RELEASE.jar;E:\my_java\maven_repository\org\springframework\spring-jcl\5.2.5.RELEASE\spring-jcl-5.2.5.RELEASE.jar;E:\my_java\maven_repository\org\yaml\snakeyaml\1.25\snakeyaml-1.25.jar;E:\my_java\maven_repository\org\springframework\boot\spring-boot-starter-test\2.2.6.RELEASE\spring-boot-starter-test-2.2.6.RELEASE.jar;E:\my_java\maven_repository\org\springframework\boot\spring-boot-test\2.2.6.RELEASE\spring-boot-test-2.2.6.RELEASE.jar;E:\my_java\maven_repository\org\springframework\boot\spring-boot-test-autoconfigure\2.2.6.RELEASE\spring-boot-test-autoconfigure-2.2.6.RELEASE.jar;E:\my_java\maven_repository\com\jayway\jsonpath\json-path\2.4.0\json-path-2.4.0.jar;E:\my_java\maven_repository\net\minidev\json-smart\2.3\json-smart-2.3.jar;E:\my_java\maven_repository\net\minidev\accessors-smart\1.2\accessors-smart-1.2.jar;E:\my_java\maven_repository\org\ow2\asm\asm\5.0.4\asm-5.0.4.jar;E:\my_java\maven_repository\jakarta\xml\bind\jakarta.xml.bind-api\2.3.3\jakarta.xml.bind-api-2.3.3.jar;E:\my_java\maven_repository\jakarta\activation\jakarta.activation-api\1.2.2\jakarta.activation-api-1.2.2.jar;E:\my_java\maven_repository\org\junit\jupiter\junit-jupiter\5.5.2\junit-jupiter-5.5.2.jar;E:\my_java\maven_repository\org\junit\jupiter\junit-jupiter-api\5.5.2\junit-jupiter-api-5.5.2.jar;E:\my_java\maven_repository\org\opentest4j\opentest4j\1.2.0\opentest4j-1.2.0.jar;E:\my_java\maven_repository\org\junit\platform\junit-platform-commons\1.5.2\junit-platform-commons-1.5.2.jar;E:\my_java\maven_repository\org\junit\jupiter\junit-jupiter-params\5.5.2\junit-jupiter-params-5.5.2.jar;E:\my_java\maven_repository\org\junit\jupiter\junit-jupiter-engine\5.5.2\junit-jupiter-engine-5.5.2.jar;E:\my_java\maven_repository\org\junit\vintage\junit-vintage-engine\5.5.2\junit-vintage-engine-5.5.2.jar;E:\my_java\maven_repository\org\apiguardian\apiguardian-api\1.1.0\apiguardian-api-1.1.0.jar;E:\my_java\maven_repository\org\junit\platform\junit-platform-engine\1.5.2\junit-platform-engine-1.5.2.jar;E:\my_java\maven_repository\junit\junit\4.12\junit-4.12.jar;E:\my_java\maven_repository\org\mockito\mockito-junit-jupiter\3.1.0\mockito-junit-jupiter-3.1.0.jar;E:\my_java\maven_repository\org\assertj\assertj-core\3.13.2\assertj-core-3.13.2.jar;E:\my_java\maven_repository\org\hamcrest\hamcrest\2.1\hamcrest-2.1.jar;E:\my_java\maven_repository\org\mockito\mockito-core\3.1.0\mockito-core-3.1.0.jar;E:\my_java\maven_repository\net\bytebuddy\byte-buddy\1.10.8\byte-buddy-1.10.8.jar;E:\my_java\maven_repository\net\bytebuddy\byte-buddy-agent\1.10.8\byte-buddy-agent-1.10.8.jar;E:\my_java\maven_repository\org\objenesis\objenesis\2.6\objenesis-2.6.jar;E:\my_java\maven_repository\org\skyscreamer\jsonassert\1.5.0\jsonassert-1.5.0.jar;E:\my_java\maven_repository\com\vaadin\external\google\android-json\0.0.20131108.vaadin1\android-json-0.0.20131108.vaadin1.jar;E:\my_java\maven_repository\org\springframework\spring-test\5.2.5.RELEASE\spring-test-5.2.5.RELEASE.jar;E:\my_java\maven_repository\org\xmlunit\xmlunit-core\2.6.4\xmlunit-core-2.6.4.jar;E:\my_java\maven_repository\com\baomidou\mybatis-plus-boot-starter\3.3.2\mybatis-plus-boot-starter-3.3.2.jar;E:\my_java\maven_repository\com\baomidou\mybatis-plus\3.3.2\mybatis-plus-3.3.2.jar;E:\my_java\maven_repository\com\baomidou\mybatis-plus-extension\3.3.2\mybatis-plus-extension-3.3.2.jar;E:\my_java\maven_repository\com\baomidou\mybatis-plus-core\3.3.2\mybatis-plus-core-3.3.2.jar;E:\my_java\maven_repository\com\baomidou\mybatis-plus-annotation\3.3.2\mybatis-plus-annotation-3.3.2.jar;E:\my_java\maven_repository\com\github\jsqlparser\jsqlparser\3.1\jsqlparser-3.1.jar;E:\my_java\maven_repository\org\mybatis\mybatis\3.5.4\mybatis-3.5.4.jar;E:\my_java\maven_repository\org\mybatis\mybatis-spring\2.0.4\mybatis-spring-2.0.4.jar;E:\my_java\maven_repository\org\springframework\boot\spring-boot-starter-jdbc\2.2.6.RELEASE\spring-boot-starter-jdbc-2.2.6.RELEASE.jar;E:\my_java\maven_repository\com\zaxxer\HikariCP\3.4.2\HikariCP-3.4.2.jar;E:\my_java\maven_repository\org\springframework\spring-jdbc\5.2.5.RELEASE\spring-jdbc-5.2.5.RELEASE.jar;E:\my_java\maven_repository\org\projectlombok\lombok\1.18.12\lombok-1.18.12.jar;E:\my_java\maven_repository\mysql\mysql-connector-java\8.0.19\mysql-connector-java-8.0.19.jar;E:\my_java\maven_repository\org\springframework\boot\spring-boot-starter-web\2.2.6.RELEASE\spring-boot-starter-web-2.2.6.RELEASE.jar;E:\my_java\maven_repository\org\springframework\boot\spring-boot-starter-json\2.2.6.RELEASE\spring-boot-starter-json-2.2.6.RELEASE.jar;E:\my_java\maven_repository\com\fasterxml\jackson\core\jackson-databind\2.10.3\jackson-databind-2.10.3.jar;E:\my_java\maven_repository\com\fasterxml\jackson\core\jackson-annotations\2.10.3\jackson-annotations-2.10.3.jar;E:\my_java\maven_repository\com\fasterxml\jackson\datatype\jackson-datatype-jdk8\2.10.3\jackson-datatype-jdk8-2.10.3.jar;E:\my_java\maven_repository\com\fasterxml\jackson\datatype\jackson-datatype-jsr310\2.10.3\jackson-datatype-jsr310-2.10.3.jar;E:\my_java\maven_repository\com\fasterxml\jackson\module\jackson-module-parameter-names\2.10.3\jackson-module-parameter-names-2.10.3.jar;E:\my_java\maven_repository\org\springframework\boot\spring-boot-starter-tomcat\2.2.6.RELEASE\spring-boot-starter-tomcat-2.2.6.RELEASE.jar;E:\my_java\maven_repository\org\apache\tomcat\embed\tomcat-embed-core\9.0.33\tomcat-embed-core-9.0.33.jar;E:\my_java\maven_repository\org\apache\tomcat\embed\tomcat-embed-el\9.0.33\tomcat-embed-el-9.0.33.jar;E:\my_java\maven_repository\org\apache\tomcat\embed\tomcat-embed-websocket\9.0.33\tomcat-embed-websocket-9.0.33.jar;E:\my_java\maven_repository\org\springframework\boot\spring-boot-starter-validation\2.2.6.RELEASE\spring-boot-starter-validation-2.2.6.RELEASE.jar;E:\my_java\maven_repository\jakarta\validation\jakarta.validation-api\2.0.2\jakarta.validation-api-2.0.2.jar;E:\my_java\maven_repository\org\hibernate\validator\hibernate-validator\6.0.18.Final\hibernate-validator-6.0.18.Final.jar;E:\my_java\maven_repository\org\jboss\logging\jboss-logging\3.4.1.Final\jboss-logging-3.4.1.Final.jar;E:\my_java\maven_repository\com\fasterxml\classmate\1.5.1\classmate-1.5.1.jar;E:\my_java\maven_repository\org\springframework\spring-web\5.2.5.RELEASE\spring-web-5.2.5.RELEASE.jar;E:\my_java\maven_repository\org\springframework\spring-beans\5.2.5.RELEASE\spring-beans-5.2.5.RELEASE.jar;E:\my_java\maven_repository\org\springframework\spring-webmvc\5.2.5.RELEASE\spring-webmvc-5.2.5.RELEASE.jar;E:\my_java\maven_repository\org\springframework\spring-aop\5.2.5.RELEASE\spring-aop-5.2.5.RELEASE.jar;E:\my_java\maven_repository\org\springframework\spring-expression\5.2.5.RELEASE\spring-expression-5.2.5.RELEASE.jar;E:\my_java\maven_repository\redis\clients\jedis\3.1.0\jedis-3.1.0.jar;E:\my_java\maven_repository\org\slf4j\slf4j-api\1.7.30\slf4j-api-1.7.30.jar;E:\my_java\maven_repository\org\apache\commons\commons-pool2\2.7.0\commons-pool2-2.7.0.jar;E:\my_java\maven_repository\org\apache\httpcomponents\httpclient\4.5.12\httpclient-4.5.12.jar;E:\my_java\maven_repository\org\apache\httpcomponents\httpcore\4.4.13\httpcore-4.4.13.jar;E:\my_java\maven_repository\commons-codec\commons-codec\1.13\commons-codec-1.13.jar;E:\my_java\maven_repository\commons-lang\commons-lang\2.4\commons-lang-2.4.jar;E:\my_java\maven_repository\com\alibaba\fastjson\1.2.72\fastjson-1.2.72.jar;E:\my_java\maven_repository\org\springframework\boot\spring-boot-starter-data-elasticsearch\2.2.6.RELEASE\spring-boot-starter-data-elasticsearch-2.2.6.RELEASE.jar;E:\my_java\maven_repository\org\springframework\data\spring-data-elasticsearch\3.2.6.RELEASE\spring-data-elasticsearch-3.2.6.RELEASE.jar;E:\my_java\maven_repository\org\springframework\spring-tx\5.2.5.RELEASE\spring-tx-5.2.5.RELEASE.jar;E:\my_java\maven_repository\org\springframework\data\spring-data-commons\2.2.6.RELEASE\spring-data-commons-2.2.6.RELEASE.jar;E:\my_java\maven_repository\joda-time\joda-time\2.10.5\joda-time-2.10.5.jar;E:\my_java\maven_repository\org\elasticsearch\client\transport\7.6.1\transport-7.6.1.jar;E:\my_java\maven_repository\org\elasticsearch\plugin\reindex-client\7.6.1\reindex-client-7.6.1.jar;E:\my_java\maven_repository\org\elasticsearch\elasticsearch-ssl-config\7.6.1\elasticsearch-ssl-config-7.6.1.jar;E:\my_java\maven_repository\org\elasticsearch\plugin\percolator-client\7.6.1\percolator-client-7.6.1.jar;E:\my_java\maven_repository\org\elasticsearch\plugin\transport-netty4-client\7.6.1\transport-netty4-client-7.6.1.jar;E:\my_java\maven_repository\io\netty\netty-buffer\4.1.48.Final\netty-buffer-4.1.48.Final.jar;E:\my_java\maven_repository\io\netty\netty-codec\4.1.48.Final\netty-codec-4.1.48.Final.jar;E:\my_java\maven_repository\io\netty\netty-codec-http\4.1.48.Final\netty-codec-http-4.1.48.Final.jar;E:\my_java\maven_repository\io\netty\netty-common\4.1.48.Final\netty-common-4.1.48.Final.jar;E:\my_java\maven_repository\io\netty\netty-handler\4.1.48.Final\netty-handler-4.1.48.Final.jar;E:\my_java\maven_repository\io\netty\netty-resolver\4.1.48.Final\netty-resolver-4.1.48.Final.jar;E:\my_java\maven_repository\io\netty\netty-transport\4.1.48.Final\netty-transport-4.1.48.Final.jar;E:\my_java\maven_repository\com\fasterxml\jackson\core\jackson-core\2.10.3\jackson-core-2.10.3.jar;E:\my_java\maven_repository\org\elasticsearch\client\elasticsearch-rest-high-level-client\7.6.1\elasticsearch-rest-high-level-client-7.6.1.jar;E:\my_java\maven_repository\org\elasticsearch\elasticsearch\7.6.1\elasticsearch-7.6.1.jar;E:\my_java\maven_repository\org\elasticsearch\elasticsearch-core\7.6.1\elasticsearch-core-7.6.1.jar;E:\my_java\maven_repository\org\elasticsearch\elasticsearch-secure-sm\7.6.1\elasticsearch-secure-sm-7.6.1.jar;E:\my_java\maven_repository\org\elasticsearch\elasticsearch-x-content\7.6.1\elasticsearch-x-content-7.6.1.jar;E:\my_java\maven_repository\com\fasterxml\jackson\dataformat\jackson-dataformat-smile\2.10.3\jackson-dataformat-smile-2.10.3.jar;E:\my_java\maven_repository\com\fasterxml\jackson\dataformat\jackson-dataformat-yaml\2.10.3\jackson-dataformat-yaml-2.10.3.jar;E:\my_java\maven_repository\com\fasterxml\jackson\dataformat\jackson-dataformat-cbor\2.10.3\jackson-dataformat-cbor-2.10.3.jar;E:\my_java\maven_repository\org\elasticsearch\elasticsearch-geo\7.6.1\elasticsearch-geo-7.6.1.jar;E:\my_java\maven_repository\org\apache\lucene\lucene-core\8.4.0\lucene-core-8.4.0.jar;E:\my_java\maven_repository\org\apache\lucene\lucene-analyzers-common\8.4.0\lucene-analyzers-common-8.4.0.jar;E:\my_java\maven_repository\org\apache\lucene\lucene-backward-codecs\8.4.0\lucene-backward-codecs-8.4.0.jar;E:\my_java\maven_repository\org\apache\lucene\lucene-grouping\8.4.0\lucene-grouping-8.4.0.jar;E:\my_java\maven_repository\org\apache\lucene\lucene-highlighter\8.4.0\lucene-highlighter-8.4.0.jar;E:\my_java\maven_repository\org\apache\lucene\lucene-join\8.4.0\lucene-join-8.4.0.jar;E:\my_java\maven_repository\org\apache\lucene\lucene-memory\8.4.0\lucene-memory-8.4.0.jar;E:\my_java\maven_repository\org\apache\lucene\lucene-misc\8.4.0\lucene-misc-8.4.0.jar;E:\my_java\maven_repository\org\apache\lucene\lucene-queries\8.4.0\lucene-queries-8.4.0.jar;E:\my_java\maven_repository\org\apache\lucene\lucene-queryparser\8.4.0\lucene-queryparser-8.4.0.jar;E:\my_java\maven_repository\org\apache\lucene\lucene-sandbox\8.4.0\lucene-sandbox-8.4.0.jar;E:\my_java\maven_repository\org\apache\lucene\lucene-spatial\8.4.0\lucene-spatial-8.4.0.jar;E:\my_java\maven_repository\org\apache\lucene\lucene-spatial-extras\8.4.0\lucene-spatial-extras-8.4.0.jar;E:\my_java\maven_repository\org\apache\lucene\lucene-spatial3d\8.4.0\lucene-spatial3d-8.4.0.jar;E:\my_java\maven_repository\org\apache\lucene\lucene-suggest\8.4.0\lucene-suggest-8.4.0.jar;E:\my_java\maven_repository\org\elasticsearch\elasticsearch-cli\7.6.1\elasticsearch-cli-7.6.1.jar;E:\my_java\maven_repository\net\sf\jopt-simple\jopt-simple\5.0.2\jopt-simple-5.0.2.jar;E:\my_java\maven_repository\com\carrotsearch\hppc\0.8.1\hppc-0.8.1.jar;E:\my_java\maven_repository\com\tdunning\t-digest\3.2\t-digest-3.2.jar;E:\my_java\maven_repository\org\hdrhistogram\HdrHistogram\2.1.9\HdrHistogram-2.1.9.jar;E:\my_java\maven_repository\org\apache\logging\log4j\log4j-api\2.12.1\log4j-api-2.12.1.jar;E:\my_java\maven_repository\org\elasticsearch\jna\4.5.1\jna-4.5.1.jar;E:\my_java\maven_repository\org\elasticsearch\client\elasticsearch-rest-client\7.6.1\elasticsearch-rest-client-7.6.1.jar;E:\my_java\maven_repository\org\apache\httpcomponents\httpasyncclient\4.1.4\httpasyncclient-4.1.4.jar;E:\my_java\maven_repository\org\apache\httpcomponents\httpcore-nio\4.4.13\httpcore-nio-4.4.13.jar;E:\my_java\maven_repository\org\elasticsearch\plugin\mapper-extras-client\7.6.1\mapper-extras-client-7.6.1.jar;E:\my_java\maven_repository\org\elasticsearch\plugin\parent-join-client\7.6.1\parent-join-client-7.6.1.jar;E:\my_java\maven_repository\org\elasticsearch\plugin\aggs-matrix-stats-client\7.6.1\aggs-matrix-stats-client-7.6.1.jar;E:\my_java\maven_repository\org\elasticsearch\plugin\rank-eval-client\7.6.1\rank-eval-client-7.6.1.jar;E:\my_java\maven_repository\org\elasticsearch\plugin\lang-mustache-client\7.6.1\lang-mustache-client-7.6.1.jar;E:\my_java\maven_repository\com\github\spullara\mustache\java\compiler\0.9.6\compiler-0.9.6.jar;E:\my_java\maven_repository\org\apache\poi\poi\3.9\poi-3.9.jar;E:\my_java\maven_repository\org\apache\poi\poi-ooxml\3.9\poi-ooxml-3.9.jar;E:\my_java\maven_repository\org\apache\poi\poi-ooxml-schemas\3.9\poi-ooxml-schemas-3.9.jar;E:\my_java\maven_repository\org\apache\xmlbeans\xmlbeans\2.3.0\xmlbeans-2.3.0.jar;E:\my_java\maven_repository\stax\stax-api\1.0.1\stax-api-1.0.1.jar;E:\my_java\maven_repository\dom4j\dom4j\1.6.1\dom4j-1.6.1.jar;E:\my_java\maven_repository\xml-apis\xml-apis\1.0.b2\xml-apis-1.0.b2.jar;"/>
    <property name="sun.cpu.endian" value="little"/>
    <property name="user.home" value="C:\Users\来子哥"/>
    <property name="user.language" value="zh"/>
    <property name="java.specification.vendor" value="Oracle Corporation"/>
    <property name="java.home" value="D:\java1.8.0\jre"/>
    <property name="basedir" value="C:\Users\来子哥\Desktop\GraDesgine\leslie"/>
    <property name="file.separator" value="\"/>
    <property name="line.separator" value="&#10;"/>
    <property name="java.vm.specification.vendor" value="Oracle Corporation"/>
    <property name="java.specification.name" value="Java Platform API Specification"/>
    <property name="java.awt.graphicsenv" value="sun.awt.Win32GraphicsEnvironment"/>
    <property name="surefire.real.class.path" value="C:\Users\来子哥\AppData\Local\Temp\surefire1313886613140449280\surefirebooter4332713695790505878.jar"/>
    <property name="sun.boot.class.path" value="D:\java1.8.0\jre\lib\resources.jar;D:\java1.8.0\jre\lib\rt.jar;D:\java1.8.0\jre\lib\sunrsasign.jar;D:\java1.8.0\jre\lib\jsse.jar;D:\java1.8.0\jre\lib\jce.jar;D:\java1.8.0\jre\lib\charsets.jar;D:\java1.8.0\jre\lib\jfr.jar;D:\java1.8.0\jre\classes"/>
    <property name="user.script" value=""/>
    <property name="sun.management.compiler" value="HotSpot 64-Bit Tiered Compilers"/>
    <property name="java.runtime.version" value="1.8.0_261-b12"/>
    <property name="user.name" value="laizi"/>
    <property name="path.separator" value=";"/>
    <property name="os.version" value="10.0"/>
    <property name="java.endorsed.dirs" value="D:\java1.8.0\jre\lib\endorsed"/>
    <property name="java.runtime.name" value="Java(TM) SE Runtime Environment"/>
    <property name="file.encoding" value="GBK"/>
    <property name="java.vm.name" value="Java HotSpot(TM) 64-Bit Server VM"/>
    <property name="localRepository" value="E:\my_java\maven_repository"/>
    <property name="java.vendor.url.bug" value="http://bugreport.sun.com/bugreport/"/>
    <property name="java.io.tmpdir" value="C:\Users\来子哥\AppData\Local\Temp\"/>
    <property name="idea.version" value="2018.2.5"/>
    <property name="java.version" value="1.8.0_261"/>
    <property name="user.dir" value="C:\Users\来子哥\Desktop\GraDesgine\leslie"/>
    <property name="os.arch" value="amd64"/>
    <property name="java.vm.specification.name" value="Java Virtual Machine Specification"/>
    <property name="java.awt.printerjob" value="sun.awt.windows.WPrinterJob"/>
    <property name="sun.os.patch.level" value=""/>
    <property name="java.library.path" value="D:\java1.8.0\jre\bin;C:\Windows\Sun\Java\bin;C:\Windows\system32;C:\Windows;C:\Program Files\NVIDIA GPU Computing Toolkit\CUDA\v11.0\bin;C:\Program Files\NVIDIA GPU Computing Toolkit\CUDA\v11.0\libnvvp;D:\OracleServer\product\11.2.0\dbhome_1\bin;C:\Windows\system32;C:\Windows;C:\Windows\System32\Wbem;C:\Windows\System32\WindowsPowerShell\v1.0\;C:\Windows\System32\OpenSSH\;C:\Program Files\dotnet\;C:\Strawberry\c\bin;C:\Strawberry\perl\site\bin;C:\Strawberry\perl\bin;C:\Program Files (x86)\Graphviz2.38\bin;E:\WeChat\WeChat;E:\WeChat;E:\qq\Bin;E:\MYSQL\mysql-5.6.23-winx64\bin;D:\matlab\matlabpath\runtime\win64;D:\matlab\matlabpath\bin;D:\matlab\matlabpath\polyspace\bin;E:\广东工业大学学习资料\信息安全\GnuPG\pub;E:\mymaven\ap;che-maven-3.5.2\bin;D:\SVN\bin;D:\node.js\;D:\Erlang\erl9.3\bin;E:\scala2.11\scala-2.11.8\bin;E:\scala2.11\scala-2.11.8\jre\bin;D:\python;D:\python\Scripts;D:\java1.8.0\bin;C:\Program Files\Git\cmd;;C:\Program Files\Docker\Docker\resources\bin;C:\ProgramData\DockerDesktop\version-bin;C:\Users\来子哥\AppData\Local\Programs\Python\Python37-32\Scripts\;C:\Users\来子哥\AppData\Local\Programs\Python\Python37-32\;D:\新建文件夹 (2)\Scripts\;D:\新建文件夹 (2)\;D:\pyhon3.7;C:\Users\来子哥\AppData\Roaming\npm;D:\VS\Microsoft VS Code\bin;D:\pycharm\PyCharm Community Edition 2020.1.3\bin;;D:\pycharmPer\PyCharm 2020.2.3\bin;;D:\goland\GoLand 2020.2.3\bin;;;."/>
    <property name="java.vm.info" value="mixed mode"/>
    <property name="java.vendor" value="Oracle Corporation"/>
    <property name="java.vm.version" value="25.261-b12"/>
    <property name="java.ext.dirs" value="D:\java1.8.0\jre\lib\ext;C:\Windows\Sun\Java\lib\ext"/>
    <property name="sun.io.unicode.encoding" value="UnicodeLittle"/>
    <property name="maven.repo.local" value="E:\my_java\maven_repository"/>
    <property name="java.class.version" value="52.0"/>
  </properties>
  <testcase name="test10" classname="com.leslie.StudentsMapperTest" time="4.2"/>
  <testcase name="test11" classname="com.leslie.StudentsMapperTest" time="1.255"/>
  <testcase name="test12" classname="com.leslie.StudentsMapperTest" time="2.761"/>
  <testcase name="test13" classname="com.leslie.StudentsMapperTest" time="0.446"/>
  <testcase name="test1" classname="com.leslie.StudentsMapperTest" time="0.9"/>
  <testcase name="test2" classname="com.leslie.StudentsMapperTest" time="34.595">
    <error message="&#10;### Error updating database.  Cause: com.mysql.cj.jdbc.exceptions.CommunicationsException: Communications link failure&#10;&#10;The last packet successfully received from the server was 19,160 milliseconds ago. The last packet sent successfully to the server was 19,160 milliseconds ago.&#10;### The error may exist in com/leslie/mapper/CityMapper.java (best guess)&#10;### The error may involve com.leslie.mapper.CityMapper.insert-Inline&#10;### The error occurred while setting parameters&#10;### SQL: INSERT INTO L_city  ( city_name, province_id )  VALUES  ( ?, ? )&#10;### Cause: com.mysql.cj.jdbc.exceptions.CommunicationsException: Communications link failure&#10;&#10;The last packet successfully received from the server was 19,160 milliseconds ago. The last packet sent successfully to the server was 19,160 milliseconds ago.&#10;; Communications link failure&#10;&#10;The last packet successfully received from the server was 19,160 milliseconds ago. The last packet sent successfully to the server was 19,160 milliseconds ago.; nested exception is com.mysql.cj.jdbc.exceptions.CommunicationsException: Communications link failure&#10;&#10;The last packet successfully received from the server was 19,160 milliseconds ago. The last packet sent successfully to the server was 19,160 milliseconds ago." type="org.springframework.dao.RecoverableDataAccessException">org.springframework.dao.RecoverableDataAccessException: 

### Error updating database.  Cause: com.mysql.cj.jdbc.exceptions.CommunicationsException: Communications link failure

The last packet successfully received from the server was 19,160 milliseconds ago. The last packet sent successfully to the server was 19,160 milliseconds ago.
### The error may exist in com/leslie/mapper/CityMapper.java (best guess)
### The error may involve com.leslie.mapper.CityMapper.insert-Inline
### The error occurred while setting parameters
### SQL: INSERT INTO L_city  ( city_name, province_id )  VALUES  ( ?, ? )
### Cause: com.mysql.cj.jdbc.exceptions.CommunicationsException: Communications link failure

The last packet successfully received from the server was 19,160 milliseconds ago. The last packet sent successfully to the server was 19,160 milliseconds ago.
; Communications link failure

The last packet successfully received from the server was 19,160 milliseconds ago. The last packet sent successfully to the server was 19,160 milliseconds ago.; nested exception is com.mysql.cj.jdbc.exceptions.CommunicationsException: Communications link failure

The last packet successfully received from the server was 19,160 milliseconds ago. The last packet sent successfully to the server was 19,160 milliseconds ago.
	at com.leslie.StudentsMapperTest.lambda$null$0(StudentsMapperTest.java:74)
	at com.leslie.StudentsMapperTest.lambda$test2$1(StudentsMapperTest.java:72)
	at com.leslie.StudentsMapperTest.test2(StudentsMapperTest.java:67)
Caused by: com.mysql.cj.jdbc.exceptions.CommunicationsException: 
Communications link failure

The last packet successfully received from the server was 19,160 milliseconds ago. The last packet sent successfully to the server was 19,160 milliseconds ago.
	at com.leslie.StudentsMapperTest.lambda$null$0(StudentsMapperTest.java:74)
	at com.leslie.StudentsMapperTest.lambda$test2$1(StudentsMapperTest.java:72)
	at com.leslie.StudentsMapperTest.test2(StudentsMapperTest.java:67)
Caused by: com.mysql.cj.exceptions.CJCommunicationsException: 
Communications link failure

The last packet successfully received from the server was 19,160 milliseconds ago. The last packet sent successfully to the server was 19,160 milliseconds ago.
	at com.leslie.StudentsMapperTest.lambda$null$0(StudentsMapperTest.java:74)
	at com.leslie.StudentsMapperTest.lambda$test2$1(StudentsMapperTest.java:72)
	at com.leslie.StudentsMapperTest.test2(StudentsMapperTest.java:67)
Caused by: java.net.SocketTimeoutException: Read timed out
	at com.leslie.StudentsMapperTest.lambda$null$0(StudentsMapperTest.java:74)
	at com.leslie.StudentsMapperTest.lambda$test2$1(StudentsMapperTest.java:72)
	at com.leslie.StudentsMapperTest.test2(StudentsMapperTest.java:67)
</error>
    <system-out><![CDATA[2021-02-05 13:21:13.128  INFO 19220 --- [           main] com.leslie.utils.RemoteUtils             : execute get request url:https://ncovdata.market.alicloudapi.com/ncov/cityDiseaseInfoWithTrend
[{"totalCured":63637,"totalDeath":4512,"totalIncrease":0,"cityArray":[{"totalCured":46471,"totalDeath":3869,"totalIncrease":0,"childStatistic":"武汉","totalDoubtful":0,"totalConfirmed":50340},{"totalCured":3389,"totalDeath":129,"totalIncrease":0,"childStatistic":"孝感","totalDoubtful":0,"totalConfirmed":3518},{"totalCured":2782,"totalDeath":125,"totalIncrease":0,"childStatistic":"黄冈","totalDoubtful":0,"totalConfirmed":2907},{"totalCured":1528,"totalDeath":52,"totalIncrease":0,"childStatistic":"荆州","totalDoubtful":0,"totalConfirmed":1580},{"totalCured":1335,"totalDeath":59,"totalIncrease":0,"childStatistic":"鄂州","totalDoubtful":0,"totalConfirmed":1394},{"totalCured":1262,"totalDeath":45,"totalIncrease":0,"childStatistic":"随州","totalDoubtful":0,"totalConfirmed":1307},{"totalCured":1135,"totalDeath":40,"totalIncrease":0,"childStatistic":"襄阳","totalDoubtful":0,"totalConfirmed":1175},{"totalCured":976,"totalDeath":39,"totalIncrease":0,"childStatistic":"黄石","totalDoubtful":0,"totalConfirmed":1015},{"totalCured":894,"totalDeath":37,"totalIncrease":0,"childStatistic":"宜昌","totalDoubtful":0,"totalConfirmed":931},{"totalCured":887,"totalDeath":41,"totalIncrease":0,"childStatistic":"荆门","totalDoubtful":0,"totalConfirmed":928},{"totalCured":821,"totalDeath":15,"totalIncrease":0,"childStatistic":"咸宁","totalDoubtful":0,"totalConfirmed":836},{"totalCured":664,"totalDeath":8,"totalIncrease":0,"childStatistic":"十堰","totalDoubtful":0,"totalConfirmed":672},{"totalCured":553,"totalDeath":22,"totalIncrease":0,"childStatistic":"仙桃","totalDoubtful":0,"totalConfirmed":575},{"totalCured":481,"totalDeath":15,"totalIncrease":0,"childStatistic":"天门","totalDoubtful":0,"totalConfirmed":496},{"totalCured":245,"totalDeath":7,"totalIncrease":0,"childStatistic":"恩施","totalDoubtful":0,"totalConfirmed":252},{"totalCured":189,"totalDeath":9,"totalIncrease":0,"childStatistic":"潜江","totalDoubtful":0,"totalConfirmed":198},{"totalCured":14,"totalDeath":0,"totalIncrease":0,"childStatistic":"境外输入","totalDoubtful":0,"totalConfirmed":15},{"totalCured":11,"totalDeath":0,"totalIncrease":0,"childStatistic":"神农架林区","totalDoubtful":0,"totalConfirmed":11}],"childStatistic":"湖北省","totalDoubtful":0,"totalConfirmed":68150},{"totalCured":9684,"totalDeath":186,"totalIncrease":0,"cityArray":[{"totalCured":9684,"totalDeath":186,"totalIncrease":0,"childStatistic":"中国香港","totalDoubtful":0,"totalConfirmed":10552}],"childStatistic":"中国香港","totalDoubtful":0,"totalConfirmed":10552},{"totalCured":2081,"totalDeath":8,"totalIncrease":0,"cityArray":[{"totalCured":944,"totalDeath":1,"totalIncrease":0,"childStatistic":"广州","totalDoubtful":0,"totalConfirmed":974},{"totalCured":483,"totalDeath":3,"totalIncrease":0,"childStatistic":"深圳","totalDoubtful":0,"totalConfirmed":488},{"totalCured":107,"totalDeath":0,"totalIncrease":0,"childStatistic":"佛山","totalDoubtful":0,"totalConfirmed":116},{"totalCured":111,"totalDeath":1,"totalIncrease":0,"childStatistic":"珠海","totalDoubtful":0,"totalConfirmed":112},{"totalCured":100,"totalDeath":1,"totalIncrease":0,"childStatistic":"东莞","totalDoubtful":0,"totalConfirmed":101},{"totalCured":69,"totalDeath":0,"totalIncrease":0,"childStatistic":"中山","totalDoubtful":0,"totalConfirmed":69},{"totalCured":63,"totalDeath":0,"totalIncrease":0,"childStatistic":"惠州","totalDoubtful":0,"totalConfirmed":63},{"totalCured":30,"totalDeath":0,"totalIncrease":0,"childStatistic":"湛江","totalDoubtful":0,"totalConfirmed":30},{"totalCured":25,"totalDeath":0,"totalIncrease":0,"childStatistic":"江门","totalDoubtful":0,"totalConfirmed":28},{"totalCured":26,"totalDeath":0,"totalIncrease":0,"childStatistic":"汕头","totalDoubtful":0,"totalConfirmed":26},{"totalCured":19,"totalDeath":1,"totalIncrease":0,"childStatistic":"肇庆","totalDoubtful":0,"totalConfirmed":25},{"totalCured":17,"totalDeath":0,"totalIncrease":0,"childStatistic":"茂名","totalDoubtful":0,"totalConfirmed":17},{"totalCured":17,"totalDeath":0,"totalIncrease":0,"childStatistic":"梅州","totalDoubtful":0,"totalConfirmed":17},{"totalCured":16,"totalDeath":0,"totalIncrease":0,"childStatistic":"阳江","totalDoubtful":0,"totalConfirmed":16},{"totalCured":13,"totalDeath":0,"totalIncrease":0,"childStatistic":"清远","totalDoubtful":0,"totalConfirmed":13},{"totalCured":11,"totalDeath":0,"totalIncrease":0,"childStatistic":"揭阳","totalDoubtful":0,"totalConfirmed":11},{"totalCured":9,"totalDeath":1,"totalIncrease":0,"childStatistic":"韶关","totalDoubtful":0,"totalConfirmed":10},{"totalCured":7,"totalDeath":0,"totalIncrease":0,"childStatistic":"潮州","totalDoubtful":0,"totalConfirmed":7},{"totalCured":6,"totalDeath":0,"totalIncrease":0,"childStatistic":"汕尾","totalDoubtful":0,"totalConfirmed":6},{"totalCured":5,"totalDeath":0,"totalIncrease":0,"childStatistic":"河源","totalDoubtful":0,"totalConfirmed":5},{"totalCured":3,"totalDeath":0,"totalIncrease":0,"childStatistic":"待确认地区","totalDoubtful":0,"totalConfirmed":0}],"childStatistic":"广东省","totalDoubtful":0,"totalConfirmed":2134},{"totalCured":1590,"totalDeath":7,"totalIncrease":0,"cityArray":[{"totalCured":1248,"totalDeath":0,"totalIncrease":0,"childStatistic":"境外输入","totalDoubtful":0,"totalConfirmed":1353},{"totalCured":112,"totalDeath":1,"totalIncrease":0,"childStatistic":"外地来沪人员","totalDoubtful":0,"totalConfirmed":113},{"totalCured":68,"totalDeath":0,"totalIncrease":0,"childStatistic":"浦东新区","totalDoubtful":0,"totalConfirmed":69},{"totalCured":21,"totalDeath":1,"totalIncrease":0,"childStatistic":"宝山区","totalDoubtful":0,"totalConfirmed":26},{"totalCured":5,"totalDeath":1,"totalIncrease":0,"childStatistic":"黄浦区","totalDoubtful":0,"totalConfirmed":22},{"totalCured":19,"totalDeath":0,"totalIncrease":0,"childStatistic":"闵行区","totalDoubtful":0,"totalConfirmed":19},{"totalCured":17,"totalDeath":1,"totalIncrease":0,"childStatistic":"徐汇区","totalDoubtful":0,"totalConfirmed":18},{"totalCured":15,"totalDeath":1,"totalIncrease":0,"childStatistic":"静安区","totalDoubtful":0,"totalConfirmed":16},{"totalCured":13,"totalDeath":0,"totalIncrease":0,"childStatistic":"长宁区","totalDoubtful":0,"totalConfirmed":14},{"totalCured":14,"totalDeath":0,"totalIncrease":0,"childStatistic":"松江区","totalDoubtful":0,"totalConfirmed":14},{"totalCured":11,"totalDeath":0,"totalIncrease":0,"childStatistic":"普陀区","totalDoubtful":0,"totalConfirmed":11},{"totalCured":7,"totalDeath":2,"totalIncrease":0,"childStatistic":"嘉定区","totalDoubtful":0,"totalConfirmed":9},{"totalCured":9,"totalDeath":0,"totalIncrease":0,"childStatistic":"奉贤区","totalDoubtful":0,"totalConfirmed":9},{"totalCured":9,"totalDeath":0,"totalIncrease":0,"childStatistic":"杨浦区","totalDoubtful":0,"totalConfirmed":9},{"totalCured":7,"totalDeath":0,"totalIncrease":0,"childStatistic":"虹口区","totalDoubtful":0,"totalConfirmed":7},{"totalCured":6,"totalDeath":0,"totalIncrease":0,"childStatistic":"青浦区","totalDoubtful":0,"totalConfirmed":6},{"totalCured":4,"totalDeath":0,"totalIncrease":0,"childStatistic":"金山区","totalDoubtful":0,"totalConfirmed":4},{"totalCured":4,"totalDeath":0,"totalIncrease":0,"childStatistic":"崇明区","totalDoubtful":0,"totalConfirmed":4},{"totalCured":1,"totalDeath":0,"totalIncrease":0,"childStatistic":"境外来沪人员","totalDoubtful":0,"totalConfirmed":1}],"childStatistic":"上海市","totalDoubtful":0,"totalConfirmed":1724},{"totalCured":1152,"totalDeath":13,"totalIncrease":0,"cityArray":[{"totalCured":175,"totalDeath":4,"totalIncrease":0,"childStatistic":"绥化","totalDoubtful":0,"totalConfirmed":533},{"totalCured":262,"totalDeath":4,"totalIncrease":0,"childStatistic":"哈尔滨","totalDoubtful":0,"totalConfirmed":410},{"totalCured":389,"totalDeath":0,"totalIncrease":0,"childStatistic":"境外输入","totalDoubtful":0,"totalConfirmed":389},{"totalCured":49,"totalDeath":3,"totalIncrease":0,"childStatistic":"双鸭山","totalDoubtful":0,"totalConfirmed":52},{"totalCured":46,"totalDeath":0,"totalIncrease":0,"childStatistic":"鸡西","totalDoubtful":0,"totalConfirmed":46},{"totalCured":42,"totalDeath":1,"totalIncrease":0,"childStatistic":"齐齐哈尔","totalDoubtful":0,"totalConfirmed":44},{"totalCured":38,"totalDeath":0,"totalIncrease":0,"childStatistic":"牡丹江","totalDoubtful":0,"totalConfirmed":38},{"totalCured":26,"totalDeath":1,"totalIncrease":0,"childStatistic":"大庆","totalDoubtful":0,"totalConfirmed":29},{"totalCured":24,"totalDeath":0,"totalIncrease":0,"childStatistic":"黑河","totalDoubtful":0,"totalConfirmed":24},{"totalCured":17,"totalDeath":0,"totalIncrease":0,"childStatistic":"七台河","totalDoubtful":0,"totalConfirmed":17},{"totalCured":15,"totalDeath":0,"totalIncrease":0,"childStatistic":"佳木斯","totalDoubtful":0,"totalConfirmed":15},{"totalCured":5,"totalDeath":0,"totalIncrease":0,"childStatistic":"鹤岗","totalDoubtful":0,"totalConfirmed":5},{"totalCured":3,"totalDeath":0,"totalIncrease":0,"childStatistic":"大兴安岭","totalDoubtful":0,"totalConfirmed":3},{"totalCured":1,"totalDeath":0,"totalIncrease":0,"childStatistic":"伊春","totalDoubtful":0,"totalConfirmed":1},{"totalCured":60,"totalDeath":0,"totalIncrease":0,"childStatistic":"待确认地区","totalDoubtful":0,"totalConfirmed":0}],"childStatistic":"黑龙江省","totalDoubtful":0,"totalConfirmed":1606},{"totalCured":1117,"totalDeath":7,"totalIncrease":0,"cityArray":[{"totalCured":682,"totalDeath":1,"totalIncrease":0,"childStatistic":"石家庄","totalDoubtful":0,"totalConfirmed":897},{"totalCured":70,"totalDeath":1,"totalIncrease":0,"childStatistic":"邢台","totalDoubtful":0,"totalConfirmed":94},{"totalCured":57,"totalDeath":1,"totalIncrease":0,"childStatistic":"唐山","totalDoubtful":0,"totalConfirmed":58},{"totalCured":48,"totalDeath":0,"totalIncrease":0,"childStatistic":"保定","totalDoubtful":0,"totalConfirmed":49},{"totalCured":46,"totalDeath":3,"totalIncrease":0,"childStatistic":"沧州","totalDoubtful":0,"totalConfirmed":49},{"totalCured":43,"totalDeath":0,"totalIncrease":0,"childStatistic":"张家口","totalDoubtful":0,"totalConfirmed":43},{"totalCured":36,"totalDeath":0,"totalIncrease":0,"childStatistic":"境外输入","totalDoubtful":0,"totalConfirmed":36},{"totalCured":32,"totalDeath":0,"totalIncrease":0,"childStatistic":"廊坊","totalDoubtful":0,"totalConfirmed":33},{"totalCured":32,"totalDeath":0,"totalIncrease":0,"childStatistic":"邯郸","totalDoubtful":0,"totalConfirmed":32},{"totalCured":9,"totalDeath":1,"totalIncrease":0,"childStatistic":"秦皇岛","totalDoubtful":0,"totalConfirmed":10},{"totalCured":8,"totalDeath":0,"totalIncrease":0,"childStatistic":"衡水","totalDoubtful":0,"totalConfirmed":8},{"totalCured":7,"totalDeath":0,"totalIncrease":0,"childStatistic":"承德","totalDoubtful":0,"totalConfirmed":7},{"totalCured":47,"totalDeath":0,"totalIncrease":0,"childStatistic":"待确认地区","totalDoubtful":0,"totalConfirmed":0}],"childStatistic":"河北省","totalDoubtful":0,"totalConfirmed":1316},{"totalCured":1305,"totalDeath":1,"totalIncrease":0,"cityArray":[{"totalCured":503,"totalDeath":1,"totalIncrease":0,"childStatistic":"温州","totalDoubtful":0,"totalConfirmed":504},{"totalCured":181,"totalDeath":0,"totalIncrease":0,"childStatistic":"杭州","totalDoubtful":0,"totalConfirmed":181},{"totalCured":157,"totalDeath":0,"totalIncrease":0,"childStatistic":"宁波","totalDoubtful":0,"totalConfirmed":157},{"totalCured":147,"totalDeath":0,"totalIncrease":0,"childStatistic":"台州","totalDoubtful":0,"totalConfirmed":147},{"totalCured":87,"totalDeath":0,"totalIncrease":0,"childStatistic":"境外输入","totalDoubtful":0,"totalConfirmed":97},{"totalCured":55,"totalDeath":0,"totalIncrease":0,"childStatistic":"金华","totalDoubtful":0,"totalConfirmed":55},{"totalCured":46,"totalDeath":0,"totalIncrease":0,"childStatistic":"嘉兴","totalDoubtful":0,"totalConfirmed":46},{"totalCured":42,"totalDeath":0,"totalIncrease":0,"childStatistic":"绍兴","totalDoubtful":0,"totalConfirmed":42},{"totalCured":36,"totalDeath":0,"totalIncrease":0,"childStatistic":"省十里丰监狱","totalDoubtful":0,"totalConfirmed":36},{"totalCured":17,"totalDeath":0,"totalIncrease":0,"childStatistic":"丽水","totalDoubtful":0,"totalConfirmed":17},{"totalCured":14,"totalDeath":0,"totalIncrease":0,"childStatistic":"衢州","totalDoubtful":0,"totalConfirmed":14},{"totalCured":10,"totalDeath":0,"totalIncrease":0,"childStatistic":"湖州","totalDoubtful":0,"totalConfirmed":10},{"totalCured":10,"totalDeath":0,"totalIncrease":0,"childStatistic":"舟山","totalDoubtful":0,"totalConfirmed":10}],"childStatistic":"浙江省","totalDoubtful":0,"totalConfirmed":1316},{"totalCured":1280,"totalDeath":22,"totalIncrease":0,"cityArray":[{"totalCured":272,"totalDeath":2,"totalIncrease":0,"childStatistic":"信阳","totalDoubtful":0,"totalConfirmed":274},{"totalCured":152,"totalDeath":5,"totalIncrease":0,"childStatistic":"郑州","totalDoubtful":0,"totalConfirmed":157},{"totalCured":153,"totalDeath":3,"totalIncrease":0,"childStatistic":"南阳","totalDoubtful":0,"totalConfirmed":156},{"totalCured":139,"totalDeath":0,"totalIncrease":0,"childStatistic":"驻马店","totalDoubtful":0,"totalConfirmed":139},{"totalCured":88,"totalDeath":3,"totalIncrease":0,"childStatistic":"商丘","totalDoubtful":0,"totalConfirmed":91},{"totalCured":75,"totalDeath":1,"totalIncrease":0,"childStatistic":"周口","totalDoubtful":0,"totalConfirmed":76},{"totalCured":57,"totalDeath":1,"totalIncrease":0,"childStatistic":"平顶山","totalDoubtful":0,"totalConfirmed":58},{"totalCured":54,"totalDeath":3,"totalIncrease":0,"childStatistic":"新乡","totalDoubtful":0,"totalConfirmed":57},{"totalCured":53,"totalDeath":0,"totalIncrease":0,"childStatistic":"安阳","totalDoubtful":0,"totalConfirmed":53},{"totalCured":38,"totalDeath":1,"totalIncrease":0,"childStatistic":"许昌","totalDoubtful":0,"totalConfirmed":39},{"totalCured":36,"totalDeath":0,"totalIncrease":0,"childStatistic":"漯河","totalDoubtful":0,"totalConfirmed":36},{"totalCured":31,"totalDeath":1,"totalIncrease":0,"childStatistic":"焦作","totalDoubtful":0,"totalConfirmed":32},{"totalCured":30,"totalDeath":1,"totalIncrease":0,"childStatistic":"洛阳","totalDoubtful":0,"totalConfirmed":31},{"totalCured":29,"totalDeath":0,"totalIncrease":0,"childStatistic":"境外输入","totalDoubtful":0,"totalConfirmed":30},{"totalCured":26,"totalDeath":0,"totalIncrease":0,"childStatistic":"开封","totalDoubtful":0,"totalConfirmed":26},{"totalCured":19,"totalDeath":0,"totalIncrease":0,"childStatistic":"鹤壁","totalDoubtful":0,"totalConfirmed":19},{"totalCured":17,"totalDeath":0,"totalIncrease":0,"childStatistic":"濮阳","totalDoubtful":0,"totalConfirmed":17},{"totalCured":6,"totalDeath":1,"totalIncrease":0,"childStatistic":"三门峡","totalDoubtful":0,"totalConfirmed":7},{"totalCured":5,"totalDeath":0,"totalIncrease":0,"childStatistic":"济源示范区","totalDoubtful":0,"totalConfirmed":5}],"childStatistic":"河南省","totalDoubtful":0,"totalConfirmed":1303},{"totalCured":980,"totalDeath":9,"totalIncrease":0,"cityArray":[{"totalCured":3,"totalDeath":0,"totalIncrease":0,"childStatistic":"丰台区","totalDoubtful":0,"totalConfirmed":273},{"totalCured":189,"totalDeath":0,"totalIncrease":0,"childStatistic":"境外输入","totalDoubtful":0,"totalConfirmed":217},{"totalCured":16,"totalDeath":0,"totalIncrease":0,"childStatistic":"大兴区","totalDoubtful":0,"totalConfirmed":134},{"totalCured":0,"totalDeath":0,"totalIncrease":0,"childStatistic":"海淀区","totalDoubtful":0,"totalConfirmed":82},{"totalCured":2,"totalDeath":0,"totalIncrease":0,"childStatistic":"朝阳区","totalDoubtful":0,"totalConfirmed":78},{"totalCured":1,"totalDeath":0,"totalIncrease":0,"childStatistic":"西城区","totalDoubtful":0,"totalConfirmed":59},{"totalCured":10,"totalDeath":0,"totalIncrease":0,"childStatistic":"顺义区","totalDoubtful":0,"totalConfirmed":45},{"totalCured":6,"totalDeath":0,"totalIncrease":0,"childStatistic":"昌平区","totalDoubtful":0,"totalConfirmed":30},{"totalCured":2,"totalDeath":0,"totalIncrease":0,"childStatistic":"来京人士","totalDoubtful":0,"totalConfirmed":25},{"totalCured":0,"totalDeath":0,"totalIncrease":0,"childStatistic":"通州区","totalDoubtful":0,"totalConfirmed":20},{"totalCured":0,"totalDeath":0,"totalIncrease":0,"childStatistic":"房山区","totalDoubtful":0,"totalConfirmed":20},{"totalCured":1,"totalDeath":0,"totalIncrease":0,"childStatistic":"东城区","totalDoubtful":0,"totalConfirmed":19},{"totalCured":0,"totalDeath":0,"totalIncrease":0,"childStatistic":"石景山区","totalDoubtful":0,"totalConfirmed":15},{"totalCured":0,"totalDeath":0,"totalIncrease":0,"childStatistic":"怀柔区","totalDoubtful":0,"totalConfirmed":8},{"totalCured":0,"totalDeath":0,"totalIncrease":0,"childStatistic":"密云区","totalDoubtful":0,"totalConfirmed":7},{"totalCured":750,"totalDeath":9,"totalIncrease":0,"childStatistic":"待确认地区","totalDoubtful":0,"totalConfirmed":6},{"totalCured":0,"totalDeath":0,"totalIncrease":0,"childStatistic":"门头沟区","totalDoubtful":0,"totalConfirmed":5},{"totalCured":0,"totalDeath":0,"totalIncrease":0,"childStatistic":"延庆区","totalDoubtful":0,"totalConfirmed":1}],"childStatistic":"北京市","totalDoubtful":0,"totalConfirmed":1044},{"totalCured":1018,"totalDeath":4,"totalIncrease":0,"cityArray":[{"totalCured":240,"totalDeath":2,"totalIncrease":0,"childStatistic":"长沙","totalDoubtful":0,"totalConfirmed":242},{"totalCured":155,"totalDeath":1,"totalIncrease":0,"childStatistic":"岳阳","totalDoubtful":0,"totalConfirmed":156},{"totalCured":101,"totalDeath":1,"totalIncrease":0,"childStatistic":"邵阳","totalDoubtful":0,"totalConfirmed":102},{"totalCured":82,"totalDeath":0,"totalIncrease":0,"childStatistic":"常德","totalDoubtful":0,"totalConfirmed":82},{"totalCured":80,"totalDeath":0,"totalIncrease":0,"childStatistic":"株洲","totalDoubtful":0,"totalConfirmed":80},{"totalCured":76,"totalDeath":0,"totalIncrease":0,"childStatistic":"娄底","totalDoubtful":0,"totalConfirmed":76},{"totalCured":60,"totalDeath":0,"totalIncrease":0,"childStatistic":"益阳","totalDoubtful":0,"totalConfirmed":60},{"totalCured":48,"totalDeath":0,"totalIncrease":0,"childStatistic":"衡阳","totalDoubtful":0,"totalConfirmed":48},{"totalCured":44,"totalDeath":0,"totalIncrease":0,"childStatistic":"永州","totalDoubtful":0,"totalConfirmed":44},{"totalCured":40,"totalDeath":0,"totalIncrease":0,"childStatistic":"怀化","totalDoubtful":0,"totalConfirmed":40},{"totalCured":39,"totalDeath":0,"totalIncrease":0,"childStatistic":"郴州","totalDoubtful":0,"totalConfirmed":39},{"totalCured":36,"totalDeath":0,"totalIncrease":0,"childStatistic":"湘潭","totalDoubtful":0,"totalConfirmed":36},{"totalCured":4,"totalDeath":0,"totalIncrease":0,"childStatistic":"境外输入","totalDoubtful":0,"totalConfirmed":14},{"totalCured":8,"totalDeath":0,"totalIncrease":0,"childStatistic":"湘西自治州","totalDoubtful":0,"totalConfirmed":8},{"totalCured":5,"totalDeath":0,"totalIncrease":0,"childStatistic":"张家界","totalDoubtful":0,"totalConfirmed":5}],"childStatistic":"湖南省","totalDoubtful":0,"totalConfirmed":1032},{"totalCured":988,"totalDeath":6,"totalIncrease":0,"cityArray":[{"totalCured":173,"totalDeath":1,"totalIncrease":0,"childStatistic":"合肥","totalDoubtful":0,"totalConfirmed":174},{"totalCured":155,"totalDeath":5,"totalIncrease":0,"childStatistic":"蚌埠","totalDoubtful":0,"totalConfirmed":160},{"totalCured":156,"totalDeath":0,"totalIncrease":0,"childStatistic":"阜阳","totalDoubtful":0,"totalConfirmed":156},{"totalCured":108,"totalDeath":0,"totalIncrease":0,"childStatistic":"亳州","totalDoubtful":0,"totalConfirmed":108},{"totalCured":83,"totalDeath":0,"totalIncrease":0,"childStatistic":"安庆","totalDoubtful":0,"totalConfirmed":83},{"totalCured":69,"totalDeath":0,"totalIncrease":0,"childStatistic":"六安","totalDoubtful":0,"totalConfirmed":69},{"totalCured":41,"totalDeath":0,"totalIncrease":0,"childStatistic":"宿州","totalDoubtful":0,"totalConfirmed":41},{"totalCured":38,"totalDeath":0,"totalIncrease":0,"childStatistic":"马鞍山","totalDoubtful":0,"totalConfirmed":38},{"totalCured":34,"totalDeath":0,"totalIncrease":0,"childStatistic":"芜湖","totalDoubtful":0,"totalConfirmed":34},{"totalCured":29,"totalDeath":0,"totalIncrease":0,"childStatistic":"铜陵","totalDoubtful":0,"totalConfirmed":29},{"totalCured":27,"totalDeath":0,"totalIncrease":0,"childStatistic":"淮南","totalDoubtful":0,"totalConfirmed":27},{"totalCured":27,"totalDeath":0,"totalIncrease":0,"childStatistic":"淮北","totalDoubtful":0,"totalConfirmed":27},{"totalCured":17,"totalDeath":0,"totalIncrease":0,"childStatistic":"池州","totalDoubtful":0,"totalConfirmed":17},{"totalCured":13,"totalDeath":0,"totalIncrease":0,"childStatistic":"滁州","totalDoubtful":0,"totalConfirmed":13},{"totalCured":9,"totalDeath":0,"totalIncrease":0,"childStatistic":"黄山","totalDoubtful":0,"totalConfirmed":9},{"totalCured":6,"totalDeath":0,"totalIncrease":0,"childStatistic":"宣城","totalDoubtful":0,"totalConfirmed":6},{"totalCured":3,"totalDeath":0,"totalIncrease":0,"childStatistic":"境外输入","totalDoubtful":0,"totalConfirmed":3}],"childStatistic":"安徽省","totalDoubtful":0,"totalConfirmed":994},{"totalCured":977,"totalDeath":3,"totalIncrease":0,"cityArray":[{"totalCured":845,"totalDeath":0,"totalIncrease":0,"childStatistic":"乌鲁木齐","totalDoubtful":0,"totalConfirmed":845},{"totalCured":80,"totalDeath":0,"totalIncrease":0,"childStatistic":"喀什地区","totalDoubtful":0,"totalConfirmed":80},{"totalCured":18,"totalDeath":0,"totalIncrease":0,"childStatistic":"伊犁州","totalDoubtful":0,"totalConfirmed":18},{"totalCured":9,"totalDeath":1,"totalIncrease":0,"childStatistic":"兵团第四师","totalDoubtful":0,"totalConfirmed":10},{"totalCured":5,"totalDeath":0,"totalIncrease":0,"childStatistic":"昌吉州","totalDoubtful":0,"totalConfirmed":5},{"totalCured":3,"totalDeath":1,"totalIncrease":0,"childStatistic":"兵团第九师","totalDoubtful":0,"totalConfirmed":4},{"totalCured":3,"totalDeath":1,"totalIncrease":0,"childStatistic":"兵团第八师石河子","totalDoubtful":0,"totalConfirmed":4},{"totalCured":3,"totalDeath":0,"totalIncrease":0,"childStatistic":"吐鲁番","totalDoubtful":0,"totalConfirmed":3},{"totalCured":3,"totalDeath":0,"totalIncrease":0,"childStatistic":"巴州","totalDoubtful":0,"totalConfirmed":3},{"totalCured":3,"totalDeath":0,"totalIncrease":0,"childStatistic":"兵团第十二师","totalDoubtful":0,"totalConfirmed":3},{"totalCured":2,"totalDeath":0,"totalIncrease":0,"childStatistic":"兵团第六师五家渠","totalDoubtful":0,"totalConfirmed":2},{"totalCured":1,"totalDeath":0,"totalIncrease":0,"childStatistic":"待确认地区","totalDoubtful":0,"totalConfirmed":1},{"totalCured":1,"totalDeath":0,"totalIncrease":0,"childStatistic":"兵团第七师","totalDoubtful":0,"totalConfirmed":1},{"totalCured":1,"totalDeath":0,"totalIncrease":0,"childStatistic":"阿克苏地区","totalDoubtful":0,"totalConfirmed":1}],"childStatistic":"新疆维吾尔自治区","totalDoubtful":0,"totalConfirmed":980},{"totalCured":934,"totalDeath":1,"totalIncrease":0,"cityArray":[{"totalCured":230,"totalDeath":0,"totalIncrease":0,"childStatistic":"南昌","totalDoubtful":0,"totalConfirmed":230},{"totalCured":129,"totalDeath":0,"totalIncrease":0,"childStatistic":"新余","totalDoubtful":0,"totalConfirmed":129},{"totalCured":123,"totalDeath":0,"totalIncrease":0,"childStatistic":"上饶","totalDoubtful":0,"totalConfirmed":123},{"totalCured":116,"totalDeath":0,"totalIncrease":0,"childStatistic":"九江","totalDoubtful":0,"totalConfirmed":116},{"totalCured":106,"totalDeath":0,"totalIncrease":0,"childStatistic":"宜春","totalDoubtful":0,"totalConfirmed":106},{"totalCured":73,"totalDeath":1,"totalIncrease":0,"childStatistic":"赣州","totalDoubtful":0,"totalConfirmed":74},{"totalCured":72,"totalDeath":0,"totalIncrease":0,"childStatistic":"抚州","totalDoubtful":0,"totalConfirmed":72},{"totalCured":33,"totalDeath":0,"totalIncrease":0,"childStatistic":"萍乡","totalDoubtful":0,"totalConfirmed":33},{"totalCured":22,"totalDeath":0,"totalIncrease":0,"childStatistic":"吉安","totalDoubtful":0,"totalConfirmed":22},{"totalCured":18,"totalDeath":0,"totalIncrease":0,"childStatistic":"鹰潭","totalDoubtful":0,"totalConfirmed":18},{"totalCured":6,"totalDeath":0,"totalIncrease":0,"childStatistic":"景德镇","totalDoubtful":0,"totalConfirmed":6},{"totalCured":5,"totalDeath":0,"totalIncrease":0,"childStatistic":"境外输入","totalDoubtful":0,"totalConfirmed":5},{"totalCured":1,"totalDeath":0,"totalIncrease":0,"childStatistic":"赣江新区","totalDoubtful":0,"totalConfirmed":1}],"childStatistic":"江西省","totalDoubtful":0,"totalConfirmed":935},{"totalCured":839,"totalDeath":9,"totalIncrease":0,"cityArray":[{"totalCured":839,"totalDeath":9,"totalIncrease":0,"childStatistic":"中国台湾","totalDoubtful":0,"totalConfirmed":919}],"childStatistic":"中国台湾","totalDoubtful":0,"totalConfirmed":919},{"totalCured":857,"totalDeath":3,"totalIncrease":0,"cityArray":[{"totalCured":460,"totalDeath":3,"totalIncrease":0,"childStatistic":"成都","totalDoubtful":0,"totalConfirmed":476},{"totalCured":78,"totalDeath":0,"totalIncrease":0,"childStatistic":"甘孜州","totalDoubtful":0,"totalConfirmed":78},{"totalCured":42,"totalDeath":0,"totalIncrease":0,"childStatistic":"达州","totalDoubtful":0,"totalConfirmed":42},{"totalCured":39,"totalDeath":0,"totalIncrease":0,"childStatistic":"南充","totalDoubtful":0,"totalConfirmed":39},{"totalCured":30,"totalDeath":0,"totalIncrease":0,"childStatistic":"广安","totalDoubtful":0,"totalConfirmed":30},{"totalCured":24,"totalDeath":0,"totalIncrease":0,"childStatistic":"巴中","totalDoubtful":0,"totalConfirmed":24},{"totalCured":24,"totalDeath":0,"totalIncrease":0,"childStatistic":"泸州","totalDoubtful":0,"totalConfirmed":24},{"totalCured":22,"totalDeath":0,"totalIncrease":0,"childStatistic":"绵阳","totalDoubtful":0,"totalConfirmed":22},{"totalCured":22,"totalDeath":0,"totalIncrease":0,"childStatistic":"内江","totalDoubtful":0,"totalConfirmed":22},{"totalCured":18,"totalDeath":0,"totalIncrease":0,"childStatistic":"德阳","totalDoubtful":0,"totalConfirmed":18},{"totalCured":17,"totalDeath":0,"totalIncrease":0,"childStatistic":"遂宁","totalDoubtful":0,"totalConfirmed":17},{"totalCured":16,"totalDeath":0,"totalIncrease":0,"childStatistic":"攀枝花","totalDoubtful":0,"totalConfirmed":16},{"totalCured":14,"totalDeath":0,"totalIncrease":0,"childStatistic":"凉山州","totalDoubtful":0,"totalConfirmed":14},{"totalCured":12,"totalDeath":0,"totalIncrease":0,"childStatistic":"宜宾","totalDoubtful":0,"totalConfirmed":12},{"totalCured":9,"totalDeath":0,"totalIncrease":0,"childStatistic":"自贡","totalDoubtful":0,"totalConfirmed":9},{"totalCured":8,"totalDeath":0,"totalIncrease":0,"childStatistic":"雅安","totalDoubtful":0,"totalConfirmed":8},{"totalCured":8,"totalDeath":0,"totalIncrease":0,"childStatistic":"眉山","totalDoubtful":0,"totalConfirmed":8},{"totalCured":6,"totalDeath":0,"totalIncrease":0,"childStatistic":"广元","totalDoubtful":0,"totalConfirmed":6},{"totalCured":4,"totalDeath":0,"totalIncrease":0,"childStatistic":"资阳","totalDoubtful":0,"totalConfirmed":4},{"totalCured":3,"totalDeath":0,"totalIncrease":0,"childStatistic":"乐山","totalDoubtful":0,"totalConfirmed":3},{"totalCured":1,"totalDeath":0,"totalIncrease":0,"childStatistic":"阿坝州","totalDoubtful":0,"totalConfirmed":1}],"childStatistic":"四川省","totalDoubtful":0,"totalConfirmed":873},{"totalCured":857,"totalDeath":7,"totalIncrease":0,"cityArray":[{"totalCured":260,"totalDeath":0,"totalIncrease":0,"childStatistic":"济宁","totalDoubtful":0,"totalConfirmed":260},{"totalCured":87,"totalDeath":0,"totalIncrease":0,"childStatistic":"境外输入","totalDoubtful":0,"totalConfirmed":88},{"totalCured":78,"totalDeath":1,"totalIncrease":0,"childStatistic":"青岛","totalDoubtful":0,"totalConfirmed":80},{"totalCured":49,"totalDeath":0,"totalIncrease":0,"childStatistic":"临沂","totalDoubtful":0,"totalConfirmed":49},{"totalCured":47,"totalDeath":0,"totalIncrease":0,"childStatistic":"济南","totalDoubtful":0,"totalConfirmed":47},{"totalCured":47,"totalDeath":0,"totalIncrease":0,"childStatistic":"烟台","totalDoubtful":0,"totalConfirmed":47},{"totalCured":44,"totalDeath":0,"totalIncrease":0,"childStatistic":"潍坊","totalDoubtful":0,"totalConfirmed":44},{"totalCured":37,"totalDeath":1,"totalIncrease":0,"childStatistic":"威海","totalDoubtful":0,"totalConfirmed":38},{"totalCured":38,"totalDeath":0,"totalIncrease":0,"childStatistic":"聊城","totalDoubtful":0,"totalConfirmed":38},{"totalCured":35,"totalDeath":2,"totalIncrease":0,"childStatistic":"德州","totalDoubtful":0,"totalConfirmed":37},{"totalCured":33,"totalDeath":2,"totalIncrease":0,"childStatistic":"泰安","totalDoubtful":0,"totalConfirmed":35},{"totalCured":29,"totalDeath":1,"totalIncrease":0,"childStatistic":"淄博","totalDoubtful":0,"totalConfirmed":30},{"totalCured":24,"totalDeath":0,"totalIncrease":0,"childStatistic":"枣庄","totalDoubtful":0,"totalConfirmed":24},{"totalCured":18,"totalDeath":0,"totalIncrease":0,"childStatistic":"菏泽","totalDoubtful":0,"totalConfirmed":18},{"totalCured":16,"totalDeath":0,"totalIncrease":0,"childStatistic":"日照","totalDoubtful":0,"totalConfirmed":16},{"totalCured":15,"totalDeath":0,"totalIncrease":0,"childStatistic":"滨州","totalDoubtful":0,"totalConfirmed":15}],"childStatistic":"山东省","totalDoubtful":0,"totalConfirmed":866},{"totalCured":687,"totalDeath":0,"totalIncrease":0,"cityArray":[{"totalCured":93,"totalDeath":0,"totalIncrease":0,"childStatistic":"南京","totalDoubtful":0,"totalConfirmed":93},{"totalCured":87,"totalDeath":0,"totalIncrease":0,"childStatistic":"苏州","totalDoubtful":0,"totalConfirmed":87},{"totalCured":79,"totalDeath":0,"totalIncrease":0,"childStatistic":"徐州","totalDoubtful":0,"totalConfirmed":79},{"totalCured":56,"totalDeath":0,"totalIncrease":0,"childStatistic":"境外输入","totalDoubtful":0,"totalConfirmed":68},{"totalCured":66,"totalDeath":0,"totalIncrease":0,"childStatistic":"淮安","totalDoubtful":0,"totalConfirmed":66},{"totalCured":55,"totalDeath":0,"totalIncrease":0,"childStatistic":"无锡","totalDoubtful":0,"totalConfirmed":55},{"totalCured":51,"totalDeath":0,"totalIncrease":0,"childStatistic":"常州","totalDoubtful":0,"totalConfirmed":51},{"totalCured":48,"totalDeath":0,"totalIncrease":0,"childStatistic":"连云港","totalDoubtful":0,"totalConfirmed":48},{"totalCured":40,"totalDeath":0,"totalIncrease":0,"childStatistic":"南通","totalDoubtful":0,"totalConfirmed":40},{"totalCured":37,"totalDeath":0,"totalIncrease":0,"childStatistic":"泰州","totalDoubtful":0,"totalConfirmed":37},{"totalCured":27,"totalDeath":0,"totalIncrease":0,"childStatistic":"盐城","totalDoubtful":0,"totalConfirmed":27},{"totalCured":23,"totalDeath":0,"totalIncrease":0,"childStatistic":"扬州","totalDoubtful":0,"totalConfirmed":23},{"totalCured":13,"totalDeath":0,"totalIncrease":0,"childStatistic":"宿迁","totalDoubtful":0,"totalConfirmed":13},{"totalCured":12,"totalDeath":0,"totalIncrease":0,"childStatistic":"镇江","totalDoubtful":0,"totalConfirmed":12}],"childStatistic":"江苏省","totalDoubtful":0,"totalConfirmed":699},{"totalCured":585,"totalDeath":6,"totalIncrease":0,"cityArray":[{"totalCured":114,"totalDeath":4,"totalIncrease":0,"childStatistic":"万州区","totalDoubtful":0,"totalConfirmed":118},{"totalCured":28,"totalDeath":0,"totalIncrease":0,"childStatistic":"江北区","totalDoubtful":0,"totalConfirmed":28},{"totalCured":25,"totalDeath":0,"totalIncrease":0,"childStatistic":"云阳县","totalDoubtful":0,"totalConfirmed":25},{"totalCured":23,"totalDeath":0,"totalIncrease":0,"childStatistic":"綦江区","totalDoubtful":0,"totalConfirmed":23},{"totalCured":23,"totalDeath":0,"totalIncrease":0,"childStatistic":"合川区","totalDoubtful":0,"totalConfirmed":23},{"totalCured":22,"totalDeath":0,"totalIncrease":0,"childStatistic":"长寿区","totalDoubtful":0,"totalConfirmed":22},{"totalCured":22,"totalDeath":0,"totalIncrease":0,"childStatistic":"奉节县","totalDoubtful":0,"totalConfirmed":22},{"totalCured":20,"totalDeath":1,"totalIncrease":0,"childStatistic":"九龙坡区","totalDoubtful":0,"totalConfirmed":21},{"totalCured":21,"totalDeath":0,"totalIncrease":0,"childStatistic":"忠县","totalDoubtful":0,"totalConfirmed":21},{"totalCured":20,"totalDeath":1,"totalIncrease":0,"childStatistic":"开州区","totalDoubtful":0,"totalConfirmed":21},{"totalCured":20,"totalDeath":0,"totalIncrease":0,"childStatistic":"垫江县","totalDoubtful":0,"totalConfirmed":20},{"totalCured":20,"totalDeath":0,"totalIncrease":0,"childStatistic":"渝中区","totalDoubtful":0,"totalConfirmed":20},{"totalCured":18,"totalDeath":0,"totalIncrease":0,"childStatistic":"潼南区","totalDoubtful":0,"totalConfirmed":18},{"totalCured":17,"totalDeath":0,"totalIncrease":0,"childStatistic":"两江新区","totalDoubtful":0,"totalConfirmed":17},{"totalCured":17,"totalDeath":0,"totalIncrease":0,"childStatistic":"渝北区","totalDoubtful":0,"totalConfirmed":17},{"totalCured":15,"totalDeath":0,"totalIncrease":0,"childStatistic":"境外输入","totalDoubtful":0,"totalConfirmed":15},{"totalCured":15,"totalDeath":0,"totalIncrease":0,"childStatistic":"南岸区","totalDoubtful":0,"totalConfirmed":15},{"totalCured":15,"totalDeath":0,"totalIncrease":0,"childStatistic":"石柱县","totalDoubtful":0,"totalConfirmed":15},{"totalCured":14,"totalDeath":0,"totalIncrease":0,"childStatistic":"大足区","totalDoubtful":0,"totalConfirmed":14},{"totalCured":14,"totalDeath":0,"totalIncrease":0,"childStatistic":"巫溪县","totalDoubtful":0,"totalConfirmed":14},{"totalCured":10,"totalDeath":0,"totalIncrease":0,"childStatistic":"铜梁区","totalDoubtful":0,"totalConfirmed":10},{"totalCured":10,"totalDeath":0,"totalIncrease":0,"childStatistic":"丰都县","totalDoubtful":0,"totalConfirmed":10},{"totalCured":10,"totalDeath":0,"totalIncrease":0,"childStatistic":"巫山县","totalDoubtful":0,"totalConfirmed":10},{"totalCured":9,"totalDeath":0,"totalIncrease":0,"childStatistic":"荣昌区","totalDoubtful":0,"totalConfirmed":9},{"totalCured":9,"totalDeath":0,"totalIncrease":0,"childStatistic":"沙坪坝区","totalDoubtful":0,"totalConfirmed":9},{"totalCured":9,"totalDeath":0,"totalIncrease":0,"childStatistic":"璧山区","totalDoubtful":0,"totalConfirmed":9},{"totalCured":7,"totalDeath":0,"totalIncrease":0,"childStatistic":"大渡口区","totalDoubtful":0,"totalConfirmed":7},{"totalCured":6,"totalDeath":0,"totalIncrease":0,"childStatistic":"巴南区","totalDoubtful":0,"totalConfirmed":6},{"totalCured":5,"totalDeath":0,"totalIncrease":0,"childStatistic":"涪陵区","totalDoubtful":0,"totalConfirmed":5},{"totalCured":5,"totalDeath":0,"totalIncrease":0,"childStatistic":"永川区","totalDoubtful":0,"totalConfirmed":5},{"totalCured":4,"totalDeath":0,"totalIncrease":0,"childStatistic":"梁平区","totalDoubtful":0,"totalConfirmed":4},{"totalCured":4,"totalDeath":0,"totalIncrease":0,"childStatistic":"江津区","totalDoubtful":0,"totalConfirmed":4},{"totalCured":4,"totalDeath":0,"totalIncrease":0,"childStatistic":"高新区","totalDoubtful":0,"totalConfirmed":4},{"totalCured":2,"totalDeath":0,"totalIncrease":0,"childStatistic":"彭水县","totalDoubtful":0,"totalConfirmed":2},{"totalCured":2,"totalDeath":0,"totalIncrease":0,"childStatistic":"城口县","totalDoubtful":0,"totalConfirmed":2},{"totalCured":2,"totalDeath":0,"totalIncrease":0,"childStatistic":"黔江区","totalDoubtful":0,"totalConfirmed":2},{"totalCured":1,"totalDeath":0,"totalIncrease":0,"childStatistic":"万盛经开区","totalDoubtful":0,"totalConfirmed":1},{"totalCured":1,"totalDeath":0,"totalIncrease":0,"childStatistic":"酉阳县","totalDoubtful":0,"totalConfirmed":1},{"totalCured":1,"totalDeath":0,"totalIncrease":0,"childStatistic":"武隆区","totalDoubtful":0,"totalConfirmed":1},{"totalCured":1,"totalDeath":0,"totalIncrease":0,"childStatistic":"秀山县","totalDoubtful":0,"totalConfirmed":1}],"childStatistic":"重庆市","totalDoubtful":0,"totalConfirmed":591},{"totalCured":268,"totalDeath":3,"totalIncrease":0,"cityArray":[{"totalCured":114,"totalDeath":1,"totalIncrease":0,"childStatistic":"通化","totalDoubtful":0,"totalConfirmed":311},{"totalCured":50,"totalDeath":0,"totalIncrease":0,"childStatistic":"长春","totalDoubtful":0,"totalConfirmed":150},{"totalCured":47,"totalDeath":1,"totalIncrease":0,"childStatistic":"吉林","totalDoubtful":0,"totalConfirmed":48},{"totalCured":19,"totalDeath":0,"totalIncrease":0,"childStatistic":"境外输入","totalDoubtful":0,"totalConfirmed":19},{"totalCured":16,"totalDeath":1,"totalIncrease":0,"childStatistic":"四平","totalDoubtful":0,"totalConfirmed":17},{"totalCured":7,"totalDeath":0,"totalIncrease":0,"childStatistic":"辽源","totalDoubtful":0,"totalConfirmed":7},{"totalCured":2,"totalDeath":0,"totalIncrease":0,"childStatistic":"松原","totalDoubtful":0,"totalConfirmed":6},{"totalCured":6,"totalDeath":0,"totalIncrease":0,"childStatistic":"公主岭","totalDoubtful":0,"totalConfirmed":6},{"totalCured":5,"totalDeath":0,"totalIncrease":0,"childStatistic":"延边州","totalDoubtful":0,"totalConfirmed":5},{"totalCured":1,"totalDeath":0,"totalIncrease":0,"childStatistic":"梅河口","totalDoubtful":0,"totalConfirmed":1},{"totalCured":1,"totalDeath":0,"totalIncrease":0,"childStatistic":"白城","totalDoubtful":0,"totalConfirmed":1}],"childStatistic":"吉林省","totalDoubtful":0,"totalConfirmed":571},{"totalCured":527,"totalDeath":1,"totalIncrease":0,"cityArray":[{"totalCured":232,"totalDeath":0,"totalIncrease":0,"childStatistic":"境外输入","totalDoubtful":0,"totalConfirmed":249},{"totalCured":71,"totalDeath":1,"totalIncrease":0,"childStatistic":"福州","totalDoubtful":0,"totalConfirmed":72},{"totalCured":56,"totalDeath":0,"totalIncrease":0,"childStatistic":"莆田","totalDoubtful":0,"totalConfirmed":56},{"totalCured":47,"totalDeath":0,"totalIncrease":0,"childStatistic":"泉州","totalDoubtful":0,"totalConfirmed":47},{"totalCured":35,"totalDeath":0,"totalIncrease":0,"childStatistic":"厦门","totalDoubtful":0,"totalConfirmed":35},{"totalCured":26,"totalDeath":0,"totalIncrease":0,"childStatistic":"宁德","totalDoubtful":0,"totalConfirmed":26},{"totalCured":20,"totalDeath":0,"totalIncrease":0,"childStatistic":"漳州","totalDoubtful":0,"totalConfirmed":20},{"totalCured":20,"totalDeath":0,"totalIncrease":0,"childStatistic":"南平","totalDoubtful":0,"totalConfirmed":20},{"totalCured":14,"totalDeath":0,"totalIncrease":0,"childStatistic":"三明","totalDoubtful":0,"totalConfirmed":14},{"totalCured":6,"totalDeath":0,"totalIncrease":0,"childStatistic":"龙岩","totalDoubtful":0,"totalConfirmed":6}],"childStatistic":"福建省","totalDoubtful":0,"totalConfirmed":545},{"totalCured":516,"totalDeath":3,"totalIncrease":0,"cityArray":[{"totalCured":274,"totalDeath":0,"totalIncrease":0,"childStatistic":"境外输入","totalDoubtful":0,"totalConfirmed":294},{"totalCured":117,"totalDeath":3,"totalIncrease":0,"childStatistic":"西安","totalDoubtful":0,"totalConfirmed":120},{"totalCured":26,"totalDeath":0,"totalIncrease":0,"childStatistic":"汉中","totalDoubtful":0,"totalConfirmed":26},{"totalCured":26,"totalDeath":0,"totalIncrease":0,"childStatistic":"安康","totalDoubtful":0,"totalConfirmed":26},{"totalCured":15,"totalDeath":0,"totalIncrease":0,"childStatistic":"渭南","totalDoubtful":0,"totalConfirmed":17},{"totalCured":17,"totalDeath":0,"totalIncrease":0,"childStatistic":"咸阳","totalDoubtful":0,"totalConfirmed":17},{"totalCured":13,"totalDeath":0,"totalIncrease":0,"childStatistic":"宝鸡","totalDoubtful":0,"totalConfirmed":13},{"totalCured":8,"totalDeath":0,"totalIncrease":0,"childStatistic":"铜川","totalDoubtful":0,"totalConfirmed":8},{"totalCured":8,"totalDeath":0,"totalIncrease":0,"childStatistic":"延安","totalDoubtful":0,"totalConfirmed":8},{"totalCured":7,"totalDeath":0,"totalIncrease":0,"childStatistic":"商洛","totalDoubtful":0,"totalConfirmed":7},{"totalCured":3,"totalDeath":0,"totalIncrease":0,"childStatistic":"榆林","totalDoubtful":0,"totalConfirmed":3},{"totalCured":1,"totalDeath":0,"totalIncrease":0,"childStatistic":"韩城","totalDoubtful":0,"totalConfirmed":1},{"totalCured":1,"totalDeath":0,"totalIncrease":0,"childStatistic":"杨凌示范区","totalDoubtful":0,"totalConfirmed":1}],"childStatistic":"陕西省","totalDoubtful":0,"totalConfirmed":541},{"totalCured":388,"totalDeath":2,"totalIncrease":0,"cityArray":[{"totalCured":161,"totalDeath":0,"totalIncrease":0,"childStatistic":"大连","totalDoubtful":0,"totalConfirmed":161},{"totalCured":79,"totalDeath":0,"totalIncrease":0,"childStatistic":"境外输入","totalDoubtful":0,"totalConfirmed":91},{"totalCured":70,"totalDeath":0,"totalIncrease":0,"childStatistic":"沈阳","totalDoubtful":0,"totalConfirmed":70},{"totalCured":11,"totalDeath":1,"totalIncrease":0,"childStatistic":"葫芦岛","totalDoubtful":0,"totalConfirmed":12},{"totalCured":12,"totalDeath":0,"totalIncrease":0,"childStatistic":"锦州","totalDoubtful":0,"totalConfirmed":12},{"totalCured":11,"totalDeath":0,"totalIncrease":0,"childStatistic":"丹东","totalDoubtful":0,"totalConfirmed":11},{"totalCured":11,"totalDeath":0,"totalIncrease":0,"childStatistic":"盘锦","totalDoubtful":0,"totalConfirmed":11},{"totalCured":8,"totalDeath":0,"totalIncrease":0,"childStatistic":"铁岭","totalDoubtful":0,"totalConfirmed":8},{"totalCured":8,"totalDeath":0,"totalIncrease":0,"childStatistic":"阜新","totalDoubtful":0,"totalConfirmed":8},{"totalCured":5,"totalDeath":1,"totalIncrease":0,"childStatistic":"朝阳","totalDoubtful":0,"totalConfirmed":6},{"totalCured":4,"totalDeath":0,"totalIncrease":0,"childStatistic":"鞍山","totalDoubtful":0,"totalConfirmed":4},{"totalCured":3,"totalDeath":0,"totalIncrease":0,"childStatistic":"本溪","totalDoubtful":0,"totalConfirmed":3},{"totalCured":3,"totalDeath":0,"totalIncrease":0,"childStatistic":"辽阳","totalDoubtful":0,"totalConfirmed":3},{"totalCured":1,"totalDeath":0,"totalIncrease":0,"childStatistic":"抚顺","totalDoubtful":0,"totalConfirmed":1},{"totalCured":1,"totalDeath":0,"totalIncrease":0,"childStatistic":"营口","totalDoubtful":0,"totalConfirmed":1}],"childStatistic":"辽宁省","totalDoubtful":0,"totalConfirmed":402},{"totalCured":353,"totalDeath":1,"totalIncrease":0,"cityArray":[{"totalCured":249,"totalDeath":0,"totalIncrease":0,"childStatistic":"境外输入","totalDoubtful":0,"totalConfirmed":261},{"totalCured":37,"totalDeath":0,"totalIncrease":0,"childStatistic":"呼伦贝尔","totalDoubtful":0,"totalConfirmed":37},{"totalCured":11,"totalDeath":0,"totalIncrease":0,"childStatistic":"包头","totalDoubtful":0,"totalConfirmed":11},{"totalCured":11,"totalDeath":0,"totalIncrease":0,"childStatistic":"鄂尔多斯","totalDoubtful":0,"totalConfirmed":11},{"totalCured":9,"totalDeath":0,"totalIncrease":0,"childStatistic":"锡林郭勒盟","totalDoubtful":0,"totalConfirmed":9},{"totalCured":9,"totalDeath":0,"totalIncrease":0,"childStatistic":"赤峰","totalDoubtful":0,"totalConfirmed":9},{"totalCured":7,"totalDeath":1,"totalIncrease":0,"childStatistic":"巴彦淖尔","totalDoubtful":0,"totalConfirmed":8},{"totalCured":7,"totalDeath":0,"totalIncrease":0,"childStatistic":"呼和浩特","totalDoubtful":0,"totalConfirmed":7},{"totalCured":7,"totalDeath":0,"totalIncrease":0,"childStatistic":"通辽","totalDoubtful":0,"totalConfirmed":7},{"totalCured":3,"totalDeath":0,"totalIncrease":0,"childStatistic":"乌兰察布","totalDoubtful":0,"totalConfirmed":3},{"totalCured":2,"totalDeath":0,"totalIncrease":0,"childStatistic":"乌海","totalDoubtful":0,"totalConfirmed":2},{"totalCured":1,"totalDeath":0,"totalIncrease":0,"childStatistic":"兴安盟","totalDoubtful":0,"totalConfirmed":1}],"childStatistic":"内蒙古自治区","totalDoubtful":0,"totalConfirmed":366},{"totalCured":324,"totalDeath":3,"totalIncrease":0,"cityArray":[{"totalCured":180,"totalDeath":0,"totalIncrease":0,"childStatistic":"境外输入","totalDoubtful":0,"totalConfirmed":198},{"totalCured":58,"totalDeath":2,"totalIncrease":0,"childStatistic":"宝坻区","totalDoubtful":0,"totalConfirmed":60},{"totalCured":14,"totalDeath":1,"totalIncrease":0,"childStatistic":"河东区","totalDoubtful":0,"totalConfirmed":15},{"totalCured":13,"totalDeath":0,"totalIncrease":0,"childStatistic":"滨海新区","totalDoubtful":0,"totalConfirmed":13},{"totalCured":12,"totalDeath":0,"totalIncrease":0,"childStatistic":"河北区","totalDoubtful":0,"totalConfirmed":12},{"totalCured":7,"totalDeath":0,"totalIncrease":0,"childStatistic":"北辰区","totalDoubtful":0,"totalConfirmed":7},{"totalCured":6,"totalDeath":0,"totalIncrease":0,"childStatistic":"南开区","totalDoubtful":0,"totalConfirmed":6},{"totalCured":6,"totalDeath":0,"totalIncrease":0,"childStatistic":"和平区","totalDoubtful":0,"totalConfirmed":6},{"totalCured":6,"totalDeath":0,"totalIncrease":0,"childStatistic":"外地来津人员","totalDoubtful":0,"totalConfirmed":6},{"totalCured":4,"totalDeath":0,"totalIncrease":0,"childStatistic":"宁河区","totalDoubtful":0,"totalConfirmed":4},{"totalCured":4,"totalDeath":0,"totalIncrease":0,"childStatistic":"西青区","totalDoubtful":0,"totalConfirmed":4},{"totalCured":4,"totalDeath":0,"totalIncrease":0,"childStatistic":"东丽区","totalDoubtful":0,"totalConfirmed":4},{"totalCured":4,"totalDeath":0,"totalIncrease":0,"childStatistic":"河西区","totalDoubtful":0,"totalConfirmed":4},{"totalCured":2,"totalDeath":0,"totalIncrease":0,"childStatistic":"津南区","totalDoubtful":0,"totalConfirmed":2},{"totalCured":2,"totalDeath":0,"totalIncrease":0,"childStatistic":"武清区","totalDoubtful":0,"totalConfirmed":2},{"totalCured":2,"totalDeath":0,"totalIncrease":0,"childStatistic":"红桥区","totalDoubtful":0,"totalConfirmed":2}],"childStatistic":"天津市","totalDoubtful":0,"totalConfirmed":345},{"totalCured":263,"totalDeath":2,"totalIncrease":0,"cityArray":[{"totalCured":55,"totalDeath":0,"totalIncrease":0,"childStatistic":"南宁","totalDoubtful":0,"totalConfirmed":56},{"totalCured":43,"totalDeath":1,"totalIncrease":0,"childStatistic":"北海","totalDoubtful":0,"totalConfirmed":44},{"totalCured":32,"totalDeath":0,"totalIncrease":0,"childStatistic":"桂林","totalDoubtful":0,"totalConfirmed":32},{"totalCured":27,"totalDeath":1,"totalIncrease":0,"childStatistic":"河池","totalDoubtful":0,"totalConfirmed":28},{"totalCured":24,"totalDeath":0,"totalIncrease":0,"childStatistic":"柳州","totalDoubtful":0,"totalConfirmed":24},{"totalCured":19,"totalDeath":0,"totalIncrease":0,"childStatistic":"防城港","totalDoubtful":0,"totalConfirmed":19},{"totalCured":13,"totalDeath":0,"totalIncrease":0,"childStatistic":"境外输入","totalDoubtful":0,"totalConfirmed":14},{"totalCured":11,"totalDeath":0,"totalIncrease":0,"childStatistic":"来宾","totalDoubtful":0,"totalConfirmed":11},{"totalCured":11,"totalDeath":0,"totalIncrease":0,"childStatistic":"玉林","totalDoubtful":0,"totalConfirmed":11},{"totalCured":8,"totalDeath":0,"totalIncrease":0,"childStatistic":"钦州","totalDoubtful":0,"totalConfirmed":8},{"totalCured":8,"totalDeath":0,"totalIncrease":0,"childStatistic":"贵港","totalDoubtful":0,"totalConfirmed":8},{"totalCured":5,"totalDeath":0,"totalIncrease":0,"childStatistic":"梧州","totalDoubtful":0,"totalConfirmed":5},{"totalCured":4,"totalDeath":0,"totalIncrease":0,"childStatistic":"贺州","totalDoubtful":0,"totalConfirmed":4},{"totalCured":3,"totalDeath":0,"totalIncrease":0,"childStatistic":"百色","totalDoubtful":0,"totalConfirmed":3}],"childStatistic":"广西壮族自治区","totalDoubtful":0,"totalConfirmed":267},{"totalCured":227,"totalDeath":0,"totalIncrease":0,"cityArray":[{"totalCured":93,"totalDeath":0,"totalIncrease":0,"childStatistic":"境外输入","totalDoubtful":0,"totalConfirmed":101},{"totalCured":37,"totalDeath":0,"totalIncrease":0,"childStatistic":"晋中","totalDoubtful":0,"totalConfirmed":41},{"totalCured":21,"totalDeath":0,"totalIncrease":0,"childStatistic":"太原","totalDoubtful":0,"totalConfirmed":21},{"totalCured":19,"totalDeath":0,"totalIncrease":0,"childStatistic":"运城","totalDoubtful":0,"totalConfirmed":19},{"totalCured":12,"totalDeath":0,"totalIncrease":0,"childStatistic":"大同","totalDoubtful":0,"totalConfirmed":12},{"totalCured":10,"totalDeath":0,"totalIncrease":0,"childStatistic":"晋城","totalDoubtful":0,"totalConfirmed":10},{"totalCured":8,"totalDeath":0,"totalIncrease":0,"childStatistic":"长治","totalDoubtful":0,"totalConfirmed":8},{"totalCured":8,"totalDeath":0,"totalIncrease":0,"childStatistic":"朔州","totalDoubtful":0,"totalConfirmed":8},{"totalCured":7,"totalDeath":0,"totalIncrease":0,"childStatistic":"忻州","totalDoubtful":0,"totalConfirmed":7},{"totalCured":6,"totalDeath":0,"totalIncrease":0,"childStatistic":"吕梁","totalDoubtful":0,"totalConfirmed":6},{"totalCured":4,"totalDeath":0,"totalIncrease":0,"childStatistic":"阳泉","totalDoubtful":0,"totalConfirmed":4},{"totalCured":2,"totalDeath":0,"totalIncrease":0,"childStatistic":"临汾","totalDoubtful":0,"totalConfirmed":2}],"childStatistic":"山西省","totalDoubtful":0,"totalConfirmed":239},{"totalCured":228,"totalDeath":2,"totalIncrease":0,"cityArray":[{"totalCured":56,"totalDeath":0,"totalIncrease":0,"childStatistic":"境外输入","totalDoubtful":0,"totalConfirmed":57},{"totalCured":53,"totalDeath":0,"totalIncrease":0,"childStatistic":"昆明","totalDoubtful":0,"totalConfirmed":53},{"totalCured":25,"totalDeath":0,"totalIncrease":0,"childStatistic":"昭通","totalDoubtful":0,"totalConfirmed":25},{"totalCured":14,"totalDeath":1,"totalIncrease":0,"childStatistic":"西双版纳州","totalDoubtful":0,"totalConfirmed":15},{"totalCured":13,"totalDeath":1,"totalIncrease":0,"childStatistic":"玉溪","totalDoubtful":0,"totalConfirmed":14},{"totalCured":13,"totalDeath":0,"totalIncrease":0,"childStatistic":"曲靖","totalDoubtful":0,"totalConfirmed":13},{"totalCured":13,"totalDeath":0,"totalIncrease":0,"childStatistic":"大理州","totalDoubtful":0,"totalConfirmed":13},{"totalCured":9,"totalDeath":0,"totalIncrease":0,"childStatistic":"保山","totalDoubtful":0,"totalConfirmed":9},{"totalCured":9,"totalDeath":0,"totalIncrease":0,"childStatistic":"红河州","totalDoubtful":0,"totalConfirmed":9},{"totalCured":7,"totalDeath":0,"totalIncrease":0,"childStatistic":"丽江","totalDoubtful":0,"totalConfirmed":7},{"totalCured":5,"totalDeath":0,"totalIncrease":0,"childStatistic":"德宏州","totalDoubtful":0,"totalConfirmed":5},{"totalCured":4,"totalDeath":0,"totalIncrease":0,"childStatistic":"楚雄州","totalDoubtful":0,"totalConfirmed":4},{"totalCured":4,"totalDeath":0,"totalIncrease":0,"childStatistic":"普洱","totalDoubtful":0,"totalConfirmed":4},{"totalCured":2,"totalDeath":0,"totalIncrease":0,"childStatistic":"文山州","totalDoubtful":0,"totalConfirmed":2},{"totalCured":1,"totalDeath":0,"totalIncrease":0,"childStatistic":"临沧","totalDoubtful":0,"totalConfirmed":1}],"childStatistic":"云南省","totalDoubtful":0,"totalConfirmed":231},{"totalCured":185,"totalDeath":2,"totalIncrease":0,"cityArray":[{"totalCured":95,"totalDeath":0,"totalIncrease":0,"childStatistic":"境外输入","totalDoubtful":0,"totalConfirmed":95},{"totalCured":35,"totalDeath":2,"totalIncrease":0,"childStatistic":"兰州","totalDoubtful":0,"totalConfirmed":37},{"totalCured":12,"totalDeath":0,"totalIncrease":0,"childStatistic":"天水","totalDoubtful":0,"totalConfirmed":12},{"totalCured":9,"totalDeath":0,"totalIncrease":0,"childStatistic":"定西","totalDoubtful":0,"totalConfirmed":9},{"totalCured":9,"totalDeath":0,"totalIncrease":0,"childStatistic":"平凉","totalDoubtful":0,"totalConfirmed":9},{"totalCured":8,"totalDeath":0,"totalIncrease":0,"childStatistic":"甘南州","totalDoubtful":0,"totalConfirmed":8},{"totalCured":4,"totalDeath":0,"totalIncrease":0,"childStatistic":"白银","totalDoubtful":0,"totalConfirmed":4},{"totalCured":4,"totalDeath":0,"totalIncrease":0,"childStatistic":"陇南","totalDoubtful":0,"totalConfirmed":4},{"totalCured":3,"totalDeath":0,"totalIncrease":0,"childStatistic":"庆阳","totalDoubtful":0,"totalConfirmed":3},{"totalCured":3,"totalDeath":0,"totalIncrease":0,"childStatistic":"临夏州","totalDoubtful":0,"totalConfirmed":3},{"totalCured":2,"totalDeath":0,"totalIncrease":0,"childStatistic":"张掖","totalDoubtful":0,"totalConfirmed":2},{"totalCured":1,"totalDeath":0,"totalIncrease":0,"childStatistic":"金昌","totalDoubtful":0,"totalConfirmed":1}],"childStatistic":"甘肃省","totalDoubtful":0,"totalConfirmed":187},{"totalCured":165,"totalDeath":6,"totalIncrease":0,"cityArray":[{"totalCured":56,"totalDeath":1,"totalIncrease":0,"childStatistic":"三亚","totalDoubtful":0,"totalConfirmed":57},{"totalCured":39,"totalDeath":0,"totalIncrease":0,"childStatistic":"海口","totalDoubtful":0,"totalConfirmed":39},{"totalCured":14,"totalDeath":1,"totalIncrease":0,"childStatistic":"儋州","totalDoubtful":0,"totalConfirmed":15},{"totalCured":13,"totalDeath":0,"totalIncrease":0,"childStatistic":"万宁","totalDoubtful":0,"totalConfirmed":13},{"totalCured":8,"totalDeath":1,"totalIncrease":0,"childStatistic":"澄迈县","totalDoubtful":0,"totalConfirmed":9},{"totalCured":7,"totalDeath":0,"totalIncrease":0,"childStatistic":"昌江县","totalDoubtful":0,"totalConfirmed":7},{"totalCured":5,"totalDeath":1,"totalIncrease":0,"childStatistic":"琼海","totalDoubtful":0,"totalConfirmed":6},{"totalCured":6,"totalDeath":0,"totalIncrease":0,"childStatistic":"临高县","totalDoubtful":0,"totalConfirmed":6},{"totalCured":4,"totalDeath":0,"totalIncrease":0,"childStatistic":"陵水县","totalDoubtful":0,"totalConfirmed":4},{"totalCured":2,"totalDeath":1,"totalIncrease":0,"childStatistic":"东方","totalDoubtful":0,"totalConfirmed":3},{"totalCured":3,"totalDeath":0,"totalIncrease":0,"childStatistic":"保亭县","totalDoubtful":0,"totalConfirmed":3},{"totalCured":2,"totalDeath":1,"totalIncrease":0,"childStatistic":"定安县","totalDoubtful":0,"totalConfirmed":3},{"totalCured":3,"totalDeath":0,"totalIncrease":0,"childStatistic":"文昌","totalDoubtful":0,"totalConfirmed":3},{"totalCured":2,"totalDeath":0,"totalIncrease":0,"childStatistic":"乐东县","totalDoubtful":0,"totalConfirmed":2},{"totalCured":1,"totalDeath":0,"totalIncrease":0,"childStatistic":"琼中县","totalDoubtful":0,"totalConfirmed":1}],"childStatistic":"海南省","totalDoubtful":0,"totalConfirmed":171},{"totalCured":145,"totalDeath":2,"totalIncrease":0,"cityArray":[{"totalCured":35,"totalDeath":1,"totalIncrease":0,"childStatistic":"贵阳","totalDoubtful":0,"totalConfirmed":36},{"totalCured":32,"totalDeath":0,"totalIncrease":0,"childStatistic":"遵义","totalDoubtful":0,"totalConfirmed":32},{"totalCured":23,"totalDeath":0,"totalIncrease":0,"childStatistic":"毕节","totalDoubtful":0,"totalConfirmed":23},{"totalCured":17,"totalDeath":0,"totalIncrease":0,"childStatistic":"黔南州","totalDoubtful":0,"totalConfirmed":17},{"totalCured":9,"totalDeath":1,"totalIncrease":0,"childStatistic":"六盘水","totalDoubtful":0,"totalConfirmed":10},{"totalCured":10,"totalDeath":0,"totalIncrease":0,"childStatistic":"铜仁","totalDoubtful":0,"totalConfirmed":10},{"totalCured":10,"totalDeath":0,"totalIncrease":0,"childStatistic":"黔东南州","totalDoubtful":0,"totalConfirmed":10},{"totalCured":4,"totalDeath":0,"totalIncrease":0,"childStatistic":"黔西南州","totalDoubtful":0,"totalConfirmed":4},{"totalCured":4,"totalDeath":0,"totalIncrease":0,"childStatistic":"安顺","totalDoubtful":0,"totalConfirmed":4},{"totalCured":1,"totalDeath":0,"totalIncrease":0,"childStatistic":"境外输入","totalDoubtful":0,"totalConfirmed":1}],"childStatistic":"贵州省","totalDoubtful":0,"totalConfirmed":147},{"totalCured":75,"totalDeath":0,"totalIncrease":0,"cityArray":[{"totalCured":36,"totalDeath":0,"totalIncrease":0,"childStatistic":"银川","totalDoubtful":0,"totalConfirmed":36},{"totalCured":28,"totalDeath":0,"totalIncrease":0,"childStatistic":"吴忠","totalDoubtful":0,"totalConfirmed":28},{"totalCured":5,"totalDeath":0,"totalIncrease":0,"childStatistic":"固原","totalDoubtful":0,"totalConfirmed":5},{"totalCured":4,"totalDeath":0,"totalIncrease":0,"childStatistic":"中卫","totalDoubtful":0,"totalConfirmed":4},{"totalCured":1,"totalDeath":0,"totalIncrease":0,"childStatistic":"石嘴山","totalDoubtful":0,"totalConfirmed":1},{"totalCured":1,"totalDeath":0,"totalIncrease":0,"childStatistic":"宁东","totalDoubtful":0,"totalConfirmed":1}],"childStatistic":"宁夏回族自治区","totalDoubtful":0,"totalConfirmed":75},{"totalCured":46,"totalDeath":0,"totalIncrease":0,"cityArray":[{"totalCured":46,"totalDeath":0,"totalIncrease":0,"childStatistic":"中国澳门","totalDoubtful":0,"totalConfirmed":47}],"childStatistic":"中国澳门","totalDoubtful":0,"totalConfirmed":47},{"totalCured":18,"totalDeath":0,"totalIncrease":0,"cityArray":[{"totalCured":15,"totalDeath":0,"totalIncrease":0,"childStatistic":"西宁","totalDoubtful":0,"totalConfirmed":15},{"totalCured":3,"totalDeath":0,"totalIncrease":0,"childStatistic":"海北州","totalDoubtful":0,"totalConfirmed":3}],"childStatistic":"青海省","totalDoubtful":0,"totalConfirmed":18},{"totalCured":1,"totalDeath":0,"totalIncrease":0,"cityArray":[{"totalCured":1,"totalDeath":0,"totalIncrease":0,"childStatistic":"拉萨","totalDoubtful":0,"totalConfirmed":1}],"childStatistic":"西藏自治区","totalDoubtful":0,"totalConfirmed":1}]
Creating a new SqlSession
SqlSession [org.apache.ibatis.session.defaults.DefaultSqlSession@1acc873b] was not registered for synchronization because synchronization is not active
2021-02-05 13:21:13.959  INFO 19220 --- [           main] com.zaxxer.hikari.HikariDataSource       : HikariPool-1 - Starting...
2021-02-05 13:21:15.418  INFO 19220 --- [           main] com.zaxxer.hikari.HikariDataSource       : HikariPool-1 - Start completed.
JDBC Connection [HikariProxyConnection@161234158 wrapping com.mysql.cj.jdbc.ConnectionImpl@57b711b6] will not be managed by Spring
==>  Preparing: SELECT id,province_name FROM L_province WHERE (province_name = ?) 
==> Parameters: 湖北省(String)
<==    Columns: id, province_name
<==        Row: 1, 湖北省
<==      Total: 1
Closing non transactional SqlSession [org.apache.ibatis.session.defaults.DefaultSqlSession@1acc873b]
Creating a new SqlSession
SqlSession [org.apache.ibatis.session.defaults.DefaultSqlSession@1e95f584] was not registered for synchronization because synchronization is not active
JDBC Connection [HikariProxyConnection@412496882 wrapping com.mysql.cj.jdbc.ConnectionImpl@57b711b6] will not be managed by Spring
==>  Preparing: INSERT INTO L_city ( city_name, province_id ) VALUES ( ?, ? ) 
==> Parameters: 武汉(String), 1(Integer)
<==    Updates: 1
Closing non transactional SqlSession [org.apache.ibatis.session.defaults.DefaultSqlSession@1e95f584]
Creating a new SqlSession
SqlSession [org.apache.ibatis.session.defaults.DefaultSqlSession@6ca33187] was not registered for synchronization because synchronization is not active
JDBC Connection [HikariProxyConnection@443021492 wrapping com.mysql.cj.jdbc.ConnectionImpl@57b711b6] will not be managed by Spring
==>  Preparing: INSERT INTO L_city ( city_name, province_id ) VALUES ( ?, ? ) 
==> Parameters: 孝感(String), 1(Integer)
<==    Updates: 1
Closing non transactional SqlSession [org.apache.ibatis.session.defaults.DefaultSqlSession@6ca33187]
Creating a new SqlSession
SqlSession [org.apache.ibatis.session.defaults.DefaultSqlSession@76fc5687] was not registered for synchronization because synchronization is not active
JDBC Connection [HikariProxyConnection@1409004212 wrapping com.mysql.cj.jdbc.ConnectionImpl@57b711b6] will not be managed by Spring
==>  Preparing: INSERT INTO L_city ( city_name, province_id ) VALUES ( ?, ? ) 
==> Parameters: 黄冈(String), 1(Integer)
<==    Updates: 1
Closing non transactional SqlSession [org.apache.ibatis.session.defaults.DefaultSqlSession@76fc5687]
Creating a new SqlSession
SqlSession [org.apache.ibatis.session.defaults.DefaultSqlSession@50fd739d] was not registered for synchronization because synchronization is not active
JDBC Connection [HikariProxyConnection@1578964260 wrapping com.mysql.cj.jdbc.ConnectionImpl@57b711b6] will not be managed by Spring
==>  Preparing: INSERT INTO L_city ( city_name, province_id ) VALUES ( ?, ? ) 
==> Parameters: 荆州(String), 1(Integer)
<==    Updates: 1
Closing non transactional SqlSession [org.apache.ibatis.session.defaults.DefaultSqlSession@50fd739d]
Creating a new SqlSession
SqlSession [org.apache.ibatis.session.defaults.DefaultSqlSession@78504ce9] was not registered for synchronization because synchronization is not active
JDBC Connection [HikariProxyConnection@1314050802 wrapping com.mysql.cj.jdbc.ConnectionImpl@57b711b6] will not be managed by Spring
==>  Preparing: INSERT INTO L_city ( city_name, province_id ) VALUES ( ?, ? ) 
==> Parameters: 鄂州(String), 1(Integer)
<==    Updates: 1
Closing non transactional SqlSession [org.apache.ibatis.session.defaults.DefaultSqlSession@78504ce9]
Creating a new SqlSession
SqlSession [org.apache.ibatis.session.defaults.DefaultSqlSession@7ec508e6] was not registered for synchronization because synchronization is not active
JDBC Connection [HikariProxyConnection@1978869783 wrapping com.mysql.cj.jdbc.ConnectionImpl@57b711b6] will not be managed by Spring
==>  Preparing: INSERT INTO L_city ( city_name, province_id ) VALUES ( ?, ? ) 
==> Parameters: 随州(String), 1(Integer)
<==    Updates: 1
Closing non transactional SqlSession [org.apache.ibatis.session.defaults.DefaultSqlSession@7ec508e6]
Creating a new SqlSession
SqlSession [org.apache.ibatis.session.defaults.DefaultSqlSession@61d09475] was not registered for synchronization because synchronization is not active
JDBC Connection [HikariProxyConnection@219130824 wrapping com.mysql.cj.jdbc.ConnectionImpl@57b711b6] will not be managed by Spring
==>  Preparing: INSERT INTO L_city ( city_name, province_id ) VALUES ( ?, ? ) 
==> Parameters: 襄阳(String), 1(Integer)
<==    Updates: 1
Closing non transactional SqlSession [org.apache.ibatis.session.defaults.DefaultSqlSession@61d09475]
Creating a new SqlSession
SqlSession [org.apache.ibatis.session.defaults.DefaultSqlSession@7f70e244] was not registered for synchronization because synchronization is not active
JDBC Connection [HikariProxyConnection@265373577 wrapping com.mysql.cj.jdbc.ConnectionImpl@57b711b6] will not be managed by Spring
==>  Preparing: INSERT INTO L_city ( city_name, province_id ) VALUES ( ?, ? ) 
==> Parameters: 黄石(String), 1(Integer)
<==    Updates: 1
Closing non transactional SqlSession [org.apache.ibatis.session.defaults.DefaultSqlSession@7f70e244]
Creating a new SqlSession
SqlSession [org.apache.ibatis.session.defaults.DefaultSqlSession@68454ed5] was not registered for synchronization because synchronization is not active
JDBC Connection [HikariProxyConnection@1831711067 wrapping com.mysql.cj.jdbc.ConnectionImpl@57b711b6] will not be managed by Spring
==>  Preparing: INSERT INTO L_city ( city_name, province_id ) VALUES ( ?, ? ) 
==> Parameters: 宜昌(String), 1(Integer)
<==    Updates: 1
Closing non transactional SqlSession [org.apache.ibatis.session.defaults.DefaultSqlSession@68454ed5]
Creating a new SqlSession
SqlSession [org.apache.ibatis.session.defaults.DefaultSqlSession@59b98ad1] was not registered for synchronization because synchronization is not active
JDBC Connection [HikariProxyConnection@1495162836 wrapping com.mysql.cj.jdbc.ConnectionImpl@57b711b6] will not be managed by Spring
==>  Preparing: INSERT INTO L_city ( city_name, province_id ) VALUES ( ?, ? ) 
==> Parameters: 荆门(String), 1(Integer)
<==    Updates: 1
Closing non transactional SqlSession [org.apache.ibatis.session.defaults.DefaultSqlSession@59b98ad1]
Creating a new SqlSession
SqlSession [org.apache.ibatis.session.defaults.DefaultSqlSession@37b238da] was not registered for synchronization because synchronization is not active
JDBC Connection [HikariProxyConnection@477700359 wrapping com.mysql.cj.jdbc.ConnectionImpl@57b711b6] will not be managed by Spring
==>  Preparing: INSERT INTO L_city ( city_name, province_id ) VALUES ( ?, ? ) 
==> Parameters: 咸宁(String), 1(Integer)
<==    Updates: 1
Closing non transactional SqlSession [org.apache.ibatis.session.defaults.DefaultSqlSession@37b238da]
Creating a new SqlSession
SqlSession [org.apache.ibatis.session.defaults.DefaultSqlSession@4e951fb1] was not registered for synchronization because synchronization is not active
JDBC Connection [HikariProxyConnection@456228477 wrapping com.mysql.cj.jdbc.ConnectionImpl@57b711b6] will not be managed by Spring
==>  Preparing: INSERT INTO L_city ( city_name, province_id ) VALUES ( ?, ? ) 
==> Parameters: 十堰(String), 1(Integer)
<==    Updates: 1
Closing non transactional SqlSession [org.apache.ibatis.session.defaults.DefaultSqlSession@4e951fb1]
Creating a new SqlSession
SqlSession [org.apache.ibatis.session.defaults.DefaultSqlSession@295d54d6] was not registered for synchronization because synchronization is not active
JDBC Connection [HikariProxyConnection@965674262 wrapping com.mysql.cj.jdbc.ConnectionImpl@57b711b6] will not be managed by Spring
==>  Preparing: INSERT INTO L_city ( city_name, province_id ) VALUES ( ?, ? ) 
==> Parameters: 仙桃(String), 1(Integer)
<==    Updates: 1
Closing non transactional SqlSession [org.apache.ibatis.session.defaults.DefaultSqlSession@295d54d6]
Creating a new SqlSession
SqlSession [org.apache.ibatis.session.defaults.DefaultSqlSession@158e6fc2] was not registered for synchronization because synchronization is not active
JDBC Connection [HikariProxyConnection@1416134608 wrapping com.mysql.cj.jdbc.ConnectionImpl@57b711b6] will not be managed by Spring
==>  Preparing: INSERT INTO L_city ( city_name, province_id ) VALUES ( ?, ? ) 
==> Parameters: 天门(String), 1(Integer)
<==    Updates: 1
Closing non transactional SqlSession [org.apache.ibatis.session.defaults.DefaultSqlSession@158e6fc2]
Creating a new SqlSession
SqlSession [org.apache.ibatis.session.defaults.DefaultSqlSession@7a3a49e5] was not registered for synchronization because synchronization is not active
JDBC Connection [HikariProxyConnection@1813742285 wrapping com.mysql.cj.jdbc.ConnectionImpl@57b711b6] will not be managed by Spring
==>  Preparing: INSERT INTO L_city ( city_name, province_id ) VALUES ( ?, ? ) 
==> Parameters: 恩施(String), 1(Integer)
<==    Updates: 1
Closing non transactional SqlSession [org.apache.ibatis.session.defaults.DefaultSqlSession@7a3a49e5]
Creating a new SqlSession
SqlSession [org.apache.ibatis.session.defaults.DefaultSqlSession@cb318ac] was not registered for synchronization because synchronization is not active
JDBC Connection [HikariProxyConnection@1978560393 wrapping com.mysql.cj.jdbc.ConnectionImpl@57b711b6] will not be managed by Spring
==>  Preparing: INSERT INTO L_city ( city_name, province_id ) VALUES ( ?, ? ) 
==> Parameters: 潜江(String), 1(Integer)
<==    Updates: 1
Closing non transactional SqlSession [org.apache.ibatis.session.defaults.DefaultSqlSession@cb318ac]
Creating a new SqlSession
SqlSession [org.apache.ibatis.session.defaults.DefaultSqlSession@54496c2d] was not registered for synchronization because synchronization is not active
JDBC Connection [HikariProxyConnection@1310342490 wrapping com.mysql.cj.jdbc.ConnectionImpl@57b711b6] will not be managed by Spring
==>  Preparing: INSERT INTO L_city ( city_name, province_id ) VALUES ( ?, ? ) 
==> Parameters: 境外输入(String), 1(Integer)
<==    Updates: 1
Closing non transactional SqlSession [org.apache.ibatis.session.defaults.DefaultSqlSession@54496c2d]
Creating a new SqlSession
SqlSession [org.apache.ibatis.session.defaults.DefaultSqlSession@2ac05a33] was not registered for synchronization because synchronization is not active
JDBC Connection [HikariProxyConnection@900682460 wrapping com.mysql.cj.jdbc.ConnectionImpl@57b711b6] will not be managed by Spring
==>  Preparing: INSERT INTO L_city ( city_name, province_id ) VALUES ( ?, ? ) 
==> Parameters: 神农架林区(String), 1(Integer)
<==    Updates: 1
Closing non transactional SqlSession [org.apache.ibatis.session.defaults.DefaultSqlSession@2ac05a33]
Creating a new SqlSession
SqlSession [org.apache.ibatis.session.defaults.DefaultSqlSession@6aaa678d] was not registered for synchronization because synchronization is not active
JDBC Connection [HikariProxyConnection@635236790 wrapping com.mysql.cj.jdbc.ConnectionImpl@57b711b6] will not be managed by Spring
==>  Preparing: SELECT id,province_name FROM L_province WHERE (province_name = ?) 
==> Parameters: 中国香港(String)
<==    Columns: id, province_name
<==        Row: 2, 中国香港
<==      Total: 1
Closing non transactional SqlSession [org.apache.ibatis.session.defaults.DefaultSqlSession@6aaa678d]
Creating a new SqlSession
SqlSession [org.apache.ibatis.session.defaults.DefaultSqlSession@4e10a320] was not registered for synchronization because synchronization is not active
JDBC Connection [HikariProxyConnection@2000630624 wrapping com.mysql.cj.jdbc.ConnectionImpl@57b711b6] will not be managed by Spring
==>  Preparing: INSERT INTO L_city ( city_name, province_id ) VALUES ( ?, ? ) 
==> Parameters: 中国香港(String), 2(Integer)
<==    Updates: 1
Closing non transactional SqlSession [org.apache.ibatis.session.defaults.DefaultSqlSession@4e10a320]
Creating a new SqlSession
SqlSession [org.apache.ibatis.session.defaults.DefaultSqlSession@7d17906] was not registered for synchronization because synchronization is not active
JDBC Connection [HikariProxyConnection@159116975 wrapping com.mysql.cj.jdbc.ConnectionImpl@57b711b6] will not be managed by Spring
==>  Preparing: SELECT id,province_name FROM L_province WHERE (province_name = ?) 
==> Parameters: 广东省(String)
<==    Columns: id, province_name
<==        Row: 3, 广东省
<==      Total: 1
Closing non transactional SqlSession [org.apache.ibatis.session.defaults.DefaultSqlSession@7d17906]
Creating a new SqlSession
SqlSession [org.apache.ibatis.session.defaults.DefaultSqlSession@f793f15] was not registered for synchronization because synchronization is not active
JDBC Connection [HikariProxyConnection@65830581 wrapping com.mysql.cj.jdbc.ConnectionImpl@57b711b6] will not be managed by Spring
==>  Preparing: INSERT INTO L_city ( city_name, province_id ) VALUES ( ?, ? ) 
==> Parameters: 广州(String), 3(Integer)
<==    Updates: 1
Closing non transactional SqlSession [org.apache.ibatis.session.defaults.DefaultSqlSession@f793f15]
Creating a new SqlSession
SqlSession [org.apache.ibatis.session.defaults.DefaultSqlSession@aa8dce8] was not registered for synchronization because synchronization is not active
JDBC Connection [HikariProxyConnection@1792086750 wrapping com.mysql.cj.jdbc.ConnectionImpl@57b711b6] will not be managed by Spring
==>  Preparing: INSERT INTO L_city ( city_name, province_id ) VALUES ( ?, ? ) 
==> Parameters: 深圳(String), 3(Integer)
<==    Updates: 1
Closing non transactional SqlSession [org.apache.ibatis.session.defaults.DefaultSqlSession@aa8dce8]
Creating a new SqlSession
SqlSession [org.apache.ibatis.session.defaults.DefaultSqlSession@66e12c3b] was not registered for synchronization because synchronization is not active
JDBC Connection [HikariProxyConnection@71599579 wrapping com.mysql.cj.jdbc.ConnectionImpl@57b711b6] will not be managed by Spring
==>  Preparing: INSERT INTO L_city ( city_name, province_id ) VALUES ( ?, ? ) 
==> Parameters: 佛山(String), 3(Integer)
<==    Updates: 1
Closing non transactional SqlSession [org.apache.ibatis.session.defaults.DefaultSqlSession@66e12c3b]
Creating a new SqlSession
SqlSession [org.apache.ibatis.session.defaults.DefaultSqlSession@4d8f2cfd] was not registered for synchronization because synchronization is not active
JDBC Connection [HikariProxyConnection@1833239242 wrapping com.mysql.cj.jdbc.ConnectionImpl@57b711b6] will not be managed by Spring
==>  Preparing: INSERT INTO L_city ( city_name, province_id ) VALUES ( ?, ? ) 
==> Parameters: 珠海(String), 3(Integer)
<==    Updates: 1
Closing non transactional SqlSession [org.apache.ibatis.session.defaults.DefaultSqlSession@4d8f2cfd]
Creating a new SqlSession
SqlSession [org.apache.ibatis.session.defaults.DefaultSqlSession@1e4d8770] was not registered for synchronization because synchronization is not active
JDBC Connection [HikariProxyConnection@1532728609 wrapping com.mysql.cj.jdbc.ConnectionImpl@57b711b6] will not be managed by Spring
==>  Preparing: INSERT INTO L_city ( city_name, province_id ) VALUES ( ?, ? ) 
==> Parameters: 东莞(String), 3(Integer)
<==    Updates: 1
Closing non transactional SqlSession [org.apache.ibatis.session.defaults.DefaultSqlSession@1e4d8770]
Creating a new SqlSession
SqlSession [org.apache.ibatis.session.defaults.DefaultSqlSession@14b5325f] was not registered for synchronization because synchronization is not active
JDBC Connection [HikariProxyConnection@322981749 wrapping com.mysql.cj.jdbc.ConnectionImpl@57b711b6] will not be managed by Spring
==>  Preparing: INSERT INTO L_city ( city_name, province_id ) VALUES ( ?, ? ) 
==> Parameters: 中山(String), 3(Integer)
<==    Updates: 1
Closing non transactional SqlSession [org.apache.ibatis.session.defaults.DefaultSqlSession@14b5325f]
Creating a new SqlSession
SqlSession [org.apache.ibatis.session.defaults.DefaultSqlSession@3d718248] was not registered for synchronization because synchronization is not active
JDBC Connection [HikariProxyConnection@752572788 wrapping com.mysql.cj.jdbc.ConnectionImpl@57b711b6] will not be managed by Spring
==>  Preparing: INSERT INTO L_city ( city_name, province_id ) VALUES ( ?, ? ) 
==> Parameters: 惠州(String), 3(Integer)
<==    Updates: 1
Closing non transactional SqlSession [org.apache.ibatis.session.defaults.DefaultSqlSession@3d718248]
Creating a new SqlSession
SqlSession [org.apache.ibatis.session.defaults.DefaultSqlSession@62360a68] was not registered for synchronization because synchronization is not active
JDBC Connection [HikariProxyConnection@340852643 wrapping com.mysql.cj.jdbc.ConnectionImpl@57b711b6] will not be managed by Spring
==>  Preparing: INSERT INTO L_city ( city_name, province_id ) VALUES ( ?, ? ) 
==> Parameters: 湛江(String), 3(Integer)
<==    Updates: 1
Closing non transactional SqlSession [org.apache.ibatis.session.defaults.DefaultSqlSession@62360a68]
Creating a new SqlSession
SqlSession [org.apache.ibatis.session.defaults.DefaultSqlSession@6adcf059] was not registered for synchronization because synchronization is not active
JDBC Connection [HikariProxyConnection@2036508486 wrapping com.mysql.cj.jdbc.ConnectionImpl@57b711b6] will not be managed by Spring
==>  Preparing: INSERT INTO L_city ( city_name, province_id ) VALUES ( ?, ? ) 
==> Parameters: 江门(String), 3(Integer)
<==    Updates: 1
Closing non transactional SqlSession [org.apache.ibatis.session.defaults.DefaultSqlSession@6adcf059]
Creating a new SqlSession
SqlSession [org.apache.ibatis.session.defaults.DefaultSqlSession@772cf46b] was not registered for synchronization because synchronization is not active
JDBC Connection [HikariProxyConnection@462959967 wrapping com.mysql.cj.jdbc.ConnectionImpl@57b711b6] will not be managed by Spring
==>  Preparing: INSERT INTO L_city ( city_name, province_id ) VALUES ( ?, ? ) 
==> Parameters: 汕头(String), 3(Integer)
<==    Updates: 1
Closing non transactional SqlSession [org.apache.ibatis.session.defaults.DefaultSqlSession@772cf46b]
Creating a new SqlSession
SqlSession [org.apache.ibatis.session.defaults.DefaultSqlSession@1fc5c0b2] was not registered for synchronization because synchronization is not active
JDBC Connection [HikariProxyConnection@1168981208 wrapping com.mysql.cj.jdbc.ConnectionImpl@57b711b6] will not be managed by Spring
==>  Preparing: INSERT INTO L_city ( city_name, province_id ) VALUES ( ?, ? ) 
==> Parameters: 肇庆(String), 3(Integer)
<==    Updates: 1
Closing non transactional SqlSession [org.apache.ibatis.session.defaults.DefaultSqlSession@1fc5c0b2]
Creating a new SqlSession
SqlSession [org.apache.ibatis.session.defaults.DefaultSqlSession@6bdedbbd] was not registered for synchronization because synchronization is not active
JDBC Connection [HikariProxyConnection@1203331554 wrapping com.mysql.cj.jdbc.ConnectionImpl@57b711b6] will not be managed by Spring
==>  Preparing: INSERT INTO L_city ( city_name, province_id ) VALUES ( ?, ? ) 
==> Parameters: 茂名(String), 3(Integer)
<==    Updates: 1
Closing non transactional SqlSession [org.apache.ibatis.session.defaults.DefaultSqlSession@6bdedbbd]
Creating a new SqlSession
SqlSession [org.apache.ibatis.session.defaults.DefaultSqlSession@30bd39d5] was not registered for synchronization because synchronization is not active
JDBC Connection [HikariProxyConnection@1015539793 wrapping com.mysql.cj.jdbc.ConnectionImpl@57b711b6] will not be managed by Spring
==>  Preparing: INSERT INTO L_city ( city_name, province_id ) VALUES ( ?, ? ) 
==> Parameters: 梅州(String), 3(Integer)
<==    Updates: 1
Closing non transactional SqlSession [org.apache.ibatis.session.defaults.DefaultSqlSession@30bd39d5]
Creating a new SqlSession
SqlSession [org.apache.ibatis.session.defaults.DefaultSqlSession@380e33c2] was not registered for synchronization because synchronization is not active
JDBC Connection [HikariProxyConnection@1003000306 wrapping com.mysql.cj.jdbc.ConnectionImpl@57b711b6] will not be managed by Spring
==>  Preparing: INSERT INTO L_city ( city_name, province_id ) VALUES ( ?, ? ) 
==> Parameters: 阳江(String), 3(Integer)
<==    Updates: 1
Closing non transactional SqlSession [org.apache.ibatis.session.defaults.DefaultSqlSession@380e33c2]
Creating a new SqlSession
SqlSession [org.apache.ibatis.session.defaults.DefaultSqlSession@4a0c3aa8] was not registered for synchronization because synchronization is not active
JDBC Connection [HikariProxyConnection@892626202 wrapping com.mysql.cj.jdbc.ConnectionImpl@57b711b6] will not be managed by Spring
==>  Preparing: INSERT INTO L_city ( city_name, province_id ) VALUES ( ?, ? ) 
==> Parameters: 清远(String), 3(Integer)
<==    Updates: 1
Closing non transactional SqlSession [org.apache.ibatis.session.defaults.DefaultSqlSession@4a0c3aa8]
Creating a new SqlSession
SqlSession [org.apache.ibatis.session.defaults.DefaultSqlSession@29188050] was not registered for synchronization because synchronization is not active
JDBC Connection [HikariProxyConnection@1058155740 wrapping com.mysql.cj.jdbc.ConnectionImpl@57b711b6] will not be managed by Spring
==>  Preparing: INSERT INTO L_city ( city_name, province_id ) VALUES ( ?, ? ) 
==> Parameters: 揭阳(String), 3(Integer)
<==    Updates: 1
Closing non transactional SqlSession [org.apache.ibatis.session.defaults.DefaultSqlSession@29188050]
Creating a new SqlSession
SqlSession [org.apache.ibatis.session.defaults.DefaultSqlSession@65259c53] was not registered for synchronization because synchronization is not active
JDBC Connection [HikariProxyConnection@1275013351 wrapping com.mysql.cj.jdbc.ConnectionImpl@57b711b6] will not be managed by Spring
==>  Preparing: INSERT INTO L_city ( city_name, province_id ) VALUES ( ?, ? ) 
==> Parameters: 韶关(String), 3(Integer)
<==    Updates: 1
Closing non transactional SqlSession [org.apache.ibatis.session.defaults.DefaultSqlSession@65259c53]
Creating a new SqlSession
SqlSession [org.apache.ibatis.session.defaults.DefaultSqlSession@6c1f15df] was not registered for synchronization because synchronization is not active
JDBC Connection [HikariProxyConnection@1586868395 wrapping com.mysql.cj.jdbc.ConnectionImpl@57b711b6] will not be managed by Spring
==>  Preparing: INSERT INTO L_city ( city_name, province_id ) VALUES ( ?, ? ) 
==> Parameters: 潮州(String), 3(Integer)
<==    Updates: 1
Closing non transactional SqlSession [org.apache.ibatis.session.defaults.DefaultSqlSession@6c1f15df]
Creating a new SqlSession
SqlSession [org.apache.ibatis.session.defaults.DefaultSqlSession@67f8f5a6] was not registered for synchronization because synchronization is not active
JDBC Connection [HikariProxyConnection@337314074 wrapping com.mysql.cj.jdbc.ConnectionImpl@57b711b6] will not be managed by Spring
==>  Preparing: INSERT INTO L_city ( city_name, province_id ) VALUES ( ?, ? ) 
==> Parameters: 汕尾(String), 3(Integer)
<==    Updates: 1
Closing non transactional SqlSession [org.apache.ibatis.session.defaults.DefaultSqlSession@67f8f5a6]
Creating a new SqlSession
SqlSession [org.apache.ibatis.session.defaults.DefaultSqlSession@47ffdbba] was not registered for synchronization because synchronization is not active
JDBC Connection [HikariProxyConnection@195035534 wrapping com.mysql.cj.jdbc.ConnectionImpl@57b711b6] will not be managed by Spring
==>  Preparing: INSERT INTO L_city ( city_name, province_id ) VALUES ( ?, ? ) 
==> Parameters: 河源(String), 3(Integer)
<==    Updates: 1
Closing non transactional SqlSession [org.apache.ibatis.session.defaults.DefaultSqlSession@47ffdbba]
Creating a new SqlSession
SqlSession [org.apache.ibatis.session.defaults.DefaultSqlSession@492c8137] was not registered for synchronization because synchronization is not active
JDBC Connection [HikariProxyConnection@1108039149 wrapping com.mysql.cj.jdbc.ConnectionImpl@57b711b6] will not be managed by Spring
==>  Preparing: INSERT INTO L_city ( city_name, province_id ) VALUES ( ?, ? ) 
==> Parameters: 待确认地区(String), 3(Integer)
<==    Updates: 1
Closing non transactional SqlSession [org.apache.ibatis.session.defaults.DefaultSqlSession@492c8137]
Creating a new SqlSession
SqlSession [org.apache.ibatis.session.defaults.DefaultSqlSession@6fe5da76] was not registered for synchronization because synchronization is not active
JDBC Connection [HikariProxyConnection@1664738820 wrapping com.mysql.cj.jdbc.ConnectionImpl@57b711b6] will not be managed by Spring
==>  Preparing: SELECT id,province_name FROM L_province WHERE (province_name = ?) 
==> Parameters: 上海市(String)
<==    Columns: id, province_name
<==        Row: 5, 上海市
<==      Total: 1
Closing non transactional SqlSession [org.apache.ibatis.session.defaults.DefaultSqlSession@6fe5da76]
Creating a new SqlSession
SqlSession [org.apache.ibatis.session.defaults.DefaultSqlSession@e7e455d] was not registered for synchronization because synchronization is not active
JDBC Connection [HikariProxyConnection@870900038 wrapping com.mysql.cj.jdbc.ConnectionImpl@57b711b6] will not be managed by Spring
==>  Preparing: INSERT INTO L_city ( city_name, province_id ) VALUES ( ?, ? ) 
==> Parameters: 境外输入(String), 5(Integer)
<==    Updates: 1
Closing non transactional SqlSession [org.apache.ibatis.session.defaults.DefaultSqlSession@e7e455d]
Creating a new SqlSession
SqlSession [org.apache.ibatis.session.defaults.DefaultSqlSession@64eeddd8] was not registered for synchronization because synchronization is not active
JDBC Connection [HikariProxyConnection@284746450 wrapping com.mysql.cj.jdbc.ConnectionImpl@57b711b6] will not be managed by Spring
==>  Preparing: INSERT INTO L_city ( city_name, province_id ) VALUES ( ?, ? ) 
==> Parameters: 外地来沪人员(String), 5(Integer)
<==    Updates: 1
Closing non transactional SqlSession [org.apache.ibatis.session.defaults.DefaultSqlSession@64eeddd8]
Creating a new SqlSession
SqlSession [org.apache.ibatis.session.defaults.DefaultSqlSession@5d404a3c] was not registered for synchronization because synchronization is not active
JDBC Connection [HikariProxyConnection@184147252 wrapping com.mysql.cj.jdbc.ConnectionImpl@57b711b6] will not be managed by Spring
==>  Preparing: INSERT INTO L_city ( city_name, province_id ) VALUES ( ?, ? ) 
==> Parameters: 浦东新区(String), 5(Integer)
<==    Updates: 1
Closing non transactional SqlSession [org.apache.ibatis.session.defaults.DefaultSqlSession@5d404a3c]
Creating a new SqlSession
SqlSession [org.apache.ibatis.session.defaults.DefaultSqlSession@4a58e0e9] was not registered for synchronization because synchronization is not active
JDBC Connection [HikariProxyConnection@244090091 wrapping com.mysql.cj.jdbc.ConnectionImpl@57b711b6] will not be managed by Spring
==>  Preparing: INSERT INTO L_city ( city_name, province_id ) VALUES ( ?, ? ) 
==> Parameters: 宝山区(String), 5(Integer)
<==    Updates: 1
Closing non transactional SqlSession [org.apache.ibatis.session.defaults.DefaultSqlSession@4a58e0e9]
Creating a new SqlSession
SqlSession [org.apache.ibatis.session.defaults.DefaultSqlSession@25e95af1] was not registered for synchronization because synchronization is not active
JDBC Connection [HikariProxyConnection@1336420731 wrapping com.mysql.cj.jdbc.ConnectionImpl@57b711b6] will not be managed by Spring
==>  Preparing: INSERT INTO L_city ( city_name, province_id ) VALUES ( ?, ? ) 
==> Parameters: 黄浦区(String), 5(Integer)
<==    Updates: 1
Closing non transactional SqlSession [org.apache.ibatis.session.defaults.DefaultSqlSession@25e95af1]
Creating a new SqlSession
SqlSession [org.apache.ibatis.session.defaults.DefaultSqlSession@7c9ea1d0] was not registered for synchronization because synchronization is not active
JDBC Connection [HikariProxyConnection@1928572105 wrapping com.mysql.cj.jdbc.ConnectionImpl@57b711b6] will not be managed by Spring
==>  Preparing: INSERT INTO L_city ( city_name, province_id ) VALUES ( ?, ? ) 
==> Parameters: 闵行区(String), 5(Integer)
<==    Updates: 1
Closing non transactional SqlSession [org.apache.ibatis.session.defaults.DefaultSqlSession@7c9ea1d0]
Creating a new SqlSession
SqlSession [org.apache.ibatis.session.defaults.DefaultSqlSession@51d88c38] was not registered for synchronization because synchronization is not active
JDBC Connection [HikariProxyConnection@1050867502 wrapping com.mysql.cj.jdbc.ConnectionImpl@57b711b6] will not be managed by Spring
==>  Preparing: INSERT INTO L_city ( city_name, province_id ) VALUES ( ?, ? ) 
==> Parameters: 徐汇区(String), 5(Integer)
<==    Updates: 1
Closing non transactional SqlSession [org.apache.ibatis.session.defaults.DefaultSqlSession@51d88c38]
Creating a new SqlSession
SqlSession [org.apache.ibatis.session.defaults.DefaultSqlSession@13390a96] was not registered for synchronization because synchronization is not active
JDBC Connection [HikariProxyConnection@982226008 wrapping com.mysql.cj.jdbc.ConnectionImpl@57b711b6] will not be managed by Spring
==>  Preparing: INSERT INTO L_city ( city_name, province_id ) VALUES ( ?, ? ) 
==> Parameters: 静安区(String), 5(Integer)
<==    Updates: 1
Closing non transactional SqlSession [org.apache.ibatis.session.defaults.DefaultSqlSession@13390a96]
Creating a new SqlSession
SqlSession [org.apache.ibatis.session.defaults.DefaultSqlSession@664f49f] was not registered for synchronization because synchronization is not active
JDBC Connection [HikariProxyConnection@1621854559 wrapping com.mysql.cj.jdbc.ConnectionImpl@57b711b6] will not be managed by Spring
==>  Preparing: INSERT INTO L_city ( city_name, province_id ) VALUES ( ?, ? ) 
==> Parameters: 长宁区(String), 5(Integer)
<==    Updates: 1
Closing non transactional SqlSession [org.apache.ibatis.session.defaults.DefaultSqlSession@664f49f]
Creating a new SqlSession
SqlSession [org.apache.ibatis.session.defaults.DefaultSqlSession@44e08a7a] was not registered for synchronization because synchronization is not active
JDBC Connection [HikariProxyConnection@2025652936 wrapping com.mysql.cj.jdbc.ConnectionImpl@57b711b6] will not be managed by Spring
==>  Preparing: INSERT INTO L_city ( city_name, province_id ) VALUES ( ?, ? ) 
==> Parameters: 松江区(String), 5(Integer)
<==    Updates: 1
Closing non transactional SqlSession [org.apache.ibatis.session.defaults.DefaultSqlSession@44e08a7a]
Creating a new SqlSession
SqlSession [org.apache.ibatis.session.defaults.DefaultSqlSession@795faad] was not registered for synchronization because synchronization is not active
JDBC Connection [HikariProxyConnection@397284309 wrapping com.mysql.cj.jdbc.ConnectionImpl@57b711b6] will not be managed by Spring
==>  Preparing: INSERT INTO L_city ( city_name, province_id ) VALUES ( ?, ? ) 
==> Parameters: 普陀区(String), 5(Integer)
<==    Updates: 1
Closing non transactional SqlSession [org.apache.ibatis.session.defaults.DefaultSqlSession@795faad]
Creating a new SqlSession
SqlSession [org.apache.ibatis.session.defaults.DefaultSqlSession@36511772] was not registered for synchronization because synchronization is not active
JDBC Connection [HikariProxyConnection@1367775958 wrapping com.mysql.cj.jdbc.ConnectionImpl@57b711b6] will not be managed by Spring
==>  Preparing: INSERT INTO L_city ( city_name, province_id ) VALUES ( ?, ? ) 
==> Parameters: 嘉定区(String), 5(Integer)
<==    Updates: 1
Closing non transactional SqlSession [org.apache.ibatis.session.defaults.DefaultSqlSession@36511772]
Creating a new SqlSession
SqlSession [org.apache.ibatis.session.defaults.DefaultSqlSession@49a06087] was not registered for synchronization because synchronization is not active
JDBC Connection [HikariProxyConnection@739574607 wrapping com.mysql.cj.jdbc.ConnectionImpl@57b711b6] will not be managed by Spring
==>  Preparing: INSERT INTO L_city ( city_name, province_id ) VALUES ( ?, ? ) 
==> Parameters: 奉贤区(String), 5(Integer)
<==    Updates: 1
Closing non transactional SqlSession [org.apache.ibatis.session.defaults.DefaultSqlSession@49a06087]
Creating a new SqlSession
SqlSession [org.apache.ibatis.session.defaults.DefaultSqlSession@5ee581db] was not registered for synchronization because synchronization is not active
JDBC Connection [HikariProxyConnection@1517223475 wrapping com.mysql.cj.jdbc.ConnectionImpl@57b711b6] will not be managed by Spring
==>  Preparing: INSERT INTO L_city ( city_name, province_id ) VALUES ( ?, ? ) 
==> Parameters: 杨浦区(String), 5(Integer)
<==    Updates: 1
Closing non transactional SqlSession [org.apache.ibatis.session.defaults.DefaultSqlSession@5ee581db]
Creating a new SqlSession
SqlSession [org.apache.ibatis.session.defaults.DefaultSqlSession@3ff26c9] was not registered for synchronization because synchronization is not active
JDBC Connection [HikariProxyConnection@785240035 wrapping com.mysql.cj.jdbc.ConnectionImpl@57b711b6] will not be managed by Spring
==>  Preparing: INSERT INTO L_city ( city_name, province_id ) VALUES ( ?, ? ) 
==> Parameters: 虹口区(String), 5(Integer)
<==    Updates: 1
Closing non transactional SqlSession [org.apache.ibatis.session.defaults.DefaultSqlSession@3ff26c9]
Creating a new SqlSession
SqlSession [org.apache.ibatis.session.defaults.DefaultSqlSession@5af40e45] was not registered for synchronization because synchronization is not active
JDBC Connection [HikariProxyConnection@436625455 wrapping com.mysql.cj.jdbc.ConnectionImpl@57b711b6] will not be managed by Spring
==>  Preparing: INSERT INTO L_city ( city_name, province_id ) VALUES ( ?, ? ) 
==> Parameters: 青浦区(String), 5(Integer)
<==    Updates: 1
Closing non transactional SqlSession [org.apache.ibatis.session.defaults.DefaultSqlSession@5af40e45]
Creating a new SqlSession
SqlSession [org.apache.ibatis.session.defaults.DefaultSqlSession@2110684a] was not registered for synchronization because synchronization is not active
JDBC Connection [HikariProxyConnection@138306399 wrapping com.mysql.cj.jdbc.ConnectionImpl@57b711b6] will not be managed by Spring
==>  Preparing: INSERT INTO L_city ( city_name, province_id ) VALUES ( ?, ? ) 
==> Parameters: 金山区(String), 5(Integer)
<==    Updates: 1
Closing non transactional SqlSession [org.apache.ibatis.session.defaults.DefaultSqlSession@2110684a]
Creating a new SqlSession
SqlSession [org.apache.ibatis.session.defaults.DefaultSqlSession@1926f962] was not registered for synchronization because synchronization is not active
JDBC Connection [HikariProxyConnection@1652114818 wrapping com.mysql.cj.jdbc.ConnectionImpl@57b711b6] will not be managed by Spring
==>  Preparing: INSERT INTO L_city ( city_name, province_id ) VALUES ( ?, ? ) 
==> Parameters: 崇明区(String), 5(Integer)
2021-02-05 13:21:47.080  WARN 19220 --- [           main] com.zaxxer.hikari.pool.ProxyConnection   : HikariPool-1 - Connection com.mysql.cj.jdbc.ConnectionImpl@57b711b6 marked as broken because of SQLSTATE(08S01), ErrorCode(0)

com.mysql.cj.jdbc.exceptions.CommunicationsException: Communications link failure

The last packet successfully received from the server was 19,160 milliseconds ago. The last packet sent successfully to the server was 19,160 milliseconds ago.
	at com.mysql.cj.jdbc.exceptions.SQLError.createCommunicationsException(SQLError.java:174) ~[mysql-connector-java-8.0.19.jar:8.0.19]
	at com.mysql.cj.jdbc.exceptions.SQLExceptionsMapping.translateException(SQLExceptionsMapping.java:64) ~[mysql-connector-java-8.0.19.jar:8.0.19]
	at com.mysql.cj.jdbc.ClientPreparedStatement.executeInternal(ClientPreparedStatement.java:953) ~[mysql-connector-java-8.0.19.jar:8.0.19]
	at com.mysql.cj.jdbc.ClientPreparedStatement.execute(ClientPreparedStatement.java:370) ~[mysql-connector-java-8.0.19.jar:8.0.19]
	at com.zaxxer.hikari.pool.ProxyPreparedStatement.execute(ProxyPreparedStatement.java:44) ~[HikariCP-3.4.2.jar:na]
	at com.zaxxer.hikari.pool.HikariProxyPreparedStatement.execute(HikariProxyPreparedStatement.java) [HikariCP-3.4.2.jar:na]
	at sun.reflect.GeneratedMethodAccessor62.invoke(Unknown Source) ~[na:na]
	at sun.reflect.DelegatingMethodAccessorImpl.invoke(DelegatingMethodAccessorImpl.java:43) ~[na:1.8.0_261]
	at java.lang.reflect.Method.invoke(Method.java:498) ~[na:1.8.0_261]
	at org.apache.ibatis.logging.jdbc.PreparedStatementLogger.invoke(PreparedStatementLogger.java:59) [mybatis-3.5.4.jar:3.5.4]
	at com.sun.proxy.$Proxy114.execute(Unknown Source) [na:na]
	at org.apache.ibatis.executor.statement.PreparedStatementHandler.update(PreparedStatementHandler.java:47) [mybatis-3.5.4.jar:3.5.4]
	at org.apache.ibatis.executor.statement.RoutingStatementHandler.update(RoutingStatementHandler.java:74) [mybatis-3.5.4.jar:3.5.4]
	at com.baomidou.mybatisplus.core.executor.MybatisSimpleExecutor.doUpdate(MybatisSimpleExecutor.java:54) [mybatis-plus-core-3.3.2.jar:3.3.2]
	at org.apache.ibatis.executor.BaseExecutor.update(BaseExecutor.java:117) [mybatis-3.5.4.jar:3.5.4]
	at com.baomidou.mybatisplus.core.executor.MybatisCachingExecutor.update(MybatisCachingExecutor.java:83) [mybatis-plus-core-3.3.2.jar:3.3.2]
	at org.apache.ibatis.session.defaults.DefaultSqlSession.update(DefaultSqlSession.java:197) [mybatis-3.5.4.jar:3.5.4]
	at org.apache.ibatis.session.defaults.DefaultSqlSession.insert(DefaultSqlSession.java:184) [mybatis-3.5.4.jar:3.5.4]
	at sun.reflect.GeneratedMethodAccessor66.invoke(Unknown Source) ~[na:na]
	at sun.reflect.DelegatingMethodAccessorImpl.invoke(DelegatingMethodAccessorImpl.java:43) ~[na:1.8.0_261]
	at java.lang.reflect.Method.invoke(Method.java:498) ~[na:1.8.0_261]
	at org.mybatis.spring.SqlSessionTemplate$SqlSessionInterceptor.invoke(SqlSessionTemplate.java:426) [mybatis-spring-2.0.4.jar:2.0.4]
	at com.sun.proxy.$Proxy73.insert(Unknown Source) [na:na]
	at org.mybatis.spring.SqlSessionTemplate.insert(SqlSessionTemplate.java:271) [mybatis-spring-2.0.4.jar:2.0.4]
	at com.baomidou.mybatisplus.core.override.MybatisMapperMethod.execute(MybatisMapperMethod.java:60) [mybatis-plus-core-3.3.2.jar:3.3.2]
	at com.baomidou.mybatisplus.core.override.MybatisMapperProxy.invoke(MybatisMapperProxy.java:96) [mybatis-plus-core-3.3.2.jar:3.3.2]
	at com.sun.proxy.$Proxy86.insert(Unknown Source) [na:na]
	at sun.reflect.GeneratedMethodAccessor65.invoke(Unknown Source) ~[na:na]
	at sun.reflect.DelegatingMethodAccessorImpl.invoke(DelegatingMethodAccessorImpl.java:43) ~[na:1.8.0_261]
	at java.lang.reflect.Method.invoke(Method.java:498) ~[na:1.8.0_261]
	at org.springframework.aop.support.AopUtils.invokeJoinpointUsingReflection(AopUtils.java:344) [spring-aop-5.2.5.RELEASE.jar:5.2.5.RELEASE]
	at org.springframework.aop.framework.ReflectiveMethodInvocation.invokeJoinpoint(ReflectiveMethodInvocation.java:198) [spring-aop-5.2.5.RELEASE.jar:5.2.5.RELEASE]
	at org.springframework.aop.framework.ReflectiveMethodInvocation.proceed(ReflectiveMethodInvocation.java:163) [spring-aop-5.2.5.RELEASE.jar:5.2.5.RELEASE]
	at org.springframework.dao.support.PersistenceExceptionTranslationInterceptor.invoke(PersistenceExceptionTranslationInterceptor.java:139) [spring-tx-5.2.5.RELEASE.jar:5.2.5.RELEASE]
	at org.springframework.aop.framework.ReflectiveMethodInvocation.proceed(ReflectiveMethodInvocation.java:186) [spring-aop-5.2.5.RELEASE.jar:5.2.5.RELEASE]
	at org.springframework.aop.framework.JdkDynamicAopProxy.invoke(JdkDynamicAopProxy.java:212) [spring-aop-5.2.5.RELEASE.jar:5.2.5.RELEASE]
	at com.sun.proxy.$Proxy87.insert(Unknown Source) [na:na]
	at com.leslie.StudentsMapperTest.lambda$null$0(StudentsMapperTest.java:74) [test-classes/:na]
	at java.util.ArrayList.forEach(ArrayList.java:1259) ~[na:1.8.0_261]
	at com.leslie.StudentsMapperTest.lambda$test2$1(StudentsMapperTest.java:72) [test-classes/:na]
	at java.util.ArrayList.forEach(ArrayList.java:1259) ~[na:1.8.0_261]
	at com.leslie.StudentsMapperTest.test2(StudentsMapperTest.java:67) [test-classes/:na]
	at sun.reflect.NativeMethodAccessorImpl.invoke0(Native Method) ~[na:1.8.0_261]
	at sun.reflect.NativeMethodAccessorImpl.invoke(NativeMethodAccessorImpl.java:62) ~[na:1.8.0_261]
	at sun.reflect.DelegatingMethodAccessorImpl.invoke(DelegatingMethodAccessorImpl.java:43) ~[na:1.8.0_261]
	at java.lang.reflect.Method.invoke(Method.java:498) ~[na:1.8.0_261]
	at org.junit.runners.model.FrameworkMethod$1.runReflectiveCall(FrameworkMethod.java:50) ~[junit-4.12.jar:4.12]
	at org.junit.internal.runners.model.ReflectiveCallable.run(ReflectiveCallable.java:12) ~[junit-4.12.jar:4.12]
	at org.junit.runners.model.FrameworkMethod.invokeExplosively(FrameworkMethod.java:47) ~[junit-4.12.jar:4.12]
	at org.junit.internal.runners.statements.InvokeMethod.evaluate(InvokeMethod.java:17) ~[junit-4.12.jar:4.12]
	at org.springframework.test.context.junit4.statements.RunBeforeTestExecutionCallbacks.evaluate(RunBeforeTestExecutionCallbacks.java:74) ~[spring-test-5.2.5.RELEASE.jar:5.2.5.RELEASE]
	at org.springframework.test.context.junit4.statements.RunAfterTestExecutionCallbacks.evaluate(RunAfterTestExecutionCallbacks.java:84) ~[spring-test-5.2.5.RELEASE.jar:5.2.5.RELEASE]
	at org.springframework.test.context.junit4.statements.RunBeforeTestMethodCallbacks.evaluate(RunBeforeTestMethodCallbacks.java:75) ~[spring-test-5.2.5.RELEASE.jar:5.2.5.RELEASE]
	at org.springframework.test.context.junit4.statements.RunAfterTestMethodCallbacks.evaluate(RunAfterTestMethodCallbacks.java:86) ~[spring-test-5.2.5.RELEASE.jar:5.2.5.RELEASE]
	at org.springframework.test.context.junit4.statements.SpringRepeat.evaluate(SpringRepeat.java:84) ~[spring-test-5.2.5.RELEASE.jar:5.2.5.RELEASE]
	at org.junit.runners.ParentRunner.runLeaf(ParentRunner.java:325) ~[junit-4.12.jar:4.12]
	at org.springframework.test.context.junit4.SpringJUnit4ClassRunner.runChild(SpringJUnit4ClassRunner.java:251) ~[spring-test-5.2.5.RELEASE.jar:5.2.5.RELEASE]
	at org.springframework.test.context.junit4.SpringJUnit4ClassRunner.runChild(SpringJUnit4ClassRunner.java:97) ~[spring-test-5.2.5.RELEASE.jar:5.2.5.RELEASE]
	at org.junit.runners.ParentRunner$3.run(ParentRunner.java:290) ~[junit-4.12.jar:4.12]
	at org.junit.runners.ParentRunner$1.schedule(ParentRunner.java:71) ~[junit-4.12.jar:4.12]
	at org.junit.runners.ParentRunner.runChildren(ParentRunner.java:288) ~[junit-4.12.jar:4.12]
	at org.junit.runners.ParentRunner.access$000(ParentRunner.java:58) ~[junit-4.12.jar:4.12]
	at org.junit.runners.ParentRunner$2.evaluate(ParentRunner.java:268) ~[junit-4.12.jar:4.12]
	at org.springframework.test.context.junit4.statements.RunBeforeTestClassCallbacks.evaluate(RunBeforeTestClassCallbacks.java:61) ~[spring-test-5.2.5.RELEASE.jar:5.2.5.RELEASE]
	at org.springframework.test.context.junit4.statements.RunAfterTestClassCallbacks.evaluate(RunAfterTestClassCallbacks.java:70) ~[spring-test-5.2.5.RELEASE.jar:5.2.5.RELEASE]
	at org.junit.runners.ParentRunner.run(ParentRunner.java:363) ~[junit-4.12.jar:4.12]
	at org.springframework.test.context.junit4.SpringJUnit4ClassRunner.run(SpringJUnit4ClassRunner.java:190) ~[spring-test-5.2.5.RELEASE.jar:5.2.5.RELEASE]
	at org.junit.runner.JUnitCore.run(JUnitCore.java:137) ~[junit-4.12.jar:4.12]
	at org.junit.runner.JUnitCore.run(JUnitCore.java:115) ~[junit-4.12.jar:4.12]
	at org.junit.vintage.engine.execution.RunnerExecutor.execute(RunnerExecutor.java:40) ~[junit-vintage-engine-5.5.2.jar:5.5.2]
	at java.util.stream.ForEachOps$ForEachOp$OfRef.accept(ForEachOps.java:184) ~[na:1.8.0_261]
	at java.util.stream.ReferencePipeline$3$1.accept(ReferencePipeline.java:193) ~[na:1.8.0_261]
	at java.util.Iterator.forEachRemaining(Iterator.java:116) ~[na:1.8.0_261]
	at java.util.Spliterators$IteratorSpliterator.forEachRemaining(Spliterators.java:1801) ~[na:1.8.0_261]
	at java.util.stream.AbstractPipeline.copyInto(AbstractPipeline.java:482) ~[na:1.8.0_261]
	at java.util.stream.AbstractPipeline.wrapAndCopyInto(AbstractPipeline.java:472) ~[na:1.8.0_261]
	at java.util.stream.ForEachOps$ForEachOp.evaluateSequential(ForEachOps.java:151) ~[na:1.8.0_261]
	at java.util.stream.ForEachOps$ForEachOp$OfRef.evaluateSequential(ForEachOps.java:174) ~[na:1.8.0_261]
	at java.util.stream.AbstractPipeline.evaluate(AbstractPipeline.java:234) ~[na:1.8.0_261]
	at java.util.stream.ReferencePipeline.forEach(ReferencePipeline.java:418) ~[na:1.8.0_261]
	at org.junit.vintage.engine.VintageTestEngine.executeAllChildren(VintageTestEngine.java:80) ~[junit-vintage-engine-5.5.2.jar:5.5.2]
	at org.junit.vintage.engine.VintageTestEngine.execute(VintageTestEngine.java:71) ~[junit-vintage-engine-5.5.2.jar:5.5.2]
	at org.junit.platform.launcher.core.DefaultLauncher.execute(DefaultLauncher.java:220) ~[junit-platform-launcher-1.3.1.jar:1.3.1]
	at org.junit.platform.launcher.core.DefaultLauncher.lambda$execute$6(DefaultLauncher.java:188) ~[junit-platform-launcher-1.3.1.jar:1.3.1]
	at org.junit.platform.launcher.core.DefaultLauncher.withInterceptedStreams(DefaultLauncher.java:202) ~[junit-platform-launcher-1.3.1.jar:1.3.1]
	at org.junit.platform.launcher.core.DefaultLauncher.execute(DefaultLauncher.java:181) ~[junit-platform-launcher-1.3.1.jar:1.3.1]
	at org.junit.platform.launcher.core.DefaultLauncher.execute(DefaultLauncher.java:128) ~[junit-platform-launcher-1.3.1.jar:1.3.1]
	at org.apache.maven.surefire.junitplatform.JUnitPlatformProvider.invokeAllTests(JUnitPlatformProvider.java:150) ~[surefire-junit-platform-2.22.2.jar:2.22.2]
	at org.apache.maven.surefire.junitplatform.JUnitPlatformProvider.invoke(JUnitPlatformProvider.java:124) ~[surefire-junit-platform-2.22.2.jar:2.22.2]
	at org.apache.maven.surefire.booter.ForkedBooter.invokeProviderInSameClassLoader(ForkedBooter.java:384) ~[surefire-booter-2.22.2.jar:2.22.2]
	at org.apache.maven.surefire.booter.ForkedBooter.runSuitesInProcess(ForkedBooter.java:345) ~[surefire-booter-2.22.2.jar:2.22.2]
	at org.apache.maven.surefire.booter.ForkedBooter.execute(ForkedBooter.java:126) ~[surefire-booter-2.22.2.jar:2.22.2]
	at org.apache.maven.surefire.booter.ForkedBooter.main(ForkedBooter.java:418) ~[surefire-booter-2.22.2.jar:2.22.2]
Caused by: com.mysql.cj.exceptions.CJCommunicationsException: Communications link failure

The last packet successfully received from the server was 19,160 milliseconds ago. The last packet sent successfully to the server was 19,160 milliseconds ago.
	at sun.reflect.NativeConstructorAccessorImpl.newInstance0(Native Method) ~[na:1.8.0_261]
	at sun.reflect.NativeConstructorAccessorImpl.newInstance(NativeConstructorAccessorImpl.java:62) ~[na:1.8.0_261]
	at sun.reflect.DelegatingConstructorAccessorImpl.newInstance(DelegatingConstructorAccessorImpl.java:45) ~[na:1.8.0_261]
	at java.lang.reflect.Constructor.newInstance(Constructor.java:423) ~[na:1.8.0_261]
	at com.mysql.cj.exceptions.ExceptionFactory.createException(ExceptionFactory.java:61) ~[mysql-connector-java-8.0.19.jar:8.0.19]
	at com.mysql.cj.exceptions.ExceptionFactory.createException(ExceptionFactory.java:105) ~[mysql-connector-java-8.0.19.jar:8.0.19]
	at com.mysql.cj.exceptions.ExceptionFactory.createException(ExceptionFactory.java:151) ~[mysql-connector-java-8.0.19.jar:8.0.19]
	at com.mysql.cj.exceptions.ExceptionFactory.createCommunicationsException(ExceptionFactory.java:167) ~[mysql-connector-java-8.0.19.jar:8.0.19]
	at com.mysql.cj.protocol.a.NativeProtocol.readMessage(NativeProtocol.java:539) ~[mysql-connector-java-8.0.19.jar:8.0.19]
	at com.mysql.cj.protocol.a.NativeProtocol.checkErrorMessage(NativeProtocol.java:703) ~[mysql-connector-java-8.0.19.jar:8.0.19]
	at com.mysql.cj.protocol.a.NativeProtocol.sendCommand(NativeProtocol.java:642) ~[mysql-connector-java-8.0.19.jar:8.0.19]
	at com.mysql.cj.protocol.a.NativeProtocol.sendQueryPacket(NativeProtocol.java:941) ~[mysql-connector-java-8.0.19.jar:8.0.19]
	at com.mysql.cj.NativeSession.execSQL(NativeSession.java:1075) ~[mysql-connector-java-8.0.19.jar:8.0.19]
	at com.mysql.cj.jdbc.ClientPreparedStatement.executeInternal(ClientPreparedStatement.java:930) ~[mysql-connector-java-8.0.19.jar:8.0.19]
	... 90 common frames omitted
Caused by: java.net.SocketTimeoutException: Read timed out
	at java.net.SocketInputStream.socketRead0(Native Method) ~[na:1.8.0_261]
	at java.net.SocketInputStream.socketRead(SocketInputStream.java:116) ~[na:1.8.0_261]
	at java.net.SocketInputStream.read(SocketInputStream.java:171) ~[na:1.8.0_261]
	at java.net.SocketInputStream.read(SocketInputStream.java:141) ~[na:1.8.0_261]
	at com.mysql.cj.protocol.ReadAheadInputStream.fill(ReadAheadInputStream.java:107) ~[mysql-connector-java-8.0.19.jar:8.0.19]
	at com.mysql.cj.protocol.ReadAheadInputStream.readFromUnderlyingStreamIfNecessary(ReadAheadInputStream.java:150) ~[mysql-connector-java-8.0.19.jar:8.0.19]
	at com.mysql.cj.protocol.ReadAheadInputStream.read(ReadAheadInputStream.java:180) ~[mysql-connector-java-8.0.19.jar:8.0.19]
	at java.io.FilterInputStream.read(FilterInputStream.java:133) ~[na:1.8.0_261]
	at com.mysql.cj.protocol.FullReadInputStream.readFully(FullReadInputStream.java:64) ~[mysql-connector-java-8.0.19.jar:8.0.19]
	at com.mysql.cj.protocol.a.SimplePacketReader.readHeader(SimplePacketReader.java:63) ~[mysql-connector-java-8.0.19.jar:8.0.19]
	at com.mysql.cj.protocol.a.SimplePacketReader.readHeader(SimplePacketReader.java:45) ~[mysql-connector-java-8.0.19.jar:8.0.19]
	at com.mysql.cj.protocol.a.TimeTrackingPacketReader.readHeader(TimeTrackingPacketReader.java:52) ~[mysql-connector-java-8.0.19.jar:8.0.19]
	at com.mysql.cj.protocol.a.TimeTrackingPacketReader.readHeader(TimeTrackingPacketReader.java:41) ~[mysql-connector-java-8.0.19.jar:8.0.19]
	at com.mysql.cj.protocol.a.MultiPacketReader.readHeader(MultiPacketReader.java:54) ~[mysql-connector-java-8.0.19.jar:8.0.19]
	at com.mysql.cj.protocol.a.MultiPacketReader.readHeader(MultiPacketReader.java:44) ~[mysql-connector-java-8.0.19.jar:8.0.19]
	at com.mysql.cj.protocol.a.NativeProtocol.readMessage(NativeProtocol.java:533) ~[mysql-connector-java-8.0.19.jar:8.0.19]
	... 95 common frames omitted

Closing non transactional SqlSession [org.apache.ibatis.session.defaults.DefaultSqlSession@1926f962]
]]></system-out>
  </testcase>
  <testcase name="test3" classname="com.leslie.StudentsMapperTest" time="78.765">
    <error message="&#10;### Error updating database.  Cause: com.mysql.cj.jdbc.exceptions.CommunicationsException: Communications link failure&#10;&#10;The last packet successfully received from the server was 19,141 milliseconds ago. The last packet sent successfully to the server was 19,141 milliseconds ago.&#10;### The error may exist in com/leslie/mapper/TrendMapper.java (best guess)&#10;### The error may involve com.leslie.mapper.TrendMapper.insert-Inline&#10;### The error occurred while setting parameters&#10;### SQL: INSERT INTO L_trend  ( date, sure_Cnt, die_Cnt, cure_Cnt, doubt_Cnt )  VALUES  ( ?, ?, ?, ?, ? )&#10;### Cause: com.mysql.cj.jdbc.exceptions.CommunicationsException: Communications link failure&#10;&#10;The last packet successfully received from the server was 19,141 milliseconds ago. The last packet sent successfully to the server was 19,141 milliseconds ago.&#10;; Communications link failure&#10;&#10;The last packet successfully received from the server was 19,141 milliseconds ago. The last packet sent successfully to the server was 19,141 milliseconds ago.; nested exception is com.mysql.cj.jdbc.exceptions.CommunicationsException: Communications link failure&#10;&#10;The last packet successfully received from the server was 19,141 milliseconds ago. The last packet sent successfully to the server was 19,141 milliseconds ago." type="org.springframework.dao.RecoverableDataAccessException">org.springframework.dao.RecoverableDataAccessException: 

### Error updating database.  Cause: com.mysql.cj.jdbc.exceptions.CommunicationsException: Communications link failure

The last packet successfully received from the server was 19,141 milliseconds ago. The last packet sent successfully to the server was 19,141 milliseconds ago.
### The error may exist in com/leslie/mapper/TrendMapper.java (best guess)
### The error may involve com.leslie.mapper.TrendMapper.insert-Inline
### The error occurred while setting parameters
### SQL: INSERT INTO L_trend  ( date, sure_Cnt, die_Cnt, cure_Cnt, doubt_Cnt )  VALUES  ( ?, ?, ?, ?, ? )
### Cause: com.mysql.cj.jdbc.exceptions.CommunicationsException: Communications link failure

The last packet successfully received from the server was 19,141 milliseconds ago. The last packet sent successfully to the server was 19,141 milliseconds ago.
; Communications link failure

The last packet successfully received from the server was 19,141 milliseconds ago. The last packet sent successfully to the server was 19,141 milliseconds ago.; nested exception is com.mysql.cj.jdbc.exceptions.CommunicationsException: Communications link failure

The last packet successfully received from the server was 19,141 milliseconds ago. The last packet sent successfully to the server was 19,141 milliseconds ago.
	at com.leslie.StudentsMapperTest.lambda$test3$2(StudentsMapperTest.java:91)
	at com.leslie.StudentsMapperTest.test3(StudentsMapperTest.java:90)
Caused by: com.mysql.cj.jdbc.exceptions.CommunicationsException: 
Communications link failure

The last packet successfully received from the server was 19,141 milliseconds ago. The last packet sent successfully to the server was 19,141 milliseconds ago.
	at com.leslie.StudentsMapperTest.lambda$test3$2(StudentsMapperTest.java:91)
	at com.leslie.StudentsMapperTest.test3(StudentsMapperTest.java:90)
Caused by: com.mysql.cj.exceptions.CJCommunicationsException: 
Communications link failure

The last packet successfully received from the server was 19,141 milliseconds ago. The last packet sent successfully to the server was 19,141 milliseconds ago.
	at com.leslie.StudentsMapperTest.lambda$test3$2(StudentsMapperTest.java:91)
	at com.leslie.StudentsMapperTest.test3(StudentsMapperTest.java:90)
Caused by: java.net.SocketTimeoutException: Read timed out
	at com.leslie.StudentsMapperTest.lambda$test3$2(StudentsMapperTest.java:91)
	at com.leslie.StudentsMapperTest.test3(StudentsMapperTest.java:90)
</error>
    <system-out><![CDATA[2021-02-05 13:21:47.724  INFO 19220 --- [           main] com.leslie.utils.RemoteUtils             : execute get request url:https://ncovdata.market.alicloudapi.com/ncov/cityDiseaseInfoWithTrend
Creating a new SqlSession
SqlSession [org.apache.ibatis.session.defaults.DefaultSqlSession@335972a5] was not registered for synchronization because synchronization is not active
JDBC Connection [HikariProxyConnection@1503837905 wrapping com.mysql.cj.jdbc.ConnectionImpl@49f2646] will not be managed by Spring
==>  Preparing: INSERT INTO L_trend ( date, sure_Cnt, die_Cnt, cure_Cnt, doubt_Cnt ) VALUES ( ?, ?, ?, ?, ? ) 
==> Parameters: 1.10(String), 27(Integer), 0(Integer), 2(Integer), 0(Integer)
<==    Updates: 1
Closing non transactional SqlSession [org.apache.ibatis.session.defaults.DefaultSqlSession@335972a5]
Creating a new SqlSession
SqlSession [org.apache.ibatis.session.defaults.DefaultSqlSession@309cf657] was not registered for synchronization because synchronization is not active
JDBC Connection [HikariProxyConnection@1296845588 wrapping com.mysql.cj.jdbc.ConnectionImpl@49f2646] will not be managed by Spring
==>  Preparing: INSERT INTO L_trend ( date, sure_Cnt, die_Cnt, cure_Cnt, doubt_Cnt ) VALUES ( ?, ?, ?, ?, ? ) 
==> Parameters: 1.11(String), 41(Integer), 1(Integer), 6(Integer), 0(Integer)
<==    Updates: 1
Closing non transactional SqlSession [org.apache.ibatis.session.defaults.DefaultSqlSession@309cf657]
Creating a new SqlSession
SqlSession [org.apache.ibatis.session.defaults.DefaultSqlSession@46ee7013] was not registered for synchronization because synchronization is not active
JDBC Connection [HikariProxyConnection@1775601457 wrapping com.mysql.cj.jdbc.ConnectionImpl@49f2646] will not be managed by Spring
==>  Preparing: INSERT INTO L_trend ( date, sure_Cnt, die_Cnt, cure_Cnt, doubt_Cnt ) VALUES ( ?, ?, ?, ?, ? ) 
==> Parameters: 1.12(String), 41(Integer), 1(Integer), 7(Integer), 0(Integer)
<==    Updates: 1
Closing non transactional SqlSession [org.apache.ibatis.session.defaults.DefaultSqlSession@46ee7013]
Creating a new SqlSession
SqlSession [org.apache.ibatis.session.defaults.DefaultSqlSession@2e0163cb] was not registered for synchronization because synchronization is not active
JDBC Connection [HikariProxyConnection@1797821749 wrapping com.mysql.cj.jdbc.ConnectionImpl@49f2646] will not be managed by Spring
==>  Preparing: INSERT INTO L_trend ( date, sure_Cnt, die_Cnt, cure_Cnt, doubt_Cnt ) VALUES ( ?, ?, ?, ?, ? ) 
==> Parameters: 1.13(String), 41(Integer), 1(Integer), 7(Integer), 0(Integer)
<==    Updates: 1
Closing non transactional SqlSession [org.apache.ibatis.session.defaults.DefaultSqlSession@2e0163cb]
Creating a new SqlSession
SqlSession [org.apache.ibatis.session.defaults.DefaultSqlSession@1d7f7962] was not registered for synchronization because synchronization is not active
JDBC Connection [HikariProxyConnection@852612805 wrapping com.mysql.cj.jdbc.ConnectionImpl@49f2646] will not be managed by Spring
==>  Preparing: INSERT INTO L_trend ( date, sure_Cnt, die_Cnt, cure_Cnt, doubt_Cnt ) VALUES ( ?, ?, ?, ?, ? ) 
==> Parameters: 1.14(String), 41(Integer), 1(Integer), 7(Integer), 0(Integer)
<==    Updates: 1
Closing non transactional SqlSession [org.apache.ibatis.session.defaults.DefaultSqlSession@1d7f7962]
Creating a new SqlSession
SqlSession [org.apache.ibatis.session.defaults.DefaultSqlSession@3e8afc2d] was not registered for synchronization because synchronization is not active
JDBC Connection [HikariProxyConnection@243883582 wrapping com.mysql.cj.jdbc.ConnectionImpl@49f2646] will not be managed by Spring
==>  Preparing: INSERT INTO L_trend ( date, sure_Cnt, die_Cnt, cure_Cnt, doubt_Cnt ) VALUES ( ?, ?, ?, ?, ? ) 
==> Parameters: 1.15(String), 41(Integer), 2(Integer), 12(Integer), 0(Integer)
<==    Updates: 1
Closing non transactional SqlSession [org.apache.ibatis.session.defaults.DefaultSqlSession@3e8afc2d]
Creating a new SqlSession
SqlSession [org.apache.ibatis.session.defaults.DefaultSqlSession@e7d0db2] was not registered for synchronization because synchronization is not active
JDBC Connection [HikariProxyConnection@1245825773 wrapping com.mysql.cj.jdbc.ConnectionImpl@49f2646] will not be managed by Spring
==>  Preparing: INSERT INTO L_trend ( date, sure_Cnt, die_Cnt, cure_Cnt, doubt_Cnt ) VALUES ( ?, ?, ?, ?, ? ) 
==> Parameters: 1.16(String), 45(Integer), 2(Integer), 15(Integer), 0(Integer)
<==    Updates: 1
Closing non transactional SqlSession [org.apache.ibatis.session.defaults.DefaultSqlSession@e7d0db2]
Creating a new SqlSession
SqlSession [org.apache.ibatis.session.defaults.DefaultSqlSession@12723c5d] was not registered for synchronization because synchronization is not active
JDBC Connection [HikariProxyConnection@1453365852 wrapping com.mysql.cj.jdbc.ConnectionImpl@49f2646] will not be managed by Spring
==>  Preparing: INSERT INTO L_trend ( date, sure_Cnt, die_Cnt, cure_Cnt, doubt_Cnt ) VALUES ( ?, ?, ?, ?, ? ) 
==> Parameters: 1.17(String), 62(Integer), 2(Integer), 19(Integer), 0(Integer)
<==    Updates: 1
Closing non transactional SqlSession [org.apache.ibatis.session.defaults.DefaultSqlSession@12723c5d]
Creating a new SqlSession
SqlSession [org.apache.ibatis.session.defaults.DefaultSqlSession@2567c091] was not registered for synchronization because synchronization is not active
JDBC Connection [HikariProxyConnection@2001194011 wrapping com.mysql.cj.jdbc.ConnectionImpl@49f2646] will not be managed by Spring
==>  Preparing: INSERT INTO L_trend ( date, sure_Cnt, die_Cnt, cure_Cnt, doubt_Cnt ) VALUES ( ?, ?, ?, ?, ? ) 
==> Parameters: 1.18(String), 121(Integer), 3(Integer), 24(Integer), 0(Integer)
<==    Updates: 1
Closing non transactional SqlSession [org.apache.ibatis.session.defaults.DefaultSqlSession@2567c091]
Creating a new SqlSession
SqlSession [org.apache.ibatis.session.defaults.DefaultSqlSession@6fc7e828] was not registered for synchronization because synchronization is not active
JDBC Connection [HikariProxyConnection@648660703 wrapping com.mysql.cj.jdbc.ConnectionImpl@49f2646] will not be managed by Spring
==>  Preparing: INSERT INTO L_trend ( date, sure_Cnt, die_Cnt, cure_Cnt, doubt_Cnt ) VALUES ( ?, ?, ?, ?, ? ) 
==> Parameters: 1.19(String), 198(Integer), 4(Integer), 25(Integer), 0(Integer)
<==    Updates: 1
Closing non transactional SqlSession [org.apache.ibatis.session.defaults.DefaultSqlSession@6fc7e828]
Creating a new SqlSession
SqlSession [org.apache.ibatis.session.defaults.DefaultSqlSession@76eadc5a] was not registered for synchronization because synchronization is not active
JDBC Connection [HikariProxyConnection@513635174 wrapping com.mysql.cj.jdbc.ConnectionImpl@49f2646] will not be managed by Spring
==>  Preparing: INSERT INTO L_trend ( date, sure_Cnt, die_Cnt, cure_Cnt, doubt_Cnt ) VALUES ( ?, ?, ?, ?, ? ) 
==> Parameters: 1.20(String), 291(Integer), 6(Integer), 25(Integer), 54(Integer)
<==    Updates: 1
Closing non transactional SqlSession [org.apache.ibatis.session.defaults.DefaultSqlSession@76eadc5a]
Creating a new SqlSession
SqlSession [org.apache.ibatis.session.defaults.DefaultSqlSession@417446d9] was not registered for synchronization because synchronization is not active
JDBC Connection [HikariProxyConnection@872877010 wrapping com.mysql.cj.jdbc.ConnectionImpl@49f2646] will not be managed by Spring
==>  Preparing: INSERT INTO L_trend ( date, sure_Cnt, die_Cnt, cure_Cnt, doubt_Cnt ) VALUES ( ?, ?, ?, ?, ? ) 
==> Parameters: 1.21(String), 440(Integer), 9(Integer), 25(Integer), 91(Integer)
<==    Updates: 1
Closing non transactional SqlSession [org.apache.ibatis.session.defaults.DefaultSqlSession@417446d9]
Creating a new SqlSession
SqlSession [org.apache.ibatis.session.defaults.DefaultSqlSession@7e76a66f] was not registered for synchronization because synchronization is not active
JDBC Connection [HikariProxyConnection@1914928104 wrapping com.mysql.cj.jdbc.ConnectionImpl@49f2646] will not be managed by Spring
==>  Preparing: INSERT INTO L_trend ( date, sure_Cnt, die_Cnt, cure_Cnt, doubt_Cnt ) VALUES ( ?, ?, ?, ?, ? ) 
==> Parameters: 1.22(String), 574(Integer), 17(Integer), 25(Integer), 257(Integer)
<==    Updates: 1
Closing non transactional SqlSession [org.apache.ibatis.session.defaults.DefaultSqlSession@7e76a66f]
Creating a new SqlSession
SqlSession [org.apache.ibatis.session.defaults.DefaultSqlSession@68f69ca3] was not registered for synchronization because synchronization is not active
JDBC Connection [HikariProxyConnection@31676014 wrapping com.mysql.cj.jdbc.ConnectionImpl@49f2646] will not be managed by Spring
==>  Preparing: INSERT INTO L_trend ( date, sure_Cnt, die_Cnt, cure_Cnt, doubt_Cnt ) VALUES ( ?, ?, ?, ?, ? ) 
==> Parameters: 1.23(String), 835(Integer), 25(Integer), 34(Integer), 1072(Integer)
<==    Updates: 1
Closing non transactional SqlSession [org.apache.ibatis.session.defaults.DefaultSqlSession@68f69ca3]
Creating a new SqlSession
SqlSession [org.apache.ibatis.session.defaults.DefaultSqlSession@14ca88bc] was not registered for synchronization because synchronization is not active
JDBC Connection [HikariProxyConnection@251788397 wrapping com.mysql.cj.jdbc.ConnectionImpl@49f2646] will not be managed by Spring
==>  Preparing: INSERT INTO L_trend ( date, sure_Cnt, die_Cnt, cure_Cnt, doubt_Cnt ) VALUES ( ?, ?, ?, ?, ? ) 
==> Parameters: 1.24(String), 1297(Integer), 41(Integer), 38(Integer), 1965(Integer)
<==    Updates: 1
Closing non transactional SqlSession [org.apache.ibatis.session.defaults.DefaultSqlSession@14ca88bc]
Creating a new SqlSession
SqlSession [org.apache.ibatis.session.defaults.DefaultSqlSession@2842c098] was not registered for synchronization because synchronization is not active
JDBC Connection [HikariProxyConnection@673231721 wrapping com.mysql.cj.jdbc.ConnectionImpl@49f2646] will not be managed by Spring
==>  Preparing: INSERT INTO L_trend ( date, sure_Cnt, die_Cnt, cure_Cnt, doubt_Cnt ) VALUES ( ?, ?, ?, ?, ? ) 
==> Parameters: 1.25(String), 1985(Integer), 56(Integer), 49(Integer), 2684(Integer)
<==    Updates: 1
Closing non transactional SqlSession [org.apache.ibatis.session.defaults.DefaultSqlSession@2842c098]
Creating a new SqlSession
SqlSession [org.apache.ibatis.session.defaults.DefaultSqlSession@540212be] was not registered for synchronization because synchronization is not active
JDBC Connection [HikariProxyConnection@39296394 wrapping com.mysql.cj.jdbc.ConnectionImpl@49f2646] will not be managed by Spring
==>  Preparing: INSERT INTO L_trend ( date, sure_Cnt, die_Cnt, cure_Cnt, doubt_Cnt ) VALUES ( ?, ?, ?, ?, ? ) 
==> Parameters: 1.26(String), 2761(Integer), 80(Integer), 51(Integer), 5794(Integer)
<==    Updates: 1
Closing non transactional SqlSession [org.apache.ibatis.session.defaults.DefaultSqlSession@540212be]
Creating a new SqlSession
SqlSession [org.apache.ibatis.session.defaults.DefaultSqlSession@3af39e7b] was not registered for synchronization because synchronization is not active
JDBC Connection [HikariProxyConnection@83296098 wrapping com.mysql.cj.jdbc.ConnectionImpl@49f2646] will not be managed by Spring
==>  Preparing: INSERT INTO L_trend ( date, sure_Cnt, die_Cnt, cure_Cnt, doubt_Cnt ) VALUES ( ?, ?, ?, ?, ? ) 
==> Parameters: 1.27(String), 4535(Integer), 106(Integer), 60(Integer), 6973(Integer)
<==    Updates: 1
Closing non transactional SqlSession [org.apache.ibatis.session.defaults.DefaultSqlSession@3af39e7b]
Creating a new SqlSession
SqlSession [org.apache.ibatis.session.defaults.DefaultSqlSession@433ae0b0] was not registered for synchronization because synchronization is not active
JDBC Connection [HikariProxyConnection@1887701594 wrapping com.mysql.cj.jdbc.ConnectionImpl@49f2646] will not be managed by Spring
==>  Preparing: INSERT INTO L_trend ( date, sure_Cnt, die_Cnt, cure_Cnt, doubt_Cnt ) VALUES ( ?, ?, ?, ?, ? ) 
==> Parameters: 1.28(String), 5997(Integer), 132(Integer), 103(Integer), 9239(Integer)
<==    Updates: 1
Closing non transactional SqlSession [org.apache.ibatis.session.defaults.DefaultSqlSession@433ae0b0]
Creating a new SqlSession
SqlSession [org.apache.ibatis.session.defaults.DefaultSqlSession@6e9f8160] was not registered for synchronization because synchronization is not active
JDBC Connection [HikariProxyConnection@1050247219 wrapping com.mysql.cj.jdbc.ConnectionImpl@49f2646] will not be managed by Spring
==>  Preparing: INSERT INTO L_trend ( date, sure_Cnt, die_Cnt, cure_Cnt, doubt_Cnt ) VALUES ( ?, ?, ?, ?, ? ) 
==> Parameters: 1.29(String), 7736(Integer), 170(Integer), 124(Integer), 12167(Integer)
<==    Updates: 1
Closing non transactional SqlSession [org.apache.ibatis.session.defaults.DefaultSqlSession@6e9f8160]
Creating a new SqlSession
SqlSession [org.apache.ibatis.session.defaults.DefaultSqlSession@407b41e6] was not registered for synchronization because synchronization is not active
JDBC Connection [HikariProxyConnection@848419266 wrapping com.mysql.cj.jdbc.ConnectionImpl@49f2646] will not be managed by Spring
==>  Preparing: INSERT INTO L_trend ( date, sure_Cnt, die_Cnt, cure_Cnt, doubt_Cnt ) VALUES ( ?, ?, ?, ?, ? ) 
==> Parameters: 1.30(String), 9720(Integer), 213(Integer), 171(Integer), 15238(Integer)
<==    Updates: 1
Closing non transactional SqlSession [org.apache.ibatis.session.defaults.DefaultSqlSession@407b41e6]
Creating a new SqlSession
SqlSession [org.apache.ibatis.session.defaults.DefaultSqlSession@4ea48b2e] was not registered for synchronization because synchronization is not active
JDBC Connection [HikariProxyConnection@1925645553 wrapping com.mysql.cj.jdbc.ConnectionImpl@49f2646] will not be managed by Spring
==>  Preparing: INSERT INTO L_trend ( date, sure_Cnt, die_Cnt, cure_Cnt, doubt_Cnt ) VALUES ( ?, ?, ?, ?, ? ) 
==> Parameters: 1.31(String), 11821(Integer), 259(Integer), 243(Integer), 17988(Integer)
<==    Updates: 1
Closing non transactional SqlSession [org.apache.ibatis.session.defaults.DefaultSqlSession@4ea48b2e]
Creating a new SqlSession
SqlSession [org.apache.ibatis.session.defaults.DefaultSqlSession@1c05097c] was not registered for synchronization because synchronization is not active
JDBC Connection [HikariProxyConnection@1445947009 wrapping com.mysql.cj.jdbc.ConnectionImpl@49f2646] will not be managed by Spring
==>  Preparing: INSERT INTO L_trend ( date, sure_Cnt, die_Cnt, cure_Cnt, doubt_Cnt ) VALUES ( ?, ?, ?, ?, ? ) 
==> Parameters: 2.01(String), 14411(Integer), 304(Integer), 328(Integer), 19544(Integer)
<==    Updates: 1
Closing non transactional SqlSession [org.apache.ibatis.session.defaults.DefaultSqlSession@1c05097c]
Creating a new SqlSession
SqlSession [org.apache.ibatis.session.defaults.DefaultSqlSession@3dea1ecc] was not registered for synchronization because synchronization is not active
JDBC Connection [HikariProxyConnection@274492574 wrapping com.mysql.cj.jdbc.ConnectionImpl@49f2646] will not be managed by Spring
==>  Preparing: INSERT INTO L_trend ( date, sure_Cnt, die_Cnt, cure_Cnt, doubt_Cnt ) VALUES ( ?, ?, ?, ?, ? ) 
==> Parameters: 2.02(String), 17238(Integer), 361(Integer), 475(Integer), 21558(Integer)
<==    Updates: 1
Closing non transactional SqlSession [org.apache.ibatis.session.defaults.DefaultSqlSession@3dea1ecc]
Creating a new SqlSession
SqlSession [org.apache.ibatis.session.defaults.DefaultSqlSession@65a4b9d6] was not registered for synchronization because synchronization is not active
JDBC Connection [HikariProxyConnection@384766304 wrapping com.mysql.cj.jdbc.ConnectionImpl@49f2646] will not be managed by Spring
==>  Preparing: INSERT INTO L_trend ( date, sure_Cnt, die_Cnt, cure_Cnt, doubt_Cnt ) VALUES ( ?, ?, ?, ?, ? ) 
==> Parameters: 2.03(String), 20471(Integer), 425(Integer), 632(Integer), 23214(Integer)
<==    Updates: 1
Closing non transactional SqlSession [org.apache.ibatis.session.defaults.DefaultSqlSession@65a4b9d6]
Creating a new SqlSession
SqlSession [org.apache.ibatis.session.defaults.DefaultSqlSession@2773504f] was not registered for synchronization because synchronization is not active
JDBC Connection [HikariProxyConnection@1232675280 wrapping com.mysql.cj.jdbc.ConnectionImpl@49f2646] will not be managed by Spring
==>  Preparing: INSERT INTO L_trend ( date, sure_Cnt, die_Cnt, cure_Cnt, doubt_Cnt ) VALUES ( ?, ?, ?, ?, ? ) 
==> Parameters: 2.04(String), 24363(Integer), 491(Integer), 892(Integer), 23260(Integer)
<==    Updates: 1
Closing non transactional SqlSession [org.apache.ibatis.session.defaults.DefaultSqlSession@2773504f]
Creating a new SqlSession
SqlSession [org.apache.ibatis.session.defaults.DefaultSqlSession@53918b5e] was not registered for synchronization because synchronization is not active
JDBC Connection [HikariProxyConnection@1399215965 wrapping com.mysql.cj.jdbc.ConnectionImpl@49f2646] will not be managed by Spring
==>  Preparing: INSERT INTO L_trend ( date, sure_Cnt, die_Cnt, cure_Cnt, doubt_Cnt ) VALUES ( ?, ?, ?, ?, ? ) 
==> Parameters: 2.05(String), 28060(Integer), 564(Integer), 1153(Integer), 24702(Integer)
<==    Updates: 1
Closing non transactional SqlSession [org.apache.ibatis.session.defaults.DefaultSqlSession@53918b5e]
Creating a new SqlSession
SqlSession [org.apache.ibatis.session.defaults.DefaultSqlSession@40dee07b] was not registered for synchronization because synchronization is not active
JDBC Connection [HikariProxyConnection@568564610 wrapping com.mysql.cj.jdbc.ConnectionImpl@49f2646] will not be managed by Spring
==>  Preparing: INSERT INTO L_trend ( date, sure_Cnt, die_Cnt, cure_Cnt, doubt_Cnt ) VALUES ( ?, ?, ?, ?, ? ) 
==> Parameters: 2.06(String), 31197(Integer), 637(Integer), 1542(Integer), 26358(Integer)
<==    Updates: 1
Closing non transactional SqlSession [org.apache.ibatis.session.defaults.DefaultSqlSession@40dee07b]
Creating a new SqlSession
SqlSession [org.apache.ibatis.session.defaults.DefaultSqlSession@256a5df0] was not registered for synchronization because synchronization is not active
JDBC Connection [HikariProxyConnection@409529684 wrapping com.mysql.cj.jdbc.ConnectionImpl@49f2646] will not be managed by Spring
==>  Preparing: INSERT INTO L_trend ( date, sure_Cnt, die_Cnt, cure_Cnt, doubt_Cnt ) VALUES ( ?, ?, ?, ?, ? ) 
==> Parameters: 2.07(String), 34594(Integer), 723(Integer), 2051(Integer), 27653(Integer)
<==    Updates: 1
Closing non transactional SqlSession [org.apache.ibatis.session.defaults.DefaultSqlSession@256a5df0]
Creating a new SqlSession
SqlSession [org.apache.ibatis.session.defaults.DefaultSqlSession@73a5d86c] was not registered for synchronization because synchronization is not active
JDBC Connection [HikariProxyConnection@754485505 wrapping com.mysql.cj.jdbc.ConnectionImpl@49f2646] will not be managed by Spring
==>  Preparing: INSERT INTO L_trend ( date, sure_Cnt, die_Cnt, cure_Cnt, doubt_Cnt ) VALUES ( ?, ?, ?, ?, ? ) 
==> Parameters: 2.08(String), 37162(Integer), 812(Integer), 2651(Integer), 28942(Integer)
<==    Updates: 1
Closing non transactional SqlSession [org.apache.ibatis.session.defaults.DefaultSqlSession@73a5d86c]
Creating a new SqlSession
SqlSession [org.apache.ibatis.session.defaults.DefaultSqlSession@612ac38b] was not registered for synchronization because synchronization is not active
JDBC Connection [HikariProxyConnection@166919726 wrapping com.mysql.cj.jdbc.ConnectionImpl@49f2646] will not be managed by Spring
==>  Preparing: INSERT INTO L_trend ( date, sure_Cnt, die_Cnt, cure_Cnt, doubt_Cnt ) VALUES ( ?, ?, ?, ?, ? ) 
==> Parameters: 2.09(String), 40222(Integer), 909(Integer), 3282(Integer), 23589(Integer)
<==    Updates: 1
Closing non transactional SqlSession [org.apache.ibatis.session.defaults.DefaultSqlSession@612ac38b]
Creating a new SqlSession
SqlSession [org.apache.ibatis.session.defaults.DefaultSqlSession@4e26987b] was not registered for synchronization because synchronization is not active
JDBC Connection [HikariProxyConnection@1354439711 wrapping com.mysql.cj.jdbc.ConnectionImpl@49f2646] will not be managed by Spring
==>  Preparing: INSERT INTO L_trend ( date, sure_Cnt, die_Cnt, cure_Cnt, doubt_Cnt ) VALUES ( ?, ?, ?, ?, ? ) 
==> Parameters: 2.10(String), 42708(Integer), 1017(Integer), 3998(Integer), 21675(Integer)
<==    Updates: 1
Closing non transactional SqlSession [org.apache.ibatis.session.defaults.DefaultSqlSession@4e26987b]
Creating a new SqlSession
SqlSession [org.apache.ibatis.session.defaults.DefaultSqlSession@31e3c34] was not registered for synchronization because synchronization is not active
JDBC Connection [HikariProxyConnection@189629356 wrapping com.mysql.cj.jdbc.ConnectionImpl@49f2646] will not be managed by Spring
==>  Preparing: INSERT INTO L_trend ( date, sure_Cnt, die_Cnt, cure_Cnt, doubt_Cnt ) VALUES ( ?, ?, ?, ?, ? ) 
==> Parameters: 2.11(String), 44730(Integer), 1114(Integer), 4742(Integer), 16067(Integer)
<==    Updates: 1
Closing non transactional SqlSession [org.apache.ibatis.session.defaults.DefaultSqlSession@31e3c34]
Creating a new SqlSession
SqlSession [org.apache.ibatis.session.defaults.DefaultSqlSession@14993306] was not registered for synchronization because synchronization is not active
JDBC Connection [HikariProxyConnection@1940816602 wrapping com.mysql.cj.jdbc.ConnectionImpl@49f2646] will not be managed by Spring
==>  Preparing: INSERT INTO L_trend ( date, sure_Cnt, die_Cnt, cure_Cnt, doubt_Cnt ) VALUES ( ?, ?, ?, ?, ? ) 
==> Parameters: 2.12(String), 58839(Integer), 1260(Integer), 5646(Integer), 13435(Integer)
<==    Updates: 1
Closing non transactional SqlSession [org.apache.ibatis.session.defaults.DefaultSqlSession@14993306]
Creating a new SqlSession
SqlSession [org.apache.ibatis.session.defaults.DefaultSqlSession@7109b603] was not registered for synchronization because synchronization is not active
JDBC Connection [HikariProxyConnection@1991656106 wrapping com.mysql.cj.jdbc.ConnectionImpl@49f2646] will not be managed by Spring
==>  Preparing: INSERT INTO L_trend ( date, sure_Cnt, die_Cnt, cure_Cnt, doubt_Cnt ) VALUES ( ?, ?, ?, ?, ? ) 
==> Parameters: 2.13(String), 63932(Integer), 1381(Integer), 6728(Integer), 10109(Integer)
<==    Updates: 1
Closing non transactional SqlSession [org.apache.ibatis.session.defaults.DefaultSqlSession@7109b603]
Creating a new SqlSession
SqlSession [org.apache.ibatis.session.defaults.DefaultSqlSession@1468e880] was not registered for synchronization because synchronization is not active
JDBC Connection [HikariProxyConnection@1351568309 wrapping com.mysql.cj.jdbc.ConnectionImpl@49f2646] will not be managed by Spring
==>  Preparing: INSERT INTO L_trend ( date, sure_Cnt, die_Cnt, cure_Cnt, doubt_Cnt ) VALUES ( ?, ?, ?, ?, ? ) 
==> Parameters: 2.14(String), 66575(Integer), 1524(Integer), 8101(Integer), 8969(Integer)
<==    Updates: 1
Closing non transactional SqlSession [org.apache.ibatis.session.defaults.DefaultSqlSession@1468e880]
Creating a new SqlSession
SqlSession [org.apache.ibatis.session.defaults.DefaultSqlSession@42066f0d] was not registered for synchronization because synchronization is not active
JDBC Connection [HikariProxyConnection@1753110043 wrapping com.mysql.cj.jdbc.ConnectionImpl@49f2646] will not be managed by Spring
==>  Preparing: INSERT INTO L_trend ( date, sure_Cnt, die_Cnt, cure_Cnt, doubt_Cnt ) VALUES ( ?, ?, ?, ?, ? ) 
==> Parameters: 2.15(String), 68584(Integer), 1666(Integer), 9425(Integer), 8228(Integer)
<==    Updates: 1
Closing non transactional SqlSession [org.apache.ibatis.session.defaults.DefaultSqlSession@42066f0d]
Creating a new SqlSession
SqlSession [org.apache.ibatis.session.defaults.DefaultSqlSession@4f7ae05] was not registered for synchronization because synchronization is not active
JDBC Connection [HikariProxyConnection@505671182 wrapping com.mysql.cj.jdbc.ConnectionImpl@49f2646] will not be managed by Spring
==>  Preparing: INSERT INTO L_trend ( date, sure_Cnt, die_Cnt, cure_Cnt, doubt_Cnt ) VALUES ( ?, ?, ?, ?, ? ) 
==> Parameters: 2.16(String), 70635(Integer), 1772(Integer), 10853(Integer), 7264(Integer)
<==    Updates: 1
Closing non transactional SqlSession [org.apache.ibatis.session.defaults.DefaultSqlSession@4f7ae05]
Creating a new SqlSession
SqlSession [org.apache.ibatis.session.defaults.DefaultSqlSession@1ac3a6f] was not registered for synchronization because synchronization is not active
JDBC Connection [HikariProxyConnection@16705482 wrapping com.mysql.cj.jdbc.ConnectionImpl@49f2646] will not be managed by Spring
==>  Preparing: INSERT INTO L_trend ( date, sure_Cnt, die_Cnt, cure_Cnt, doubt_Cnt ) VALUES ( ?, ?, ?, ?, ? ) 
==> Parameters: 2.17(String), 72528(Integer), 1870(Integer), 12561(Integer), 6242(Integer)
<==    Updates: 1
Closing non transactional SqlSession [org.apache.ibatis.session.defaults.DefaultSqlSession@1ac3a6f]
Creating a new SqlSession
SqlSession [org.apache.ibatis.session.defaults.DefaultSqlSession@608b906d] was not registered for synchronization because synchronization is not active
JDBC Connection [HikariProxyConnection@389872385 wrapping com.mysql.cj.jdbc.ConnectionImpl@49f2646] will not be managed by Spring
==>  Preparing: INSERT INTO L_trend ( date, sure_Cnt, die_Cnt, cure_Cnt, doubt_Cnt ) VALUES ( ?, ?, ?, ?, ? ) 
==> Parameters: 2.18(String), 74276(Integer), 2006(Integer), 14387(Integer), 5248(Integer)
<==    Updates: 1
Closing non transactional SqlSession [org.apache.ibatis.session.defaults.DefaultSqlSession@608b906d]
Creating a new SqlSession
SqlSession [org.apache.ibatis.session.defaults.DefaultSqlSession@67784537] was not registered for synchronization because synchronization is not active
JDBC Connection [HikariProxyConnection@401366570 wrapping com.mysql.cj.jdbc.ConnectionImpl@49f2646] will not be managed by Spring
==>  Preparing: INSERT INTO L_trend ( date, sure_Cnt, die_Cnt, cure_Cnt, doubt_Cnt ) VALUES ( ?, ?, ?, ?, ? ) 
==> Parameters: 2.19(String), 75101(Integer), 2121(Integer), 16168(Integer), 4922(Integer)
<==    Updates: 1
Closing non transactional SqlSession [org.apache.ibatis.session.defaults.DefaultSqlSession@67784537]
Creating a new SqlSession
SqlSession [org.apache.ibatis.session.defaults.DefaultSqlSession@49d979c4] was not registered for synchronization because synchronization is not active
JDBC Connection [HikariProxyConnection@1018262491 wrapping com.mysql.cj.jdbc.ConnectionImpl@49f2646] will not be managed by Spring
==>  Preparing: INSERT INTO L_trend ( date, sure_Cnt, die_Cnt, cure_Cnt, doubt_Cnt ) VALUES ( ?, ?, ?, ?, ? ) 
==> Parameters: 2.20(String), 75993(Integer), 2239(Integer), 18277(Integer), 5206(Integer)
<==    Updates: 1
Closing non transactional SqlSession [org.apache.ibatis.session.defaults.DefaultSqlSession@49d979c4]
Creating a new SqlSession
SqlSession [org.apache.ibatis.session.defaults.DefaultSqlSession@268f0ff3] was not registered for synchronization because synchronization is not active
JDBC Connection [HikariProxyConnection@295145298 wrapping com.mysql.cj.jdbc.ConnectionImpl@49f2646] will not be managed by Spring
==>  Preparing: INSERT INTO L_trend ( date, sure_Cnt, die_Cnt, cure_Cnt, doubt_Cnt ) VALUES ( ?, ?, ?, ?, ? ) 
==> Parameters: 2.21(String), 76392(Integer), 2348(Integer), 20672(Integer), 5365(Integer)
<==    Updates: 1
Closing non transactional SqlSession [org.apache.ibatis.session.defaults.DefaultSqlSession@268f0ff3]
Creating a new SqlSession
SqlSession [org.apache.ibatis.session.defaults.DefaultSqlSession@16e5344c] was not registered for synchronization because synchronization is not active
JDBC Connection [HikariProxyConnection@1000719581 wrapping com.mysql.cj.jdbc.ConnectionImpl@49f2646] will not be managed by Spring
==>  Preparing: INSERT INTO L_trend ( date, sure_Cnt, die_Cnt, cure_Cnt, doubt_Cnt ) VALUES ( ?, ?, ?, ?, ? ) 
==> Parameters: 2.22(String), 76846(Integer), 2445(Integer), 22907(Integer), 4148(Integer)
<==    Updates: 1
Closing non transactional SqlSession [org.apache.ibatis.session.defaults.DefaultSqlSession@16e5344c]
Creating a new SqlSession
SqlSession [org.apache.ibatis.session.defaults.DefaultSqlSession@6a0c7af6] was not registered for synchronization because synchronization is not active
JDBC Connection [HikariProxyConnection@2132465734 wrapping com.mysql.cj.jdbc.ConnectionImpl@49f2646] will not be managed by Spring
==>  Preparing: INSERT INTO L_trend ( date, sure_Cnt, die_Cnt, cure_Cnt, doubt_Cnt ) VALUES ( ?, ?, ?, ?, ? ) 
==> Parameters: 2.23(String), 77262(Integer), 2595(Integer), 24757(Integer), 3434(Integer)
<==    Updates: 1
Closing non transactional SqlSession [org.apache.ibatis.session.defaults.DefaultSqlSession@6a0c7af6]
Creating a new SqlSession
SqlSession [org.apache.ibatis.session.defaults.DefaultSqlSession@2210e466] was not registered for synchronization because synchronization is not active
JDBC Connection [HikariProxyConnection@199344266 wrapping com.mysql.cj.jdbc.ConnectionImpl@49f2646] will not be managed by Spring
==>  Preparing: INSERT INTO L_trend ( date, sure_Cnt, die_Cnt, cure_Cnt, doubt_Cnt ) VALUES ( ?, ?, ?, ?, ? ) 
==> Parameters: 2.24(String), 77779(Integer), 2666(Integer), 27353(Integer), 2824(Integer)
<==    Updates: 1
Closing non transactional SqlSession [org.apache.ibatis.session.defaults.DefaultSqlSession@2210e466]
Creating a new SqlSession
SqlSession [org.apache.ibatis.session.defaults.DefaultSqlSession@186dcb05] was not registered for synchronization because synchronization is not active
JDBC Connection [HikariProxyConnection@487435538 wrapping com.mysql.cj.jdbc.ConnectionImpl@49f2646] will not be managed by Spring
==>  Preparing: INSERT INTO L_trend ( date, sure_Cnt, die_Cnt, cure_Cnt, doubt_Cnt ) VALUES ( ?, ?, ?, ?, ? ) 
==> Parameters: 2.25(String), 78190(Integer), 2718(Integer), 29775(Integer), 2491(Integer)
<==    Updates: 1
Closing non transactional SqlSession [org.apache.ibatis.session.defaults.DefaultSqlSession@186dcb05]
Creating a new SqlSession
SqlSession [org.apache.ibatis.session.defaults.DefaultSqlSession@2e6b379c] was not registered for synchronization because synchronization is not active
JDBC Connection [HikariProxyConnection@1585347198 wrapping com.mysql.cj.jdbc.ConnectionImpl@49f2646] will not be managed by Spring
==>  Preparing: INSERT INTO L_trend ( date, sure_Cnt, die_Cnt, cure_Cnt, doubt_Cnt ) VALUES ( ?, ?, ?, ?, ? ) 
==> Parameters: 2.26(String), 78630(Integer), 2747(Integer), 32531(Integer), 2358(Integer)
<==    Updates: 1
Closing non transactional SqlSession [org.apache.ibatis.session.defaults.DefaultSqlSession@2e6b379c]
Creating a new SqlSession
SqlSession [org.apache.ibatis.session.defaults.DefaultSqlSession@773c7147] was not registered for synchronization because synchronization is not active
JDBC Connection [HikariProxyConnection@1522292820 wrapping com.mysql.cj.jdbc.ConnectionImpl@49f2646] will not be managed by Spring
==>  Preparing: INSERT INTO L_trend ( date, sure_Cnt, die_Cnt, cure_Cnt, doubt_Cnt ) VALUES ( ?, ?, ?, ?, ? ) 
==> Parameters: 2.27(String), 78959(Integer), 2791(Integer), 36157(Integer), 2308(Integer)
<==    Updates: 1
Closing non transactional SqlSession [org.apache.ibatis.session.defaults.DefaultSqlSession@773c7147]
Creating a new SqlSession
SqlSession [org.apache.ibatis.session.defaults.DefaultSqlSession@7296fe0b] was not registered for synchronization because synchronization is not active
JDBC Connection [HikariProxyConnection@1246783221 wrapping com.mysql.cj.jdbc.ConnectionImpl@49f2646] will not be managed by Spring
==>  Preparing: INSERT INTO L_trend ( date, sure_Cnt, die_Cnt, cure_Cnt, doubt_Cnt ) VALUES ( ?, ?, ?, ?, ? ) 
==> Parameters: 2.28(String), 79389(Integer), 2838(Integer), 39049(Integer), 1418(Integer)
<==    Updates: 1
Closing non transactional SqlSession [org.apache.ibatis.session.defaults.DefaultSqlSession@7296fe0b]
Creating a new SqlSession
SqlSession [org.apache.ibatis.session.defaults.DefaultSqlSession@54b2d002] was not registered for synchronization because synchronization is not active
JDBC Connection [HikariProxyConnection@488399791 wrapping com.mysql.cj.jdbc.ConnectionImpl@49f2646] will not be managed by Spring
==>  Preparing: INSERT INTO L_trend ( date, sure_Cnt, die_Cnt, cure_Cnt, doubt_Cnt ) VALUES ( ?, ?, ?, ?, ? ) 
==> Parameters: 2.29(String), 79968(Integer), 2873(Integer), 41675(Integer), 851(Integer)
<==    Updates: 1
Closing non transactional SqlSession [org.apache.ibatis.session.defaults.DefaultSqlSession@54b2d002]
Creating a new SqlSession
SqlSession [org.apache.ibatis.session.defaults.DefaultSqlSession@7b795db7] was not registered for synchronization because synchronization is not active
JDBC Connection [HikariProxyConnection@92686444 wrapping com.mysql.cj.jdbc.ConnectionImpl@49f2646] will not be managed by Spring
==>  Preparing: INSERT INTO L_trend ( date, sure_Cnt, die_Cnt, cure_Cnt, doubt_Cnt ) VALUES ( ?, ?, ?, ?, ? ) 
==> Parameters: 3.01(String), 80174(Integer), 2915(Integer), 44518(Integer), 715(Integer)
<==    Updates: 1
Closing non transactional SqlSession [org.apache.ibatis.session.defaults.DefaultSqlSession@7b795db7]
Creating a new SqlSession
SqlSession [org.apache.ibatis.session.defaults.DefaultSqlSession@4e9ea32f] was not registered for synchronization because synchronization is not active
JDBC Connection [HikariProxyConnection@2045532088 wrapping com.mysql.cj.jdbc.ConnectionImpl@49f2646] will not be managed by Spring
==>  Preparing: INSERT INTO L_trend ( date, sure_Cnt, die_Cnt, cure_Cnt, doubt_Cnt ) VALUES ( ?, ?, ?, ?, ? ) 
==> Parameters: 3.02(String), 80302(Integer), 2946(Integer), 47260(Integer), 587(Integer)
<==    Updates: 1
Closing non transactional SqlSession [org.apache.ibatis.session.defaults.DefaultSqlSession@4e9ea32f]
Creating a new SqlSession
SqlSession [org.apache.ibatis.session.defaults.DefaultSqlSession@4cf01c41] was not registered for synchronization because synchronization is not active
JDBC Connection [HikariProxyConnection@1471857648 wrapping com.mysql.cj.jdbc.ConnectionImpl@49f2646] will not be managed by Spring
==>  Preparing: INSERT INTO L_trend ( date, sure_Cnt, die_Cnt, cure_Cnt, doubt_Cnt ) VALUES ( ?, ?, ?, ?, ? ) 
==> Parameters: 3.03(String), 80422(Integer), 2984(Integer), 49914(Integer), 520(Integer)
<==    Updates: 1
Closing non transactional SqlSession [org.apache.ibatis.session.defaults.DefaultSqlSession@4cf01c41]
Creating a new SqlSession
SqlSession [org.apache.ibatis.session.defaults.DefaultSqlSession@c83ed77] was not registered for synchronization because synchronization is not active
JDBC Connection [HikariProxyConnection@220666452 wrapping com.mysql.cj.jdbc.ConnectionImpl@49f2646] will not be managed by Spring
==>  Preparing: INSERT INTO L_trend ( date, sure_Cnt, die_Cnt, cure_Cnt, doubt_Cnt ) VALUES ( ?, ?, ?, ?, ? ) 
==> Parameters: 3.04(String), 80565(Integer), 3015(Integer), 52109(Integer), 522(Integer)
<==    Updates: 1
Closing non transactional SqlSession [org.apache.ibatis.session.defaults.DefaultSqlSession@c83ed77]
Creating a new SqlSession
SqlSession [org.apache.ibatis.session.defaults.DefaultSqlSession@53e82089] was not registered for synchronization because synchronization is not active
JDBC Connection [HikariProxyConnection@1722316058 wrapping com.mysql.cj.jdbc.ConnectionImpl@49f2646] will not be managed by Spring
==>  Preparing: INSERT INTO L_trend ( date, sure_Cnt, die_Cnt, cure_Cnt, doubt_Cnt ) VALUES ( ?, ?, ?, ?, ? ) 
==> Parameters: 3.05(String), 80710(Integer), 3045(Integer), 53793(Integer), 482(Integer)
<==    Updates: 1
Closing non transactional SqlSession [org.apache.ibatis.session.defaults.DefaultSqlSession@53e82089]
Creating a new SqlSession
SqlSession [org.apache.ibatis.session.defaults.DefaultSqlSession@5e80d5] was not registered for synchronization because synchronization is not active
JDBC Connection [HikariProxyConnection@628831585 wrapping com.mysql.cj.jdbc.ConnectionImpl@49f2646] will not be managed by Spring
==>  Preparing: INSERT INTO L_trend ( date, sure_Cnt, die_Cnt, cure_Cnt, doubt_Cnt ) VALUES ( ?, ?, ?, ?, ? ) 
==> Parameters: 3.06(String), 80813(Integer), 3073(Integer), 55477(Integer), 502(Integer)
<==    Updates: 1
Closing non transactional SqlSession [org.apache.ibatis.session.defaults.DefaultSqlSession@5e80d5]
Creating a new SqlSession
SqlSession [org.apache.ibatis.session.defaults.DefaultSqlSession@1eabfad5] was not registered for synchronization because synchronization is not active
JDBC Connection [HikariProxyConnection@1644631132 wrapping com.mysql.cj.jdbc.ConnectionImpl@49f2646] will not be managed by Spring
==>  Preparing: INSERT INTO L_trend ( date, sure_Cnt, die_Cnt, cure_Cnt, doubt_Cnt ) VALUES ( ?, ?, ?, ?, ? ) 
==> Parameters: 3.07(String), 80859(Integer), 3100(Integer), 57143(Integer), 458(Integer)
<==    Updates: 1
Closing non transactional SqlSession [org.apache.ibatis.session.defaults.DefaultSqlSession@1eabfad5]
Creating a new SqlSession
SqlSession [org.apache.ibatis.session.defaults.DefaultSqlSession@3df3410a] was not registered for synchronization because synchronization is not active
JDBC Connection [HikariProxyConnection@1728845596 wrapping com.mysql.cj.jdbc.ConnectionImpl@49f2646] will not be managed by Spring
==>  Preparing: INSERT INTO L_trend ( date, sure_Cnt, die_Cnt, cure_Cnt, doubt_Cnt ) VALUES ( ?, ?, ?, ?, ? ) 
==> Parameters: 3.08(String), 80904(Integer), 3123(Integer), 58684(Integer), 421(Integer)
<==    Updates: 1
Closing non transactional SqlSession [org.apache.ibatis.session.defaults.DefaultSqlSession@3df3410a]
Creating a new SqlSession
SqlSession [org.apache.ibatis.session.defaults.DefaultSqlSession@4148ce43] was not registered for synchronization because synchronization is not active
JDBC Connection [HikariProxyConnection@1190892929 wrapping com.mysql.cj.jdbc.ConnectionImpl@49f2646] will not be managed by Spring
==>  Preparing: INSERT INTO L_trend ( date, sure_Cnt, die_Cnt, cure_Cnt, doubt_Cnt ) VALUES ( ?, ?, ?, ?, ? ) 
==> Parameters: 3.09(String), 80924(Integer), 3140(Integer), 59982(Integer), 349(Integer)
<==    Updates: 1
Closing non transactional SqlSession [org.apache.ibatis.session.defaults.DefaultSqlSession@4148ce43]
Creating a new SqlSession
SqlSession [org.apache.ibatis.session.defaults.DefaultSqlSession@46d69ca4] was not registered for synchronization because synchronization is not active
JDBC Connection [HikariProxyConnection@1553686114 wrapping com.mysql.cj.jdbc.ConnectionImpl@49f2646] will not be managed by Spring
==>  Preparing: INSERT INTO L_trend ( date, sure_Cnt, die_Cnt, cure_Cnt, doubt_Cnt ) VALUES ( ?, ?, ?, ?, ? ) 
==> Parameters: 3.10(String), 80955(Integer), 3162(Integer), 61567(Integer), 285(Integer)
<==    Updates: 1
Closing non transactional SqlSession [org.apache.ibatis.session.defaults.DefaultSqlSession@46d69ca4]
Creating a new SqlSession
SqlSession [org.apache.ibatis.session.defaults.DefaultSqlSession@54f25b42] was not registered for synchronization because synchronization is not active
JDBC Connection [HikariProxyConnection@1377593328 wrapping com.mysql.cj.jdbc.ConnectionImpl@49f2646] will not be managed by Spring
==>  Preparing: INSERT INTO L_trend ( date, sure_Cnt, die_Cnt, cure_Cnt, doubt_Cnt ) VALUES ( ?, ?, ?, ?, ? ) 
==> Parameters: 3.11(String), 80992(Integer), 3173(Integer), 62887(Integer), 253(Integer)
<==    Updates: 1
Closing non transactional SqlSession [org.apache.ibatis.session.defaults.DefaultSqlSession@54f25b42]
Creating a new SqlSession
SqlSession [org.apache.ibatis.session.defaults.DefaultSqlSession@3749c2b] was not registered for synchronization because synchronization is not active
JDBC Connection [HikariProxyConnection@853956690 wrapping com.mysql.cj.jdbc.ConnectionImpl@49f2646] will not be managed by Spring
==>  Preparing: INSERT INTO L_trend ( date, sure_Cnt, die_Cnt, cure_Cnt, doubt_Cnt ) VALUES ( ?, ?, ?, ?, ? ) 
==> Parameters: 3.12(String), 81003(Integer), 3180(Integer), 64216(Integer), 147(Integer)
<==    Updates: 1
Closing non transactional SqlSession [org.apache.ibatis.session.defaults.DefaultSqlSession@3749c2b]
Creating a new SqlSession
SqlSession [org.apache.ibatis.session.defaults.DefaultSqlSession@51df2a41] was not registered for synchronization because synchronization is not active
JDBC Connection [HikariProxyConnection@1367071968 wrapping com.mysql.cj.jdbc.ConnectionImpl@49f2646] will not be managed by Spring
==>  Preparing: INSERT INTO L_trend ( date, sure_Cnt, die_Cnt, cure_Cnt, doubt_Cnt ) VALUES ( ?, ?, ?, ?, ? ) 
==> Parameters: 3.13(String), 81021(Integer), 3194(Integer), 65649(Integer), 115(Integer)
<==    Updates: 1
Closing non transactional SqlSession [org.apache.ibatis.session.defaults.DefaultSqlSession@51df2a41]
Creating a new SqlSession
SqlSession [org.apache.ibatis.session.defaults.DefaultSqlSession@49f50c8f] was not registered for synchronization because synchronization is not active
JDBC Connection [HikariProxyConnection@1189496205 wrapping com.mysql.cj.jdbc.ConnectionImpl@49f2646] will not be managed by Spring
==>  Preparing: INSERT INTO L_trend ( date, sure_Cnt, die_Cnt, cure_Cnt, doubt_Cnt ) VALUES ( ?, ?, ?, ?, ? ) 
==> Parameters: 3.14(String), 81048(Integer), 3204(Integer), 67022(Integer), 113(Integer)
<==    Updates: 1
Closing non transactional SqlSession [org.apache.ibatis.session.defaults.DefaultSqlSession@49f50c8f]
Creating a new SqlSession
SqlSession [org.apache.ibatis.session.defaults.DefaultSqlSession@672d8370] was not registered for synchronization because synchronization is not active
JDBC Connection [HikariProxyConnection@320043061 wrapping com.mysql.cj.jdbc.ConnectionImpl@49f2646] will not be managed by Spring
==>  Preparing: INSERT INTO L_trend ( date, sure_Cnt, die_Cnt, cure_Cnt, doubt_Cnt ) VALUES ( ?, ?, ?, ?, ? ) 
==> Parameters: 3.15(String), 81077(Integer), 3218(Integer), 67863(Integer), 134(Integer)
<==    Updates: 1
Closing non transactional SqlSession [org.apache.ibatis.session.defaults.DefaultSqlSession@672d8370]
Creating a new SqlSession
SqlSession [org.apache.ibatis.session.defaults.DefaultSqlSession@29bd056a] was not registered for synchronization because synchronization is not active
JDBC Connection [HikariProxyConnection@568787640 wrapping com.mysql.cj.jdbc.ConnectionImpl@49f2646] will not be managed by Spring
==>  Preparing: INSERT INTO L_trend ( date, sure_Cnt, die_Cnt, cure_Cnt, doubt_Cnt ) VALUES ( ?, ?, ?, ?, ? ) 
==> Parameters: 3.16(String), 81116(Integer), 3231(Integer), 68799(Integer), 128(Integer)
<==    Updates: 1
Closing non transactional SqlSession [org.apache.ibatis.session.defaults.DefaultSqlSession@29bd056a]
Creating a new SqlSession
SqlSession [org.apache.ibatis.session.defaults.DefaultSqlSession@1dc9f5ad] was not registered for synchronization because synchronization is not active
JDBC Connection [HikariProxyConnection@77780590 wrapping com.mysql.cj.jdbc.ConnectionImpl@49f2646] will not be managed by Spring
==>  Preparing: INSERT INTO L_trend ( date, sure_Cnt, die_Cnt, cure_Cnt, doubt_Cnt ) VALUES ( ?, ?, ?, ?, ? ) 
==> Parameters: 3.17(String), 81151(Integer), 3242(Integer), 69725(Integer), 119(Integer)
<==    Updates: 1
Closing non transactional SqlSession [org.apache.ibatis.session.defaults.DefaultSqlSession@1dc9f5ad]
Creating a new SqlSession
SqlSession [org.apache.ibatis.session.defaults.DefaultSqlSession@7bb25046] was not registered for synchronization because synchronization is not active
JDBC Connection [HikariProxyConnection@1773267192 wrapping com.mysql.cj.jdbc.ConnectionImpl@49f2646] will not be managed by Spring
==>  Preparing: INSERT INTO L_trend ( date, sure_Cnt, die_Cnt, cure_Cnt, doubt_Cnt ) VALUES ( ?, ?, ?, ?, ? ) 
==> Parameters: 3.18(String), 81235(Integer), 3250(Integer), 70547(Integer), 105(Integer)
<==    Updates: 1
Closing non transactional SqlSession [org.apache.ibatis.session.defaults.DefaultSqlSession@7bb25046]
Creating a new SqlSession
SqlSession [org.apache.ibatis.session.defaults.DefaultSqlSession@77d959f1] was not registered for synchronization because synchronization is not active
JDBC Connection [HikariProxyConnection@298424794 wrapping com.mysql.cj.jdbc.ConnectionImpl@49f2646] will not be managed by Spring
==>  Preparing: INSERT INTO L_trend ( date, sure_Cnt, die_Cnt, cure_Cnt, doubt_Cnt ) VALUES ( ?, ?, ?, ?, ? ) 
==> Parameters: 3.19(String), 81300(Integer), 3253(Integer), 71284(Integer), 104(Integer)
<==    Updates: 1
Closing non transactional SqlSession [org.apache.ibatis.session.defaults.DefaultSqlSession@77d959f1]
Creating a new SqlSession
SqlSession [org.apache.ibatis.session.defaults.DefaultSqlSession@7793b55d] was not registered for synchronization because synchronization is not active
JDBC Connection [HikariProxyConnection@717874492 wrapping com.mysql.cj.jdbc.ConnectionImpl@49f2646] will not be managed by Spring
==>  Preparing: INSERT INTO L_trend ( date, sure_Cnt, die_Cnt, cure_Cnt, doubt_Cnt ) VALUES ( ?, ?, ?, ?, ? ) 
==> Parameters: 3.20(String), 81416(Integer), 3261(Integer), 71876(Integer), 106(Integer)
<==    Updates: 1
Closing non transactional SqlSession [org.apache.ibatis.session.defaults.DefaultSqlSession@7793b55d]
Creating a new SqlSession
SqlSession [org.apache.ibatis.session.defaults.DefaultSqlSession@297c3a43] was not registered for synchronization because synchronization is not active
JDBC Connection [HikariProxyConnection@1283050069 wrapping com.mysql.cj.jdbc.ConnectionImpl@49f2646] will not be managed by Spring
==>  Preparing: INSERT INTO L_trend ( date, sure_Cnt, die_Cnt, cure_Cnt, doubt_Cnt ) VALUES ( ?, ?, ?, ?, ? ) 
==> Parameters: 3.21(String), 81498(Integer), 3267(Integer), 72382(Integer), 118(Integer)
<==    Updates: 1
Closing non transactional SqlSession [org.apache.ibatis.session.defaults.DefaultSqlSession@297c3a43]
Creating a new SqlSession
SqlSession [org.apache.ibatis.session.defaults.DefaultSqlSession@4b22214d] was not registered for synchronization because synchronization is not active
JDBC Connection [HikariProxyConnection@1233871134 wrapping com.mysql.cj.jdbc.ConnectionImpl@49f2646] will not be managed by Spring
==>  Preparing: INSERT INTO L_trend ( date, sure_Cnt, die_Cnt, cure_Cnt, doubt_Cnt ) VALUES ( ?, ?, ?, ?, ? ) 
==> Parameters: 3.22(String), 81600(Integer), 3276(Integer), 72841(Integer), 136(Integer)
<==    Updates: 1
Closing non transactional SqlSession [org.apache.ibatis.session.defaults.DefaultSqlSession@4b22214d]
Creating a new SqlSession
SqlSession [org.apache.ibatis.session.defaults.DefaultSqlSession@1124dd79] was not registered for synchronization because synchronization is not active
JDBC Connection [HikariProxyConnection@53857746 wrapping com.mysql.cj.jdbc.ConnectionImpl@49f2646] will not be managed by Spring
==>  Preparing: INSERT INTO L_trend ( date, sure_Cnt, die_Cnt, cure_Cnt, doubt_Cnt ) VALUES ( ?, ?, ?, ?, ? ) 
==> Parameters: 3.23(String), 81747(Integer), 3283(Integer), 73299(Integer), 132(Integer)
<==    Updates: 1
Closing non transactional SqlSession [org.apache.ibatis.session.defaults.DefaultSqlSession@1124dd79]
Creating a new SqlSession
SqlSession [org.apache.ibatis.session.defaults.DefaultSqlSession@57515944] was not registered for synchronization because synchronization is not active
JDBC Connection [HikariProxyConnection@2049393953 wrapping com.mysql.cj.jdbc.ConnectionImpl@49f2646] will not be managed by Spring
==>  Preparing: INSERT INTO L_trend ( date, sure_Cnt, die_Cnt, cure_Cnt, doubt_Cnt ) VALUES ( ?, ?, ?, ?, ? ) 
==> Parameters: 3.24(String), 81846(Integer), 3287(Integer), 73791(Integer), 134(Integer)
<==    Updates: 1
Closing non transactional SqlSession [org.apache.ibatis.session.defaults.DefaultSqlSession@57515944]
Creating a new SqlSession
SqlSession [org.apache.ibatis.session.defaults.DefaultSqlSession@5e9ea380] was not registered for synchronization because synchronization is not active
JDBC Connection [HikariProxyConnection@508619583 wrapping com.mysql.cj.jdbc.ConnectionImpl@49f2646] will not be managed by Spring
==>  Preparing: INSERT INTO L_trend ( date, sure_Cnt, die_Cnt, cure_Cnt, doubt_Cnt ) VALUES ( ?, ?, ?, ?, ? ) 
==> Parameters: 3.25(String), 81960(Integer), 3293(Integer), 74196(Integer), 159(Integer)
<==    Updates: 1
Closing non transactional SqlSession [org.apache.ibatis.session.defaults.DefaultSqlSession@5e9ea380]
Creating a new SqlSession
SqlSession [org.apache.ibatis.session.defaults.DefaultSqlSession@785d6a98] was not registered for synchronization because synchronization is not active
JDBC Connection [HikariProxyConnection@1632468927 wrapping com.mysql.cj.jdbc.ConnectionImpl@49f2646] will not be managed by Spring
==>  Preparing: INSERT INTO L_trend ( date, sure_Cnt, die_Cnt, cure_Cnt, doubt_Cnt ) VALUES ( ?, ?, ?, ?, ? ) 
==> Parameters: 3.26(String), 82078(Integer), 3298(Integer), 74737(Integer), 189(Integer)
<==    Updates: 1
Closing non transactional SqlSession [org.apache.ibatis.session.defaults.DefaultSqlSession@785d6a98]
Creating a new SqlSession
SqlSession [org.apache.ibatis.session.defaults.DefaultSqlSession@e171f93] was not registered for synchronization because synchronization is not active
JDBC Connection [HikariProxyConnection@78461289 wrapping com.mysql.cj.jdbc.ConnectionImpl@49f2646] will not be managed by Spring
==>  Preparing: INSERT INTO L_trend ( date, sure_Cnt, die_Cnt, cure_Cnt, doubt_Cnt ) VALUES ( ?, ?, ?, ?, ? ) 
==> Parameters: 3.27(String), 82213(Integer), 3301(Integer), 75122(Integer), 184(Integer)
<==    Updates: 1
Closing non transactional SqlSession [org.apache.ibatis.session.defaults.DefaultSqlSession@e171f93]
Creating a new SqlSession
SqlSession [org.apache.ibatis.session.defaults.DefaultSqlSession@1ba7db2a] was not registered for synchronization because synchronization is not active
JDBC Connection [HikariProxyConnection@1982652230 wrapping com.mysql.cj.jdbc.ConnectionImpl@49f2646] will not be managed by Spring
==>  Preparing: INSERT INTO L_trend ( date, sure_Cnt, die_Cnt, cure_Cnt, doubt_Cnt ) VALUES ( ?, ?, ?, ?, ? ) 
==> Parameters: 3.28(String), 82341(Integer), 3306(Integer), 75600(Integer), 174(Integer)
<==    Updates: 1
Closing non transactional SqlSession [org.apache.ibatis.session.defaults.DefaultSqlSession@1ba7db2a]
Creating a new SqlSession
SqlSession [org.apache.ibatis.session.defaults.DefaultSqlSession@924f3f1] was not registered for synchronization because synchronization is not active
JDBC Connection [HikariProxyConnection@434297724 wrapping com.mysql.cj.jdbc.ConnectionImpl@49f2646] will not be managed by Spring
==>  Preparing: INSERT INTO L_trend ( date, sure_Cnt, die_Cnt, cure_Cnt, doubt_Cnt ) VALUES ( ?, ?, ?, ?, ? ) 
==> Parameters: 3.29(String), 82447(Integer), 3311(Integer), 75937(Integer), 168(Integer)
<==    Updates: 1
Closing non transactional SqlSession [org.apache.ibatis.session.defaults.DefaultSqlSession@924f3f1]
Creating a new SqlSession
SqlSession [org.apache.ibatis.session.defaults.DefaultSqlSession@7d5a0b14] was not registered for synchronization because synchronization is not active
JDBC Connection [HikariProxyConnection@1928075000 wrapping com.mysql.cj.jdbc.ConnectionImpl@49f2646] will not be managed by Spring
==>  Preparing: INSERT INTO L_trend ( date, sure_Cnt, die_Cnt, cure_Cnt, doubt_Cnt ) VALUES ( ?, ?, ?, ?, ? ) 
==> Parameters: 3.30(String), 82545(Integer), 3314(Integer), 76225(Integer), 183(Integer)
<==    Updates: 1
Closing non transactional SqlSession [org.apache.ibatis.session.defaults.DefaultSqlSession@7d5a0b14]
Creating a new SqlSession
SqlSession [org.apache.ibatis.session.defaults.DefaultSqlSession@27dc81be] was not registered for synchronization because synchronization is not active
JDBC Connection [HikariProxyConnection@898959467 wrapping com.mysql.cj.jdbc.ConnectionImpl@49f2646] will not be managed by Spring
==>  Preparing: INSERT INTO L_trend ( date, sure_Cnt, die_Cnt, cure_Cnt, doubt_Cnt ) VALUES ( ?, ?, ?, ?, ? ) 
==> Parameters: 3.31(String), 82631(Integer), 3321(Integer), 76415(Integer), 172(Integer)
<==    Updates: 1
Closing non transactional SqlSession [org.apache.ibatis.session.defaults.DefaultSqlSession@27dc81be]
Creating a new SqlSession
SqlSession [org.apache.ibatis.session.defaults.DefaultSqlSession@3245efdb] was not registered for synchronization because synchronization is not active
JDBC Connection [HikariProxyConnection@789479336 wrapping com.mysql.cj.jdbc.ConnectionImpl@49f2646] will not be managed by Spring
==>  Preparing: INSERT INTO L_trend ( date, sure_Cnt, die_Cnt, cure_Cnt, doubt_Cnt ) VALUES ( ?, ?, ?, ?, ? ) 
==> Parameters: 4.01(String), 82724(Integer), 3327(Integer), 76610(Integer), 153(Integer)
<==    Updates: 1
Closing non transactional SqlSession [org.apache.ibatis.session.defaults.DefaultSqlSession@3245efdb]
Creating a new SqlSession
SqlSession [org.apache.ibatis.session.defaults.DefaultSqlSession@72e49f6a] was not registered for synchronization because synchronization is not active
JDBC Connection [HikariProxyConnection@776691105 wrapping com.mysql.cj.jdbc.ConnectionImpl@49f2646] will not be managed by Spring
==>  Preparing: INSERT INTO L_trend ( date, sure_Cnt, die_Cnt, cure_Cnt, doubt_Cnt ) VALUES ( ?, ?, ?, ?, ? ) 
==> Parameters: 4.02(String), 82802(Integer), 3331(Integer), 76785(Integer), 135(Integer)
<==    Updates: 1
Closing non transactional SqlSession [org.apache.ibatis.session.defaults.DefaultSqlSession@72e49f6a]
Creating a new SqlSession
SqlSession [org.apache.ibatis.session.defaults.DefaultSqlSession@1cab19e2] was not registered for synchronization because synchronization is not active
JDBC Connection [HikariProxyConnection@1752820099 wrapping com.mysql.cj.jdbc.ConnectionImpl@49f2646] will not be managed by Spring
==>  Preparing: INSERT INTO L_trend ( date, sure_Cnt, die_Cnt, cure_Cnt, doubt_Cnt ) VALUES ( ?, ?, ?, ?, ? ) 
==> Parameters: 4.03(String), 82875(Integer), 3335(Integer), 76984(Integer), 114(Integer)
<==    Updates: 1
Closing non transactional SqlSession [org.apache.ibatis.session.defaults.DefaultSqlSession@1cab19e2]
Creating a new SqlSession
SqlSession [org.apache.ibatis.session.defaults.DefaultSqlSession@1f3f434] was not registered for synchronization because synchronization is not active
JDBC Connection [HikariProxyConnection@643899512 wrapping com.mysql.cj.jdbc.ConnectionImpl@49f2646] will not be managed by Spring
==>  Preparing: INSERT INTO L_trend ( date, sure_Cnt, die_Cnt, cure_Cnt, doubt_Cnt ) VALUES ( ?, ?, ?, ?, ? ) 
==> Parameters: 4.04(String), 82930(Integer), 3338(Integer), 77210(Integer), 107(Integer)
<==    Updates: 1
Closing non transactional SqlSession [org.apache.ibatis.session.defaults.DefaultSqlSession@1f3f434]
Creating a new SqlSession
SqlSession [org.apache.ibatis.session.defaults.DefaultSqlSession@13714753] was not registered for synchronization because synchronization is not active
JDBC Connection [HikariProxyConnection@1010620325 wrapping com.mysql.cj.jdbc.ConnectionImpl@49f2646] will not be managed by Spring
==>  Preparing: INSERT INTO L_trend ( date, sure_Cnt, die_Cnt, cure_Cnt, doubt_Cnt ) VALUES ( ?, ?, ?, ?, ? ) 
==> Parameters: 4.05(String), 83005(Integer), 3340(Integer), 77348(Integer), 88(Integer)
<==    Updates: 1
Closing non transactional SqlSession [org.apache.ibatis.session.defaults.DefaultSqlSession@13714753]
Creating a new SqlSession
SqlSession [org.apache.ibatis.session.defaults.DefaultSqlSession@77e730bd] was not registered for synchronization because synchronization is not active
JDBC Connection [HikariProxyConnection@758927387 wrapping com.mysql.cj.jdbc.ConnectionImpl@49f2646] will not be managed by Spring
==>  Preparing: INSERT INTO L_trend ( date, sure_Cnt, die_Cnt, cure_Cnt, doubt_Cnt ) VALUES ( ?, ?, ?, ?, ? ) 
==> Parameters: 4.06(String), 83071(Integer), 3340(Integer), 77450(Integer), 89(Integer)
<==    Updates: 1
Closing non transactional SqlSession [org.apache.ibatis.session.defaults.DefaultSqlSession@77e730bd]
Creating a new SqlSession
SqlSession [org.apache.ibatis.session.defaults.DefaultSqlSession@7619fbe7] was not registered for synchronization because synchronization is not active
JDBC Connection [HikariProxyConnection@971690423 wrapping com.mysql.cj.jdbc.ConnectionImpl@49f2646] will not be managed by Spring
==>  Preparing: INSERT INTO L_trend ( date, sure_Cnt, die_Cnt, cure_Cnt, doubt_Cnt ) VALUES ( ?, ?, ?, ?, ? ) 
==> Parameters: 4.07(String), 83157(Integer), 3342(Integer), 77586(Integer), 83(Integer)
<==    Updates: 1
Closing non transactional SqlSession [org.apache.ibatis.session.defaults.DefaultSqlSession@7619fbe7]
Creating a new SqlSession
SqlSession [org.apache.ibatis.session.defaults.DefaultSqlSession@c0004b7] was not registered for synchronization because synchronization is not active
JDBC Connection [HikariProxyConnection@1669860329 wrapping com.mysql.cj.jdbc.ConnectionImpl@49f2646] will not be managed by Spring
==>  Preparing: INSERT INTO L_trend ( date, sure_Cnt, die_Cnt, cure_Cnt, doubt_Cnt ) VALUES ( ?, ?, ?, ?, ? ) 
==> Parameters: 4.08(String), 83249(Integer), 3344(Integer), 77711(Integer), 73(Integer)
<==    Updates: 1
Closing non transactional SqlSession [org.apache.ibatis.session.defaults.DefaultSqlSession@c0004b7]
Creating a new SqlSession
SqlSession [org.apache.ibatis.session.defaults.DefaultSqlSession@662713b6] was not registered for synchronization because synchronization is not active
JDBC Connection [HikariProxyConnection@1163107288 wrapping com.mysql.cj.jdbc.ConnectionImpl@49f2646] will not be managed by Spring
==>  Preparing: INSERT INTO L_trend ( date, sure_Cnt, die_Cnt, cure_Cnt, doubt_Cnt ) VALUES ( ?, ?, ?, ?, ? ) 
==> Parameters: 4.09(String), 83305(Integer), 3345(Integer), 77838(Integer), 53(Integer)
<==    Updates: 1
Closing non transactional SqlSession [org.apache.ibatis.session.defaults.DefaultSqlSession@662713b6]
Creating a new SqlSession
SqlSession [org.apache.ibatis.session.defaults.DefaultSqlSession@b8142f4] was not registered for synchronization because synchronization is not active
JDBC Connection [HikariProxyConnection@1389729031 wrapping com.mysql.cj.jdbc.ConnectionImpl@49f2646] will not be managed by Spring
==>  Preparing: INSERT INTO L_trend ( date, sure_Cnt, die_Cnt, cure_Cnt, doubt_Cnt ) VALUES ( ?, ?, ?, ?, ? ) 
==> Parameters: 4.10(String), 83369(Integer), 3349(Integer), 77935(Integer), 44(Integer)
<==    Updates: 1
Closing non transactional SqlSession [org.apache.ibatis.session.defaults.DefaultSqlSession@b8142f4]
Creating a new SqlSession
SqlSession [org.apache.ibatis.session.defaults.DefaultSqlSession@33f2eb04] was not registered for synchronization because synchronization is not active
JDBC Connection [HikariProxyConnection@1307655632 wrapping com.mysql.cj.jdbc.ConnectionImpl@49f2646] will not be managed by Spring
==>  Preparing: INSERT INTO L_trend ( date, sure_Cnt, die_Cnt, cure_Cnt, doubt_Cnt ) VALUES ( ?, ?, ?, ?, ? ) 
==> Parameters: 4.11(String), 83482(Integer), 3349(Integer), 78020(Integer), 82(Integer)
<==    Updates: 1
Closing non transactional SqlSession [org.apache.ibatis.session.defaults.DefaultSqlSession@33f2eb04]
Creating a new SqlSession
SqlSession [org.apache.ibatis.session.defaults.DefaultSqlSession@146833a2] was not registered for synchronization because synchronization is not active
JDBC Connection [HikariProxyConnection@1353941826 wrapping com.mysql.cj.jdbc.ConnectionImpl@49f2646] will not be managed by Spring
==>  Preparing: INSERT INTO L_trend ( date, sure_Cnt, die_Cnt, cure_Cnt, doubt_Cnt ) VALUES ( ?, ?, ?, ?, ? ) 
==> Parameters: 4.12(String), 83597(Integer), 3351(Integer), 78145(Integer), 72(Integer)
<==    Updates: 1
Closing non transactional SqlSession [org.apache.ibatis.session.defaults.DefaultSqlSession@146833a2]
Creating a new SqlSession
SqlSession [org.apache.ibatis.session.defaults.DefaultSqlSession@15ad5acb] was not registered for synchronization because synchronization is not active
JDBC Connection [HikariProxyConnection@1506304687 wrapping com.mysql.cj.jdbc.ConnectionImpl@49f2646] will not be managed by Spring
==>  Preparing: INSERT INTO L_trend ( date, sure_Cnt, die_Cnt, cure_Cnt, doubt_Cnt ) VALUES ( ?, ?, ?, ?, ? ) 
==> Parameters: 4.13(String), 83696(Integer), 3351(Integer), 78262(Integer), 72(Integer)
<==    Updates: 1
Closing non transactional SqlSession [org.apache.ibatis.session.defaults.DefaultSqlSession@15ad5acb]
Creating a new SqlSession
SqlSession [org.apache.ibatis.session.defaults.DefaultSqlSession@183ef89a] was not registered for synchronization because synchronization is not active
JDBC Connection [HikariProxyConnection@41495592 wrapping com.mysql.cj.jdbc.ConnectionImpl@49f2646] will not be managed by Spring
==>  Preparing: INSERT INTO L_trend ( date, sure_Cnt, die_Cnt, cure_Cnt, doubt_Cnt ) VALUES ( ?, ?, ?, ?, ? ) 
==> Parameters: 4.14(String), 83745(Integer), 3352(Integer), 78389(Integer), 73(Integer)
<==    Updates: 1
Closing non transactional SqlSession [org.apache.ibatis.session.defaults.DefaultSqlSession@183ef89a]
Creating a new SqlSession
SqlSession [org.apache.ibatis.session.defaults.DefaultSqlSession@5a8b42a3] was not registered for synchronization because synchronization is not active
JDBC Connection [HikariProxyConnection@290991542 wrapping com.mysql.cj.jdbc.ConnectionImpl@49f2646] will not be managed by Spring
==>  Preparing: INSERT INTO L_trend ( date, sure_Cnt, die_Cnt, cure_Cnt, doubt_Cnt ) VALUES ( ?, ?, ?, ?, ? ) 
==> Parameters: 4.15(String), 83797(Integer), 3352(Integer), 78504(Integer), 63(Integer)
<==    Updates: 1
Closing non transactional SqlSession [org.apache.ibatis.session.defaults.DefaultSqlSession@5a8b42a3]
Creating a new SqlSession
SqlSession [org.apache.ibatis.session.defaults.DefaultSqlSession@5649f55] was not registered for synchronization because synchronization is not active
JDBC Connection [HikariProxyConnection@1434527698 wrapping com.mysql.cj.jdbc.ConnectionImpl@49f2646] will not be managed by Spring
==>  Preparing: INSERT INTO L_trend ( date, sure_Cnt, die_Cnt, cure_Cnt, doubt_Cnt ) VALUES ( ?, ?, ?, ?, ? ) 
==> Parameters: 4.16(String), 84149(Integer), 4642(Integer), 77591(Integer), 62(Integer)
<==    Updates: 1
Closing non transactional SqlSession [org.apache.ibatis.session.defaults.DefaultSqlSession@5649f55]
Creating a new SqlSession
SqlSession [org.apache.ibatis.session.defaults.DefaultSqlSession@646d58cd] was not registered for synchronization because synchronization is not active
JDBC Connection [HikariProxyConnection@948849701 wrapping com.mysql.cj.jdbc.ConnectionImpl@49f2646] will not be managed by Spring
==>  Preparing: INSERT INTO L_trend ( date, sure_Cnt, die_Cnt, cure_Cnt, doubt_Cnt ) VALUES ( ?, ?, ?, ?, ? ) 
==> Parameters: 4.17(String), 84180(Integer), 4642(Integer), 77744(Integer), 63(Integer)
<==    Updates: 1
Closing non transactional SqlSession [org.apache.ibatis.session.defaults.DefaultSqlSession@646d58cd]
Creating a new SqlSession
SqlSession [org.apache.ibatis.session.defaults.DefaultSqlSession@4e3ee457] was not registered for synchronization because synchronization is not active
JDBC Connection [HikariProxyConnection@68904657 wrapping com.mysql.cj.jdbc.ConnectionImpl@49f2646] will not be managed by Spring
==>  Preparing: INSERT INTO L_trend ( date, sure_Cnt, die_Cnt, cure_Cnt, doubt_Cnt ) VALUES ( ?, ?, ?, ?, ? ) 
==> Parameters: 4.18(String), 84201(Integer), 4642(Integer), 77825(Integer), 48(Integer)
<==    Updates: 1
Closing non transactional SqlSession [org.apache.ibatis.session.defaults.DefaultSqlSession@4e3ee457]
Creating a new SqlSession
SqlSession [org.apache.ibatis.session.defaults.DefaultSqlSession@2d2a8819] was not registered for synchronization because synchronization is not active
JDBC Connection [HikariProxyConnection@1918393987 wrapping com.mysql.cj.jdbc.ConnectionImpl@49f2646] will not be managed by Spring
==>  Preparing: INSERT INTO L_trend ( date, sure_Cnt, die_Cnt, cure_Cnt, doubt_Cnt ) VALUES ( ?, ?, ?, ?, ? ) 
==> Parameters: 4.19(String), 84237(Integer), 4642(Integer), 77895(Integer), 43(Integer)
<==    Updates: 1
Closing non transactional SqlSession [org.apache.ibatis.session.defaults.DefaultSqlSession@2d2a8819]
Creating a new SqlSession
SqlSession [org.apache.ibatis.session.defaults.DefaultSqlSession@7846913f] was not registered for synchronization because synchronization is not active
JDBC Connection [HikariProxyConnection@1222272242 wrapping com.mysql.cj.jdbc.ConnectionImpl@49f2646] will not be managed by Spring
==>  Preparing: INSERT INTO L_trend ( date, sure_Cnt, die_Cnt, cure_Cnt, doubt_Cnt ) VALUES ( ?, ?, ?, ?, ? ) 
==> Parameters: 4.20(String), 84250(Integer), 4642(Integer), 77978(Integer), 37(Integer)
<==    Updates: 1
Closing non transactional SqlSession [org.apache.ibatis.session.defaults.DefaultSqlSession@7846913f]
Creating a new SqlSession
SqlSession [org.apache.ibatis.session.defaults.DefaultSqlSession@66abb2fa] was not registered for synchronization because synchronization is not active
JDBC Connection [HikariProxyConnection@2102241065 wrapping com.mysql.cj.jdbc.ConnectionImpl@49f2646] will not be managed by Spring
==>  Preparing: INSERT INTO L_trend ( date, sure_Cnt, die_Cnt, cure_Cnt, doubt_Cnt ) VALUES ( ?, ?, ?, ?, ? ) 
==> Parameters: 4.21(String), 84287(Integer), 4642(Integer), 78042(Integer), 35(Integer)
<==    Updates: 1
Closing non transactional SqlSession [org.apache.ibatis.session.defaults.DefaultSqlSession@66abb2fa]
Creating a new SqlSession
SqlSession [org.apache.ibatis.session.defaults.DefaultSqlSession@70f91ae3] was not registered for synchronization because synchronization is not active
JDBC Connection [HikariProxyConnection@1612554042 wrapping com.mysql.cj.jdbc.ConnectionImpl@49f2646] will not be managed by Spring
==>  Preparing: INSERT INTO L_trend ( date, sure_Cnt, die_Cnt, cure_Cnt, doubt_Cnt ) VALUES ( ?, ?, ?, ?, ? ) 
==> Parameters: 4.22(String), 84302(Integer), 4642(Integer), 78147(Integer), 20(Integer)
<==    Updates: 1
Closing non transactional SqlSession [org.apache.ibatis.session.defaults.DefaultSqlSession@70f91ae3]
Creating a new SqlSession
SqlSession [org.apache.ibatis.session.defaults.DefaultSqlSession@5d93ff21] was not registered for synchronization because synchronization is not active
JDBC Connection [HikariProxyConnection@1375428582 wrapping com.mysql.cj.jdbc.ConnectionImpl@49f2646] will not be managed by Spring
==>  Preparing: INSERT INTO L_trend ( date, sure_Cnt, die_Cnt, cure_Cnt, doubt_Cnt ) VALUES ( ?, ?, ?, ?, ? ) 
==> Parameters: 4.23(String), 84311(Integer), 4643(Integer), 78236(Integer), 20(Integer)
<==    Updates: 1
Closing non transactional SqlSession [org.apache.ibatis.session.defaults.DefaultSqlSession@5d93ff21]
Creating a new SqlSession
SqlSession [org.apache.ibatis.session.defaults.DefaultSqlSession@55397d15] was not registered for synchronization because synchronization is not active
JDBC Connection [HikariProxyConnection@1580600379 wrapping com.mysql.cj.jdbc.ConnectionImpl@49f2646] will not be managed by Spring
==>  Preparing: INSERT INTO L_trend ( date, sure_Cnt, die_Cnt, cure_Cnt, doubt_Cnt ) VALUES ( ?, ?, ?, ?, ? ) 
==> Parameters: 4.24(String), 84324(Integer), 4643(Integer), 78362(Integer), 17(Integer)
<==    Updates: 1
Closing non transactional SqlSession [org.apache.ibatis.session.defaults.DefaultSqlSession@55397d15]
Creating a new SqlSession
SqlSession [org.apache.ibatis.session.defaults.DefaultSqlSession@227b9277] was not registered for synchronization because synchronization is not active
JDBC Connection [HikariProxyConnection@1279399383 wrapping com.mysql.cj.jdbc.ConnectionImpl@49f2646] will not be managed by Spring
==>  Preparing: INSERT INTO L_trend ( date, sure_Cnt, die_Cnt, cure_Cnt, doubt_Cnt ) VALUES ( ?, ?, ?, ?, ? ) 
==> Parameters: 4.25(String), 84338(Integer), 4643(Integer), 78450(Integer), 12(Integer)
<==    Updates: 1
Closing non transactional SqlSession [org.apache.ibatis.session.defaults.DefaultSqlSession@227b9277]
Creating a new SqlSession
SqlSession [org.apache.ibatis.session.defaults.DefaultSqlSession@6de5ad56] was not registered for synchronization because synchronization is not active
JDBC Connection [HikariProxyConnection@827715984 wrapping com.mysql.cj.jdbc.ConnectionImpl@49f2646] will not be managed by Spring
==>  Preparing: INSERT INTO L_trend ( date, sure_Cnt, die_Cnt, cure_Cnt, doubt_Cnt ) VALUES ( ?, ?, ?, ?, ? ) 
==> Parameters: 4.26(String), 84341(Integer), 4643(Integer), 78558(Integer), 10(Integer)
<==    Updates: 1
Closing non transactional SqlSession [org.apache.ibatis.session.defaults.DefaultSqlSession@6de5ad56]
Creating a new SqlSession
SqlSession [org.apache.ibatis.session.defaults.DefaultSqlSession@44a44a04] was not registered for synchronization because synchronization is not active
JDBC Connection [HikariProxyConnection@1516501617 wrapping com.mysql.cj.jdbc.ConnectionImpl@49f2646] will not be managed by Spring
==>  Preparing: INSERT INTO L_trend ( date, sure_Cnt, die_Cnt, cure_Cnt, doubt_Cnt ) VALUES ( ?, ?, ?, ?, ? ) 
==> Parameters: 4.27(String), 84347(Integer), 4643(Integer), 78664(Integer), 9(Integer)
<==    Updates: 1
Closing non transactional SqlSession [org.apache.ibatis.session.defaults.DefaultSqlSession@44a44a04]
Creating a new SqlSession
SqlSession [org.apache.ibatis.session.defaults.DefaultSqlSession@360a3106] was not registered for synchronization because synchronization is not active
JDBC Connection [HikariProxyConnection@1937765828 wrapping com.mysql.cj.jdbc.ConnectionImpl@49f2646] will not be managed by Spring
==>  Preparing: INSERT INTO L_trend ( date, sure_Cnt, die_Cnt, cure_Cnt, doubt_Cnt ) VALUES ( ?, ?, ?, ?, ? ) 
==> Parameters: 4.28(String), 84369(Integer), 4643(Integer), 78729(Integer), 10(Integer)
<==    Updates: 1
Closing non transactional SqlSession [org.apache.ibatis.session.defaults.DefaultSqlSession@360a3106]
Creating a new SqlSession
SqlSession [org.apache.ibatis.session.defaults.DefaultSqlSession@75aa7703] was not registered for synchronization because synchronization is not active
JDBC Connection [HikariProxyConnection@2037874087 wrapping com.mysql.cj.jdbc.ConnectionImpl@49f2646] will not be managed by Spring
==>  Preparing: INSERT INTO L_trend ( date, sure_Cnt, die_Cnt, cure_Cnt, doubt_Cnt ) VALUES ( ?, ?, ?, ?, ? ) 
==> Parameters: 4.29(String), 84373(Integer), 4643(Integer), 78785(Integer), 10(Integer)
<==    Updates: 1
Closing non transactional SqlSession [org.apache.ibatis.session.defaults.DefaultSqlSession@75aa7703]
Creating a new SqlSession
SqlSession [org.apache.ibatis.session.defaults.DefaultSqlSession@7831d1aa] was not registered for synchronization because synchronization is not active
JDBC Connection [HikariProxyConnection@979960142 wrapping com.mysql.cj.jdbc.ConnectionImpl@49f2646] will not be managed by Spring
==>  Preparing: INSERT INTO L_trend ( date, sure_Cnt, die_Cnt, cure_Cnt, doubt_Cnt ) VALUES ( ?, ?, ?, ?, ? ) 
==> Parameters: 4.30(String), 84385(Integer), 4643(Integer), 78845(Integer), 7(Integer)
<==    Updates: 1
Closing non transactional SqlSession [org.apache.ibatis.session.defaults.DefaultSqlSession@7831d1aa]
Creating a new SqlSession
SqlSession [org.apache.ibatis.session.defaults.DefaultSqlSession@2270f58d] was not registered for synchronization because synchronization is not active
JDBC Connection [HikariProxyConnection@1356985340 wrapping com.mysql.cj.jdbc.ConnectionImpl@49f2646] will not be managed by Spring
==>  Preparing: INSERT INTO L_trend ( date, sure_Cnt, die_Cnt, cure_Cnt, doubt_Cnt ) VALUES ( ?, ?, ?, ?, ? ) 
==> Parameters: 5.01(String), 84388(Integer), 4643(Integer), 78905(Integer), 11(Integer)
<==    Updates: 1
Closing non transactional SqlSession [org.apache.ibatis.session.defaults.DefaultSqlSession@2270f58d]
Creating a new SqlSession
SqlSession [org.apache.ibatis.session.defaults.DefaultSqlSession@7323c38c] was not registered for synchronization because synchronization is not active
JDBC Connection [HikariProxyConnection@738369543 wrapping com.mysql.cj.jdbc.ConnectionImpl@49f2646] will not be managed by Spring
==>  Preparing: INSERT INTO L_trend ( date, sure_Cnt, die_Cnt, cure_Cnt, doubt_Cnt ) VALUES ( ?, ?, ?, ?, ? ) 
==> Parameters: 5.02(String), 84393(Integer), 4643(Integer), 78939(Integer), 10(Integer)
<==    Updates: 1
Closing non transactional SqlSession [org.apache.ibatis.session.defaults.DefaultSqlSession@7323c38c]
Creating a new SqlSession
SqlSession [org.apache.ibatis.session.defaults.DefaultSqlSession@cef885d] was not registered for synchronization because synchronization is not active
JDBC Connection [HikariProxyConnection@903086943 wrapping com.mysql.cj.jdbc.ConnectionImpl@49f2646] will not be managed by Spring
==>  Preparing: INSERT INTO L_trend ( date, sure_Cnt, die_Cnt, cure_Cnt, doubt_Cnt ) VALUES ( ?, ?, ?, ?, ? ) 
==> Parameters: 5.03(String), 84400(Integer), 4643(Integer), 79016(Integer), 3(Integer)
<==    Updates: 1
Closing non transactional SqlSession [org.apache.ibatis.session.defaults.DefaultSqlSession@cef885d]
Creating a new SqlSession
SqlSession [org.apache.ibatis.session.defaults.DefaultSqlSession@16e4db59] was not registered for synchronization because synchronization is not active
JDBC Connection [HikariProxyConnection@54520865 wrapping com.mysql.cj.jdbc.ConnectionImpl@49f2646] will not be managed by Spring
==>  Preparing: INSERT INTO L_trend ( date, sure_Cnt, die_Cnt, cure_Cnt, doubt_Cnt ) VALUES ( ?, ?, ?, ?, ? ) 
==> Parameters: 5.04(String), 84404(Integer), 4643(Integer), 79126(Integer), 2(Integer)
<==    Updates: 1
Closing non transactional SqlSession [org.apache.ibatis.session.defaults.DefaultSqlSession@16e4db59]
Creating a new SqlSession
SqlSession [org.apache.ibatis.session.defaults.DefaultSqlSession@c6c84fa] was not registered for synchronization because synchronization is not active
JDBC Connection [HikariProxyConnection@1892560818 wrapping com.mysql.cj.jdbc.ConnectionImpl@49f2646] will not be managed by Spring
==>  Preparing: INSERT INTO L_trend ( date, sure_Cnt, die_Cnt, cure_Cnt, doubt_Cnt ) VALUES ( ?, ?, ?, ?, ? ) 
==> Parameters: 5.05(String), 84406(Integer), 4643(Integer), 79204(Integer), 5(Integer)
<==    Updates: 1
Closing non transactional SqlSession [org.apache.ibatis.session.defaults.DefaultSqlSession@c6c84fa]
Creating a new SqlSession
SqlSession [org.apache.ibatis.session.defaults.DefaultSqlSession@25f14e93] was not registered for synchronization because synchronization is not active
JDBC Connection [HikariProxyConnection@608392736 wrapping com.mysql.cj.jdbc.ConnectionImpl@49f2646] will not be managed by Spring
==>  Preparing: INSERT INTO L_trend ( date, sure_Cnt, die_Cnt, cure_Cnt, doubt_Cnt ) VALUES ( ?, ?, ?, ?, ? ) 
==> Parameters: 5.06(String), 84409(Integer), 4643(Integer), 79268(Integer), 4(Integer)
<==    Updates: 1
Closing non transactional SqlSession [org.apache.ibatis.session.defaults.DefaultSqlSession@25f14e93]
Creating a new SqlSession
SqlSession [org.apache.ibatis.session.defaults.DefaultSqlSession@74231642] was not registered for synchronization because synchronization is not active
JDBC Connection [HikariProxyConnection@1248832688 wrapping com.mysql.cj.jdbc.ConnectionImpl@49f2646] will not be managed by Spring
==>  Preparing: INSERT INTO L_trend ( date, sure_Cnt, die_Cnt, cure_Cnt, doubt_Cnt ) VALUES ( ?, ?, ?, ?, ? ) 
==> Parameters: 5.07(String), 84415(Integer), 4643(Integer), 79324(Integer), 6(Integer)
<==    Updates: 1
Closing non transactional SqlSession [org.apache.ibatis.session.defaults.DefaultSqlSession@74231642]
Creating a new SqlSession
SqlSession [org.apache.ibatis.session.defaults.DefaultSqlSession@3278d065] was not registered for synchronization because synchronization is not active
JDBC Connection [HikariProxyConnection@88469686 wrapping com.mysql.cj.jdbc.ConnectionImpl@49f2646] will not be managed by Spring
==>  Preparing: INSERT INTO L_trend ( date, sure_Cnt, die_Cnt, cure_Cnt, doubt_Cnt ) VALUES ( ?, ?, ?, ?, ? ) 
==> Parameters: 5.08(String), 84416(Integer), 4643(Integer), 79401(Integer), 8(Integer)
<==    Updates: 1
Closing non transactional SqlSession [org.apache.ibatis.session.defaults.DefaultSqlSession@3278d065]
Creating a new SqlSession
SqlSession [org.apache.ibatis.session.defaults.DefaultSqlSession@3c8758d1] was not registered for synchronization because synchronization is not active
JDBC Connection [HikariProxyConnection@376299447 wrapping com.mysql.cj.jdbc.ConnectionImpl@49f2646] will not be managed by Spring
==>  Preparing: INSERT INTO L_trend ( date, sure_Cnt, die_Cnt, cure_Cnt, doubt_Cnt ) VALUES ( ?, ?, ?, ?, ? ) 
==> Parameters: 5.09(String), 84430(Integer), 4643(Integer), 79488(Integer), 4(Integer)
<==    Updates: 1
Closing non transactional SqlSession [org.apache.ibatis.session.defaults.DefaultSqlSession@3c8758d1]
Creating a new SqlSession
SqlSession [org.apache.ibatis.session.defaults.DefaultSqlSession@51f4439e] was not registered for synchronization because synchronization is not active
JDBC Connection [HikariProxyConnection@689749616 wrapping com.mysql.cj.jdbc.ConnectionImpl@49f2646] will not be managed by Spring
==>  Preparing: INSERT INTO L_trend ( date, sure_Cnt, die_Cnt, cure_Cnt, doubt_Cnt ) VALUES ( ?, ?, ?, ?, ? ) 
==> Parameters: 5.10(String), 84450(Integer), 4643(Integer), 79533(Integer), 3(Integer)
<==    Updates: 1
Closing non transactional SqlSession [org.apache.ibatis.session.defaults.DefaultSqlSession@51f4439e]
Creating a new SqlSession
SqlSession [org.apache.ibatis.session.defaults.DefaultSqlSession@51468039] was not registered for synchronization because synchronization is not active
JDBC Connection [HikariProxyConnection@493177695 wrapping com.mysql.cj.jdbc.ConnectionImpl@49f2646] will not be managed by Spring
==>  Preparing: INSERT INTO L_trend ( date, sure_Cnt, die_Cnt, cure_Cnt, doubt_Cnt ) VALUES ( ?, ?, ?, ?, ? ) 
==> Parameters: 5.11(String), 84451(Integer), 4644(Integer), 79566(Integer), 3(Integer)
<==    Updates: 1
Closing non transactional SqlSession [org.apache.ibatis.session.defaults.DefaultSqlSession@51468039]
Creating a new SqlSession
SqlSession [org.apache.ibatis.session.defaults.DefaultSqlSession@7e94de5f] was not registered for synchronization because synchronization is not active
JDBC Connection [HikariProxyConnection@1234980193 wrapping com.mysql.cj.jdbc.ConnectionImpl@49f2646] will not be managed by Spring
==>  Preparing: INSERT INTO L_trend ( date, sure_Cnt, die_Cnt, cure_Cnt, doubt_Cnt ) VALUES ( ?, ?, ?, ?, ? ) 
==> Parameters: 5.12(String), 84458(Integer), 4644(Integer), 79594(Integer), 4(Integer)
<==    Updates: 1
Closing non transactional SqlSession [org.apache.ibatis.session.defaults.DefaultSqlSession@7e94de5f]
Creating a new SqlSession
SqlSession [org.apache.ibatis.session.defaults.DefaultSqlSession@18dbc1b] was not registered for synchronization because synchronization is not active
JDBC Connection [HikariProxyConnection@709955086 wrapping com.mysql.cj.jdbc.ConnectionImpl@49f2646] will not be managed by Spring
==>  Preparing: INSERT INTO L_trend ( date, sure_Cnt, die_Cnt, cure_Cnt, doubt_Cnt ) VALUES ( ?, ?, ?, ?, ? ) 
==> Parameters: 5.13(String), 84464(Integer), 4644(Integer), 79621(Integer), 4(Integer)
<==    Updates: 1
Closing non transactional SqlSession [org.apache.ibatis.session.defaults.DefaultSqlSession@18dbc1b]
Creating a new SqlSession
SqlSession [org.apache.ibatis.session.defaults.DefaultSqlSession@22ff11ef] was not registered for synchronization because synchronization is not active
JDBC Connection [HikariProxyConnection@8149696 wrapping com.mysql.cj.jdbc.ConnectionImpl@49f2646] will not be managed by Spring
==>  Preparing: INSERT INTO L_trend ( date, sure_Cnt, die_Cnt, cure_Cnt, doubt_Cnt ) VALUES ( ?, ?, ?, ?, ? ) 
==> Parameters: 5.14(String), 84469(Integer), 4644(Integer), 79644(Integer), 4(Integer)
<==    Updates: 1
Closing non transactional SqlSession [org.apache.ibatis.session.defaults.DefaultSqlSession@22ff11ef]
Creating a new SqlSession
SqlSession [org.apache.ibatis.session.defaults.DefaultSqlSession@66dd04e2] was not registered for synchronization because synchronization is not active
JDBC Connection [HikariProxyConnection@76933283 wrapping com.mysql.cj.jdbc.ConnectionImpl@49f2646] will not be managed by Spring
==>  Preparing: INSERT INTO L_trend ( date, sure_Cnt, die_Cnt, cure_Cnt, doubt_Cnt ) VALUES ( ?, ?, ?, ?, ? ) 
==> Parameters: 5.15(String), 84479(Integer), 4645(Integer), 79668(Integer), 3(Integer)
<==    Updates: 1
Closing non transactional SqlSession [org.apache.ibatis.session.defaults.DefaultSqlSession@66dd04e2]
Creating a new SqlSession
SqlSession [org.apache.ibatis.session.defaults.DefaultSqlSession@602a3237] was not registered for synchronization because synchronization is not active
JDBC Connection [HikariProxyConnection@1263607393 wrapping com.mysql.cj.jdbc.ConnectionImpl@49f2646] will not be managed by Spring
==>  Preparing: INSERT INTO L_trend ( date, sure_Cnt, die_Cnt, cure_Cnt, doubt_Cnt ) VALUES ( ?, ?, ?, ?, ? ) 
==> Parameters: 5.16(String), 84484(Integer), 4645(Integer), 79682(Integer), 4(Integer)
<==    Updates: 1
Closing non transactional SqlSession [org.apache.ibatis.session.defaults.DefaultSqlSession@602a3237]
Creating a new SqlSession
SqlSession [org.apache.ibatis.session.defaults.DefaultSqlSession@5de335cf] was not registered for synchronization because synchronization is not active
JDBC Connection [HikariProxyConnection@503486980 wrapping com.mysql.cj.jdbc.ConnectionImpl@49f2646] will not be managed by Spring
==>  Preparing: INSERT INTO L_trend ( date, sure_Cnt, die_Cnt, cure_Cnt, doubt_Cnt ) VALUES ( ?, ?, ?, ?, ? ) 
==> Parameters: 5.17(String), 84494(Integer), 4645(Integer), 79701(Integer), 4(Integer)
<==    Updates: 1
Closing non transactional SqlSession [org.apache.ibatis.session.defaults.DefaultSqlSession@5de335cf]
Creating a new SqlSession
SqlSession [org.apache.ibatis.session.defaults.DefaultSqlSession@3063be68] was not registered for synchronization because synchronization is not active
JDBC Connection [HikariProxyConnection@976994522 wrapping com.mysql.cj.jdbc.ConnectionImpl@49f2646] will not be managed by Spring
==>  Preparing: INSERT INTO L_trend ( date, sure_Cnt, die_Cnt, cure_Cnt, doubt_Cnt ) VALUES ( ?, ?, ?, ?, ? ) 
==> Parameters: 5.18(String), 84500(Integer), 4645(Integer), 79708(Integer), 3(Integer)
<==    Updates: 1
Closing non transactional SqlSession [org.apache.ibatis.session.defaults.DefaultSqlSession@3063be68]
Creating a new SqlSession
SqlSession [org.apache.ibatis.session.defaults.DefaultSqlSession@215a0264] was not registered for synchronization because synchronization is not active
JDBC Connection [HikariProxyConnection@1166224261 wrapping com.mysql.cj.jdbc.ConnectionImpl@49f2646] will not be managed by Spring
==>  Preparing: INSERT INTO L_trend ( date, sure_Cnt, die_Cnt, cure_Cnt, doubt_Cnt ) VALUES ( ?, ?, ?, ?, ? ) 
==> Parameters: 5.19(String), 84505(Integer), 4645(Integer), 79715(Integer), 7(Integer)
<==    Updates: 1
Closing non transactional SqlSession [org.apache.ibatis.session.defaults.DefaultSqlSession@215a0264]
Creating a new SqlSession
SqlSession [org.apache.ibatis.session.defaults.DefaultSqlSession@56b704ea] was not registered for synchronization because synchronization is not active
JDBC Connection [HikariProxyConnection@179622586 wrapping com.mysql.cj.jdbc.ConnectionImpl@49f2646] will not be managed by Spring
==>  Preparing: INSERT INTO L_trend ( date, sure_Cnt, die_Cnt, cure_Cnt, doubt_Cnt ) VALUES ( ?, ?, ?, ?, ? ) 
==> Parameters: 5.20(String), 84507(Integer), 4645(Integer), 79722(Integer), 7(Integer)
<==    Updates: 1
Closing non transactional SqlSession [org.apache.ibatis.session.defaults.DefaultSqlSession@56b704ea]
Creating a new SqlSession
SqlSession [org.apache.ibatis.session.defaults.DefaultSqlSession@b81938d] was not registered for synchronization because synchronization is not active
JDBC Connection [HikariProxyConnection@663531845 wrapping com.mysql.cj.jdbc.ConnectionImpl@49f2646] will not be managed by Spring
==>  Preparing: INSERT INTO L_trend ( date, sure_Cnt, die_Cnt, cure_Cnt, doubt_Cnt ) VALUES ( ?, ?, ?, ?, ? ) 
==> Parameters: 5.21(String), 84520(Integer), 4645(Integer), 79736(Integer), 7(Integer)
<==    Updates: 1
Closing non transactional SqlSession [org.apache.ibatis.session.defaults.DefaultSqlSession@b81938d]
Creating a new SqlSession
SqlSession [org.apache.ibatis.session.defaults.DefaultSqlSession@32069394] was not registered for synchronization because synchronization is not active
JDBC Connection [HikariProxyConnection@1883380232 wrapping com.mysql.cj.jdbc.ConnectionImpl@49f2646] will not be managed by Spring
==>  Preparing: INSERT INTO L_trend ( date, sure_Cnt, die_Cnt, cure_Cnt, doubt_Cnt ) VALUES ( ?, ?, ?, ?, ? ) 
==> Parameters: 5.22(String), 84522(Integer), 4645(Integer), 79740(Integer), 5(Integer)
<==    Updates: 1
Closing non transactional SqlSession [org.apache.ibatis.session.defaults.DefaultSqlSession@32069394]
Creating a new SqlSession
SqlSession [org.apache.ibatis.session.defaults.DefaultSqlSession@df6f19b] was not registered for synchronization because synchronization is not active
JDBC Connection [HikariProxyConnection@1837377655 wrapping com.mysql.cj.jdbc.ConnectionImpl@49f2646] will not be managed by Spring
==>  Preparing: INSERT INTO L_trend ( date, sure_Cnt, die_Cnt, cure_Cnt, doubt_Cnt ) VALUES ( ?, ?, ?, ?, ? ) 
==> Parameters: 5.23(String), 84525(Integer), 4645(Integer), 79746(Integer), 8(Integer)
<==    Updates: 1
Closing non transactional SqlSession [org.apache.ibatis.session.defaults.DefaultSqlSession@df6f19b]
Creating a new SqlSession
SqlSession [org.apache.ibatis.session.defaults.DefaultSqlSession@2759749] was not registered for synchronization because synchronization is not active
JDBC Connection [HikariProxyConnection@1325322464 wrapping com.mysql.cj.jdbc.ConnectionImpl@49f2646] will not be managed by Spring
==>  Preparing: INSERT INTO L_trend ( date, sure_Cnt, die_Cnt, cure_Cnt, doubt_Cnt ) VALUES ( ?, ?, ?, ?, ? ) 
==> Parameters: 5.24(String), 84536(Integer), 4645(Integer), 79757(Integer), 6(Integer)
<==    Updates: 1
Closing non transactional SqlSession [org.apache.ibatis.session.defaults.DefaultSqlSession@2759749]
Creating a new SqlSession
SqlSession [org.apache.ibatis.session.defaults.DefaultSqlSession@729d6ee2] was not registered for synchronization because synchronization is not active
JDBC Connection [HikariProxyConnection@1255983489 wrapping com.mysql.cj.jdbc.ConnectionImpl@49f2646] will not be managed by Spring
==>  Preparing: INSERT INTO L_trend ( date, sure_Cnt, die_Cnt, cure_Cnt, doubt_Cnt ) VALUES ( ?, ?, ?, ?, ? ) 
==> Parameters: 5.25(String), 84543(Integer), 4645(Integer), 79767(Integer), 5(Integer)
<==    Updates: 1
Closing non transactional SqlSession [org.apache.ibatis.session.defaults.DefaultSqlSession@729d6ee2]
Creating a new SqlSession
SqlSession [org.apache.ibatis.session.defaults.DefaultSqlSession@2125535d] was not registered for synchronization because synchronization is not active
JDBC Connection [HikariProxyConnection@219743801 wrapping com.mysql.cj.jdbc.ConnectionImpl@49f2646] will not be managed by Spring
==>  Preparing: INSERT INTO L_trend ( date, sure_Cnt, die_Cnt, cure_Cnt, doubt_Cnt ) VALUES ( ?, ?, ?, ?, ? ) 
==> Parameters: 5.26(String), 84544(Integer), 4645(Integer), 79774(Integer), 6(Integer)
<==    Updates: 1
Closing non transactional SqlSession [org.apache.ibatis.session.defaults.DefaultSqlSession@2125535d]
Creating a new SqlSession
SqlSession [org.apache.ibatis.session.defaults.DefaultSqlSession@5ae87de0] was not registered for synchronization because synchronization is not active
JDBC Connection [HikariProxyConnection@528846922 wrapping com.mysql.cj.jdbc.ConnectionImpl@49f2646] will not be managed by Spring
==>  Preparing: INSERT INTO L_trend ( date, sure_Cnt, die_Cnt, cure_Cnt, doubt_Cnt ) VALUES ( ?, ?, ?, ?, ? ) 
==> Parameters: 5.27(String), 84547(Integer), 4645(Integer), 79786(Integer), 5(Integer)
<==    Updates: 1
Closing non transactional SqlSession [org.apache.ibatis.session.defaults.DefaultSqlSession@5ae87de0]
Creating a new SqlSession
SqlSession [org.apache.ibatis.session.defaults.DefaultSqlSession@7a247711] was not registered for synchronization because synchronization is not active
JDBC Connection [HikariProxyConnection@1225830367 wrapping com.mysql.cj.jdbc.ConnectionImpl@49f2646] will not be managed by Spring
==>  Preparing: INSERT INTO L_trend ( date, sure_Cnt, die_Cnt, cure_Cnt, doubt_Cnt ) VALUES ( ?, ?, ?, ?, ? ) 
==> Parameters: 5.28(String), 84547(Integer), 4645(Integer), 79791(Integer), 5(Integer)
<==    Updates: 1
Closing non transactional SqlSession [org.apache.ibatis.session.defaults.DefaultSqlSession@7a247711]
Creating a new SqlSession
SqlSession [org.apache.ibatis.session.defaults.DefaultSqlSession@1c8e2850] was not registered for synchronization because synchronization is not active
JDBC Connection [HikariProxyConnection@1353454153 wrapping com.mysql.cj.jdbc.ConnectionImpl@49f2646] will not be managed by Spring
==>  Preparing: INSERT INTO L_trend ( date, sure_Cnt, die_Cnt, cure_Cnt, doubt_Cnt ) VALUES ( ?, ?, ?, ?, ? ) 
==> Parameters: 5.29(String), 84565(Integer), 4645(Integer), 79802(Integer), 5(Integer)
<==    Updates: 1
Closing non transactional SqlSession [org.apache.ibatis.session.defaults.DefaultSqlSession@1c8e2850]
Creating a new SqlSession
SqlSession [org.apache.ibatis.session.defaults.DefaultSqlSession@399c408c] was not registered for synchronization because synchronization is not active
JDBC Connection [HikariProxyConnection@160572332 wrapping com.mysql.cj.jdbc.ConnectionImpl@49f2646] will not be managed by Spring
==>  Preparing: INSERT INTO L_trend ( date, sure_Cnt, die_Cnt, cure_Cnt, doubt_Cnt ) VALUES ( ?, ?, ?, ?, ? ) 
==> Parameters: 5.30(String), 84570(Integer), 4645(Integer), 79806(Integer), 4(Integer)
<==    Updates: 1
Closing non transactional SqlSession [org.apache.ibatis.session.defaults.DefaultSqlSession@399c408c]
Creating a new SqlSession
SqlSession [org.apache.ibatis.session.defaults.DefaultSqlSession@2cebf82f] was not registered for synchronization because synchronization is not active
JDBC Connection [HikariProxyConnection@888942941 wrapping com.mysql.cj.jdbc.ConnectionImpl@49f2646] will not be managed by Spring
==>  Preparing: INSERT INTO L_trend ( date, sure_Cnt, die_Cnt, cure_Cnt, doubt_Cnt ) VALUES ( ?, ?, ?, ?, ? ) 
==> Parameters: 5.31(String), 84588(Integer), 4645(Integer), 79812(Integer), 3(Integer)
<==    Updates: 1
Closing non transactional SqlSession [org.apache.ibatis.session.defaults.DefaultSqlSession@2cebf82f]
Creating a new SqlSession
SqlSession [org.apache.ibatis.session.defaults.DefaultSqlSession@45f8415b] was not registered for synchronization because synchronization is not active
JDBC Connection [HikariProxyConnection@282850912 wrapping com.mysql.cj.jdbc.ConnectionImpl@49f2646] will not be managed by Spring
==>  Preparing: INSERT INTO L_trend ( date, sure_Cnt, die_Cnt, cure_Cnt, doubt_Cnt ) VALUES ( ?, ?, ?, ?, ? ) 
==> Parameters: 6.01(String), 84595(Integer), 4645(Integer), 79822(Integer), 2(Integer)
<==    Updates: 1
Closing non transactional SqlSession [org.apache.ibatis.session.defaults.DefaultSqlSession@45f8415b]
Creating a new SqlSession
SqlSession [org.apache.ibatis.session.defaults.DefaultSqlSession@57afe44b] was not registered for synchronization because synchronization is not active
JDBC Connection [HikariProxyConnection@411594792 wrapping com.mysql.cj.jdbc.ConnectionImpl@49f2646] will not be managed by Spring
==>  Preparing: INSERT INTO L_trend ( date, sure_Cnt, die_Cnt, cure_Cnt, doubt_Cnt ) VALUES ( ?, ?, ?, ?, ? ) 
==> Parameters: 6.02(String), 84602(Integer), 4645(Integer), 79824(Integer), 3(Integer)
<==    Updates: 1
Closing non transactional SqlSession [org.apache.ibatis.session.defaults.DefaultSqlSession@57afe44b]
Creating a new SqlSession
SqlSession [org.apache.ibatis.session.defaults.DefaultSqlSession@4af0c50] was not registered for synchronization because synchronization is not active
JDBC Connection [HikariProxyConnection@1610429917 wrapping com.mysql.cj.jdbc.ConnectionImpl@49f2646] will not be managed by Spring
==>  Preparing: INSERT INTO L_trend ( date, sure_Cnt, die_Cnt, cure_Cnt, doubt_Cnt ) VALUES ( ?, ?, ?, ?, ? ) 
==> Parameters: 6.03(String), 84603(Integer), 4645(Integer), 79831(Integer), 3(Integer)
<==    Updates: 1
Closing non transactional SqlSession [org.apache.ibatis.session.defaults.DefaultSqlSession@4af0c50]
Creating a new SqlSession
SqlSession [org.apache.ibatis.session.defaults.DefaultSqlSession@301d84f6] was not registered for synchronization because synchronization is not active
JDBC Connection [HikariProxyConnection@116919541 wrapping com.mysql.cj.jdbc.ConnectionImpl@49f2646] will not be managed by Spring
==>  Preparing: INSERT INTO L_trend ( date, sure_Cnt, die_Cnt, cure_Cnt, doubt_Cnt ) VALUES ( ?, ?, ?, ?, ? ) 
==> Parameters: 6.04(String), 84614(Integer), 4645(Integer), 79842(Integer), 2(Integer)
<==    Updates: 1
Closing non transactional SqlSession [org.apache.ibatis.session.defaults.DefaultSqlSession@301d84f6]
Creating a new SqlSession
SqlSession [org.apache.ibatis.session.defaults.DefaultSqlSession@114b2414] was not registered for synchronization because synchronization is not active
JDBC Connection [HikariProxyConnection@1469189484 wrapping com.mysql.cj.jdbc.ConnectionImpl@49f2646] will not be managed by Spring
==>  Preparing: INSERT INTO L_trend ( date, sure_Cnt, die_Cnt, cure_Cnt, doubt_Cnt ) VALUES ( ?, ?, ?, ?, ? ) 
==> Parameters: 6.05(String), 84620(Integer), 4645(Integer), 79848(Integer), 2(Integer)
<==    Updates: 1
Closing non transactional SqlSession [org.apache.ibatis.session.defaults.DefaultSqlSession@114b2414]
Creating a new SqlSession
SqlSession [org.apache.ibatis.session.defaults.DefaultSqlSession@2a6c751f] was not registered for synchronization because synchronization is not active
JDBC Connection [HikariProxyConnection@1842537555 wrapping com.mysql.cj.jdbc.ConnectionImpl@49f2646] will not be managed by Spring
==>  Preparing: INSERT INTO L_trend ( date, sure_Cnt, die_Cnt, cure_Cnt, doubt_Cnt ) VALUES ( ?, ?, ?, ?, ? ) 
==> Parameters: 6.06(String), 84629(Integer), 4645(Integer), 79854(Integer), 3(Integer)
<==    Updates: 1
Closing non transactional SqlSession [org.apache.ibatis.session.defaults.DefaultSqlSession@2a6c751f]
Creating a new SqlSession
SqlSession [org.apache.ibatis.session.defaults.DefaultSqlSession@14d18029] was not registered for synchronization because synchronization is not active
JDBC Connection [HikariProxyConnection@1859853980 wrapping com.mysql.cj.jdbc.ConnectionImpl@49f2646] will not be managed by Spring
==>  Preparing: INSERT INTO L_trend ( date, sure_Cnt, die_Cnt, cure_Cnt, doubt_Cnt ) VALUES ( ?, ?, ?, ?, ? ) 
==> Parameters: 6.07(String), 84634(Integer), 4645(Integer), 79865(Integer), 3(Integer)
<==    Updates: 1
Closing non transactional SqlSession [org.apache.ibatis.session.defaults.DefaultSqlSession@14d18029]
Creating a new SqlSession
SqlSession [org.apache.ibatis.session.defaults.DefaultSqlSession@56e8a8a0] was not registered for synchronization because synchronization is not active
JDBC Connection [HikariProxyConnection@1618043679 wrapping com.mysql.cj.jdbc.ConnectionImpl@49f2646] will not be managed by Spring
==>  Preparing: INSERT INTO L_trend ( date, sure_Cnt, die_Cnt, cure_Cnt, doubt_Cnt ) VALUES ( ?, ?, ?, ?, ? ) 
==> Parameters: 6.08(String), 84638(Integer), 4645(Integer), 79875(Integer), 1(Integer)
<==    Updates: 1
Closing non transactional SqlSession [org.apache.ibatis.session.defaults.DefaultSqlSession@56e8a8a0]
Creating a new SqlSession
SqlSession [org.apache.ibatis.session.defaults.DefaultSqlSession@7438c3d5] was not registered for synchronization because synchronization is not active
JDBC Connection [HikariProxyConnection@532299734 wrapping com.mysql.cj.jdbc.ConnectionImpl@49f2646] will not be managed by Spring
==>  Preparing: INSERT INTO L_trend ( date, sure_Cnt, die_Cnt, cure_Cnt, doubt_Cnt ) VALUES ( ?, ?, ?, ?, ? ) 
==> Parameters: 6.09(String), 84641(Integer), 4645(Integer), 79883(Integer), 2(Integer)
<==    Updates: 1
Closing non transactional SqlSession [org.apache.ibatis.session.defaults.DefaultSqlSession@7438c3d5]
Creating a new SqlSession
SqlSession [org.apache.ibatis.session.defaults.DefaultSqlSession@5939f047] was not registered for synchronization because synchronization is not active
JDBC Connection [HikariProxyConnection@389226553 wrapping com.mysql.cj.jdbc.ConnectionImpl@49f2646] will not be managed by Spring
==>  Preparing: INSERT INTO L_trend ( date, sure_Cnt, die_Cnt, cure_Cnt, doubt_Cnt ) VALUES ( ?, ?, ?, ?, ? ) 
==> Parameters: 6.10(String), 84652(Integer), 4645(Integer), 79888(Integer), 1(Integer)
<==    Updates: 1
Closing non transactional SqlSession [org.apache.ibatis.session.defaults.DefaultSqlSession@5939f047]
Creating a new SqlSession
SqlSession [org.apache.ibatis.session.defaults.DefaultSqlSession@67ecf7ed] was not registered for synchronization because synchronization is not active
JDBC Connection [HikariProxyConnection@1775247809 wrapping com.mysql.cj.jdbc.ConnectionImpl@49f2646] will not be managed by Spring
==>  Preparing: INSERT INTO L_trend ( date, sure_Cnt, die_Cnt, cure_Cnt, doubt_Cnt ) VALUES ( ?, ?, ?, ?, ? ) 
==> Parameters: 6.11(String), 84659(Integer), 4645(Integer), 79896(Integer), 1(Integer)
<==    Updates: 1
Closing non transactional SqlSession [org.apache.ibatis.session.defaults.DefaultSqlSession@67ecf7ed]
Creating a new SqlSession
SqlSession [org.apache.ibatis.session.defaults.DefaultSqlSession@106802ea] was not registered for synchronization because synchronization is not active
JDBC Connection [HikariProxyConnection@2019489551 wrapping com.mysql.cj.jdbc.ConnectionImpl@49f2646] will not be managed by Spring
==>  Preparing: INSERT INTO L_trend ( date, sure_Cnt, die_Cnt, cure_Cnt, doubt_Cnt ) VALUES ( ?, ?, ?, ?, ? ) 
==> Parameters: 6.12(String), 84671(Integer), 4645(Integer), 79903(Integer), 1(Integer)
<==    Updates: 1
Closing non transactional SqlSession [org.apache.ibatis.session.defaults.DefaultSqlSession@106802ea]
Creating a new SqlSession
SqlSession [org.apache.ibatis.session.defaults.DefaultSqlSession@23358740] was not registered for synchronization because synchronization is not active
JDBC Connection [HikariProxyConnection@752679590 wrapping com.mysql.cj.jdbc.ConnectionImpl@49f2646] will not be managed by Spring
==>  Preparing: INSERT INTO L_trend ( date, sure_Cnt, die_Cnt, cure_Cnt, doubt_Cnt ) VALUES ( ?, ?, ?, ?, ? ) 
==> Parameters: 6.13(String), 84729(Integer), 4645(Integer), 79906(Integer), 2(Integer)
<==    Updates: 1
Closing non transactional SqlSession [org.apache.ibatis.session.defaults.DefaultSqlSession@23358740]
Creating a new SqlSession
SqlSession [org.apache.ibatis.session.defaults.DefaultSqlSession@66682e8f] was not registered for synchronization because synchronization is not active
JDBC Connection [HikariProxyConnection@757788974 wrapping com.mysql.cj.jdbc.ConnectionImpl@49f2646] will not be managed by Spring
==>  Preparing: INSERT INTO L_trend ( date, sure_Cnt, die_Cnt, cure_Cnt, doubt_Cnt ) VALUES ( ?, ?, ?, ?, ? ) 
==> Parameters: 6.14(String), 84778(Integer), 4645(Integer), 79913(Integer), 3(Integer)
2021-02-05 13:23:06.481  WARN 19220 --- [           main] com.zaxxer.hikari.pool.ProxyConnection   : HikariPool-1 - Connection com.mysql.cj.jdbc.ConnectionImpl@49f2646 marked as broken because of SQLSTATE(08S01), ErrorCode(0)

com.mysql.cj.jdbc.exceptions.CommunicationsException: Communications link failure

The last packet successfully received from the server was 19,141 milliseconds ago. The last packet sent successfully to the server was 19,141 milliseconds ago.
	at com.mysql.cj.jdbc.exceptions.SQLError.createCommunicationsException(SQLError.java:174) ~[mysql-connector-java-8.0.19.jar:8.0.19]
	at com.mysql.cj.jdbc.exceptions.SQLExceptionsMapping.translateException(SQLExceptionsMapping.java:64) ~[mysql-connector-java-8.0.19.jar:8.0.19]
	at com.mysql.cj.jdbc.ClientPreparedStatement.executeInternal(ClientPreparedStatement.java:953) ~[mysql-connector-java-8.0.19.jar:8.0.19]
	at com.mysql.cj.jdbc.ClientPreparedStatement.execute(ClientPreparedStatement.java:370) ~[mysql-connector-java-8.0.19.jar:8.0.19]
	at com.zaxxer.hikari.pool.ProxyPreparedStatement.execute(ProxyPreparedStatement.java:44) ~[HikariCP-3.4.2.jar:na]
	at com.zaxxer.hikari.pool.HikariProxyPreparedStatement.execute(HikariProxyPreparedStatement.java) [HikariCP-3.4.2.jar:na]
	at sun.reflect.GeneratedMethodAccessor62.invoke(Unknown Source) ~[na:na]
	at sun.reflect.DelegatingMethodAccessorImpl.invoke(DelegatingMethodAccessorImpl.java:43) ~[na:1.8.0_261]
	at java.lang.reflect.Method.invoke(Method.java:498) ~[na:1.8.0_261]
	at org.apache.ibatis.logging.jdbc.PreparedStatementLogger.invoke(PreparedStatementLogger.java:59) [mybatis-3.5.4.jar:3.5.4]
	at com.sun.proxy.$Proxy114.execute(Unknown Source) [na:na]
	at org.apache.ibatis.executor.statement.PreparedStatementHandler.update(PreparedStatementHandler.java:47) [mybatis-3.5.4.jar:3.5.4]
	at org.apache.ibatis.executor.statement.RoutingStatementHandler.update(RoutingStatementHandler.java:74) [mybatis-3.5.4.jar:3.5.4]
	at com.baomidou.mybatisplus.core.executor.MybatisSimpleExecutor.doUpdate(MybatisSimpleExecutor.java:54) [mybatis-plus-core-3.3.2.jar:3.3.2]
	at org.apache.ibatis.executor.BaseExecutor.update(BaseExecutor.java:117) [mybatis-3.5.4.jar:3.5.4]
	at com.baomidou.mybatisplus.core.executor.MybatisCachingExecutor.update(MybatisCachingExecutor.java:83) [mybatis-plus-core-3.3.2.jar:3.3.2]
	at org.apache.ibatis.session.defaults.DefaultSqlSession.update(DefaultSqlSession.java:197) [mybatis-3.5.4.jar:3.5.4]
	at org.apache.ibatis.session.defaults.DefaultSqlSession.insert(DefaultSqlSession.java:184) [mybatis-3.5.4.jar:3.5.4]
	at sun.reflect.GeneratedMethodAccessor66.invoke(Unknown Source) ~[na:na]
	at sun.reflect.DelegatingMethodAccessorImpl.invoke(DelegatingMethodAccessorImpl.java:43) ~[na:1.8.0_261]
	at java.lang.reflect.Method.invoke(Method.java:498) ~[na:1.8.0_261]
	at org.mybatis.spring.SqlSessionTemplate$SqlSessionInterceptor.invoke(SqlSessionTemplate.java:426) [mybatis-spring-2.0.4.jar:2.0.4]
	at com.sun.proxy.$Proxy73.insert(Unknown Source) [na:na]
	at org.mybatis.spring.SqlSessionTemplate.insert(SqlSessionTemplate.java:271) [mybatis-spring-2.0.4.jar:2.0.4]
	at com.baomidou.mybatisplus.core.override.MybatisMapperMethod.execute(MybatisMapperMethod.java:60) [mybatis-plus-core-3.3.2.jar:3.3.2]
	at com.baomidou.mybatisplus.core.override.MybatisMapperProxy.invoke(MybatisMapperProxy.java:96) [mybatis-plus-core-3.3.2.jar:3.3.2]
	at com.sun.proxy.$Proxy101.insert(Unknown Source) [na:na]
	at sun.reflect.GeneratedMethodAccessor65.invoke(Unknown Source) ~[na:na]
	at sun.reflect.DelegatingMethodAccessorImpl.invoke(DelegatingMethodAccessorImpl.java:43) ~[na:1.8.0_261]
	at java.lang.reflect.Method.invoke(Method.java:498) ~[na:1.8.0_261]
	at org.springframework.aop.support.AopUtils.invokeJoinpointUsingReflection(AopUtils.java:344) [spring-aop-5.2.5.RELEASE.jar:5.2.5.RELEASE]
	at org.springframework.aop.framework.ReflectiveMethodInvocation.invokeJoinpoint(ReflectiveMethodInvocation.java:198) [spring-aop-5.2.5.RELEASE.jar:5.2.5.RELEASE]
	at org.springframework.aop.framework.ReflectiveMethodInvocation.proceed(ReflectiveMethodInvocation.java:163) [spring-aop-5.2.5.RELEASE.jar:5.2.5.RELEASE]
	at org.springframework.dao.support.PersistenceExceptionTranslationInterceptor.invoke(PersistenceExceptionTranslationInterceptor.java:139) [spring-tx-5.2.5.RELEASE.jar:5.2.5.RELEASE]
	at org.springframework.aop.framework.ReflectiveMethodInvocation.proceed(ReflectiveMethodInvocation.java:186) [spring-aop-5.2.5.RELEASE.jar:5.2.5.RELEASE]
	at org.springframework.aop.framework.JdkDynamicAopProxy.invoke(JdkDynamicAopProxy.java:212) [spring-aop-5.2.5.RELEASE.jar:5.2.5.RELEASE]
	at com.sun.proxy.$Proxy102.insert(Unknown Source) [na:na]
	at com.leslie.StudentsMapperTest.lambda$test3$2(StudentsMapperTest.java:91) [test-classes/:na]
	at java.util.ArrayList.forEach(ArrayList.java:1259) ~[na:1.8.0_261]
	at com.leslie.StudentsMapperTest.test3(StudentsMapperTest.java:90) [test-classes/:na]
	at sun.reflect.NativeMethodAccessorImpl.invoke0(Native Method) ~[na:1.8.0_261]
	at sun.reflect.NativeMethodAccessorImpl.invoke(NativeMethodAccessorImpl.java:62) ~[na:1.8.0_261]
	at sun.reflect.DelegatingMethodAccessorImpl.invoke(DelegatingMethodAccessorImpl.java:43) ~[na:1.8.0_261]
	at java.lang.reflect.Method.invoke(Method.java:498) ~[na:1.8.0_261]
	at org.junit.runners.model.FrameworkMethod$1.runReflectiveCall(FrameworkMethod.java:50) ~[junit-4.12.jar:4.12]
	at org.junit.internal.runners.model.ReflectiveCallable.run(ReflectiveCallable.java:12) ~[junit-4.12.jar:4.12]
	at org.junit.runners.model.FrameworkMethod.invokeExplosively(FrameworkMethod.java:47) ~[junit-4.12.jar:4.12]
	at org.junit.internal.runners.statements.InvokeMethod.evaluate(InvokeMethod.java:17) ~[junit-4.12.jar:4.12]
	at org.springframework.test.context.junit4.statements.RunBeforeTestExecutionCallbacks.evaluate(RunBeforeTestExecutionCallbacks.java:74) ~[spring-test-5.2.5.RELEASE.jar:5.2.5.RELEASE]
	at org.springframework.test.context.junit4.statements.RunAfterTestExecutionCallbacks.evaluate(RunAfterTestExecutionCallbacks.java:84) ~[spring-test-5.2.5.RELEASE.jar:5.2.5.RELEASE]
	at org.springframework.test.context.junit4.statements.RunBeforeTestMethodCallbacks.evaluate(RunBeforeTestMethodCallbacks.java:75) ~[spring-test-5.2.5.RELEASE.jar:5.2.5.RELEASE]
	at org.springframework.test.context.junit4.statements.RunAfterTestMethodCallbacks.evaluate(RunAfterTestMethodCallbacks.java:86) ~[spring-test-5.2.5.RELEASE.jar:5.2.5.RELEASE]
	at org.springframework.test.context.junit4.statements.SpringRepeat.evaluate(SpringRepeat.java:84) ~[spring-test-5.2.5.RELEASE.jar:5.2.5.RELEASE]
	at org.junit.runners.ParentRunner.runLeaf(ParentRunner.java:325) ~[junit-4.12.jar:4.12]
	at org.springframework.test.context.junit4.SpringJUnit4ClassRunner.runChild(SpringJUnit4ClassRunner.java:251) ~[spring-test-5.2.5.RELEASE.jar:5.2.5.RELEASE]
	at org.springframework.test.context.junit4.SpringJUnit4ClassRunner.runChild(SpringJUnit4ClassRunner.java:97) ~[spring-test-5.2.5.RELEASE.jar:5.2.5.RELEASE]
	at org.junit.runners.ParentRunner$3.run(ParentRunner.java:290) ~[junit-4.12.jar:4.12]
	at org.junit.runners.ParentRunner$1.schedule(ParentRunner.java:71) ~[junit-4.12.jar:4.12]
	at org.junit.runners.ParentRunner.runChildren(ParentRunner.java:288) ~[junit-4.12.jar:4.12]
	at org.junit.runners.ParentRunner.access$000(ParentRunner.java:58) ~[junit-4.12.jar:4.12]
	at org.junit.runners.ParentRunner$2.evaluate(ParentRunner.java:268) ~[junit-4.12.jar:4.12]
	at org.springframework.test.context.junit4.statements.RunBeforeTestClassCallbacks.evaluate(RunBeforeTestClassCallbacks.java:61) ~[spring-test-5.2.5.RELEASE.jar:5.2.5.RELEASE]
	at org.springframework.test.context.junit4.statements.RunAfterTestClassCallbacks.evaluate(RunAfterTestClassCallbacks.java:70) ~[spring-test-5.2.5.RELEASE.jar:5.2.5.RELEASE]
	at org.junit.runners.ParentRunner.run(ParentRunner.java:363) ~[junit-4.12.jar:4.12]
	at org.springframework.test.context.junit4.SpringJUnit4ClassRunner.run(SpringJUnit4ClassRunner.java:190) ~[spring-test-5.2.5.RELEASE.jar:5.2.5.RELEASE]
	at org.junit.runner.JUnitCore.run(JUnitCore.java:137) ~[junit-4.12.jar:4.12]
	at org.junit.runner.JUnitCore.run(JUnitCore.java:115) ~[junit-4.12.jar:4.12]
	at org.junit.vintage.engine.execution.RunnerExecutor.execute(RunnerExecutor.java:40) ~[junit-vintage-engine-5.5.2.jar:5.5.2]
	at java.util.stream.ForEachOps$ForEachOp$OfRef.accept(ForEachOps.java:184) ~[na:1.8.0_261]
	at java.util.stream.ReferencePipeline$3$1.accept(ReferencePipeline.java:193) ~[na:1.8.0_261]
	at java.util.Iterator.forEachRemaining(Iterator.java:116) ~[na:1.8.0_261]
	at java.util.Spliterators$IteratorSpliterator.forEachRemaining(Spliterators.java:1801) ~[na:1.8.0_261]
	at java.util.stream.AbstractPipeline.copyInto(AbstractPipeline.java:482) ~[na:1.8.0_261]
	at java.util.stream.AbstractPipeline.wrapAndCopyInto(AbstractPipeline.java:472) ~[na:1.8.0_261]
	at java.util.stream.ForEachOps$ForEachOp.evaluateSequential(ForEachOps.java:151) ~[na:1.8.0_261]
	at java.util.stream.ForEachOps$ForEachOp$OfRef.evaluateSequential(ForEachOps.java:174) ~[na:1.8.0_261]
	at java.util.stream.AbstractPipeline.evaluate(AbstractPipeline.java:234) ~[na:1.8.0_261]
	at java.util.stream.ReferencePipeline.forEach(ReferencePipeline.java:418) ~[na:1.8.0_261]
	at org.junit.vintage.engine.VintageTestEngine.executeAllChildren(VintageTestEngine.java:80) ~[junit-vintage-engine-5.5.2.jar:5.5.2]
	at org.junit.vintage.engine.VintageTestEngine.execute(VintageTestEngine.java:71) ~[junit-vintage-engine-5.5.2.jar:5.5.2]
	at org.junit.platform.launcher.core.DefaultLauncher.execute(DefaultLauncher.java:220) ~[junit-platform-launcher-1.3.1.jar:1.3.1]
	at org.junit.platform.launcher.core.DefaultLauncher.lambda$execute$6(DefaultLauncher.java:188) ~[junit-platform-launcher-1.3.1.jar:1.3.1]
	at org.junit.platform.launcher.core.DefaultLauncher.withInterceptedStreams(DefaultLauncher.java:202) ~[junit-platform-launcher-1.3.1.jar:1.3.1]
	at org.junit.platform.launcher.core.DefaultLauncher.execute(DefaultLauncher.java:181) ~[junit-platform-launcher-1.3.1.jar:1.3.1]
	at org.junit.platform.launcher.core.DefaultLauncher.execute(DefaultLauncher.java:128) ~[junit-platform-launcher-1.3.1.jar:1.3.1]
	at org.apache.maven.surefire.junitplatform.JUnitPlatformProvider.invokeAllTests(JUnitPlatformProvider.java:150) ~[surefire-junit-platform-2.22.2.jar:2.22.2]
	at org.apache.maven.surefire.junitplatform.JUnitPlatformProvider.invoke(JUnitPlatformProvider.java:124) ~[surefire-junit-platform-2.22.2.jar:2.22.2]
	at org.apache.maven.surefire.booter.ForkedBooter.invokeProviderInSameClassLoader(ForkedBooter.java:384) ~[surefire-booter-2.22.2.jar:2.22.2]
	at org.apache.maven.surefire.booter.ForkedBooter.runSuitesInProcess(ForkedBooter.java:345) ~[surefire-booter-2.22.2.jar:2.22.2]
	at org.apache.maven.surefire.booter.ForkedBooter.execute(ForkedBooter.java:126) ~[surefire-booter-2.22.2.jar:2.22.2]
	at org.apache.maven.surefire.booter.ForkedBooter.main(ForkedBooter.java:418) ~[surefire-booter-2.22.2.jar:2.22.2]
Caused by: com.mysql.cj.exceptions.CJCommunicationsException: Communications link failure

The last packet successfully received from the server was 19,141 milliseconds ago. The last packet sent successfully to the server was 19,141 milliseconds ago.
	at sun.reflect.NativeConstructorAccessorImpl.newInstance0(Native Method) ~[na:1.8.0_261]
	at sun.reflect.NativeConstructorAccessorImpl.newInstance(NativeConstructorAccessorImpl.java:62) ~[na:1.8.0_261]
	at sun.reflect.DelegatingConstructorAccessorImpl.newInstance(DelegatingConstructorAccessorImpl.java:45) ~[na:1.8.0_261]
	at java.lang.reflect.Constructor.newInstance(Constructor.java:423) ~[na:1.8.0_261]
	at com.mysql.cj.exceptions.ExceptionFactory.createException(ExceptionFactory.java:61) ~[mysql-connector-java-8.0.19.jar:8.0.19]
	at com.mysql.cj.exceptions.ExceptionFactory.createException(ExceptionFactory.java:105) ~[mysql-connector-java-8.0.19.jar:8.0.19]
	at com.mysql.cj.exceptions.ExceptionFactory.createException(ExceptionFactory.java:151) ~[mysql-connector-java-8.0.19.jar:8.0.19]
	at com.mysql.cj.exceptions.ExceptionFactory.createCommunicationsException(ExceptionFactory.java:167) ~[mysql-connector-java-8.0.19.jar:8.0.19]
	at com.mysql.cj.protocol.a.NativeProtocol.readMessage(NativeProtocol.java:539) ~[mysql-connector-java-8.0.19.jar:8.0.19]
	at com.mysql.cj.protocol.a.NativeProtocol.checkErrorMessage(NativeProtocol.java:703) ~[mysql-connector-java-8.0.19.jar:8.0.19]
	at com.mysql.cj.protocol.a.NativeProtocol.sendCommand(NativeProtocol.java:642) ~[mysql-connector-java-8.0.19.jar:8.0.19]
	at com.mysql.cj.protocol.a.NativeProtocol.sendQueryPacket(NativeProtocol.java:941) ~[mysql-connector-java-8.0.19.jar:8.0.19]
	at com.mysql.cj.NativeSession.execSQL(NativeSession.java:1075) ~[mysql-connector-java-8.0.19.jar:8.0.19]
	at com.mysql.cj.jdbc.ClientPreparedStatement.executeInternal(ClientPreparedStatement.java:930) ~[mysql-connector-java-8.0.19.jar:8.0.19]
	... 88 common frames omitted
Caused by: java.net.SocketTimeoutException: Read timed out
	at java.net.SocketInputStream.socketRead0(Native Method) ~[na:1.8.0_261]
	at java.net.SocketInputStream.socketRead(SocketInputStream.java:116) ~[na:1.8.0_261]
	at java.net.SocketInputStream.read(SocketInputStream.java:171) ~[na:1.8.0_261]
	at java.net.SocketInputStream.read(SocketInputStream.java:141) ~[na:1.8.0_261]
	at com.mysql.cj.protocol.ReadAheadInputStream.fill(ReadAheadInputStream.java:107) ~[mysql-connector-java-8.0.19.jar:8.0.19]
	at com.mysql.cj.protocol.ReadAheadInputStream.readFromUnderlyingStreamIfNecessary(ReadAheadInputStream.java:150) ~[mysql-connector-java-8.0.19.jar:8.0.19]
	at com.mysql.cj.protocol.ReadAheadInputStream.read(ReadAheadInputStream.java:180) ~[mysql-connector-java-8.0.19.jar:8.0.19]
	at java.io.FilterInputStream.read(FilterInputStream.java:133) ~[na:1.8.0_261]
	at com.mysql.cj.protocol.FullReadInputStream.readFully(FullReadInputStream.java:64) ~[mysql-connector-java-8.0.19.jar:8.0.19]
	at com.mysql.cj.protocol.a.SimplePacketReader.readHeader(SimplePacketReader.java:63) ~[mysql-connector-java-8.0.19.jar:8.0.19]
	at com.mysql.cj.protocol.a.SimplePacketReader.readHeader(SimplePacketReader.java:45) ~[mysql-connector-java-8.0.19.jar:8.0.19]
	at com.mysql.cj.protocol.a.TimeTrackingPacketReader.readHeader(TimeTrackingPacketReader.java:52) ~[mysql-connector-java-8.0.19.jar:8.0.19]
	at com.mysql.cj.protocol.a.TimeTrackingPacketReader.readHeader(TimeTrackingPacketReader.java:41) ~[mysql-connector-java-8.0.19.jar:8.0.19]
	at com.mysql.cj.protocol.a.MultiPacketReader.readHeader(MultiPacketReader.java:54) ~[mysql-connector-java-8.0.19.jar:8.0.19]
	at com.mysql.cj.protocol.a.MultiPacketReader.readHeader(MultiPacketReader.java:44) ~[mysql-connector-java-8.0.19.jar:8.0.19]
	at com.mysql.cj.protocol.a.NativeProtocol.readMessage(NativeProtocol.java:533) ~[mysql-connector-java-8.0.19.jar:8.0.19]
	... 93 common frames omitted

Closing non transactional SqlSession [org.apache.ibatis.session.defaults.DefaultSqlSession@66682e8f]
]]></system-out>
  </testcase>
  <testcase name="test4" classname="com.leslie.StudentsMapperTest" time="0.694"/>
  <testcase name="test6" classname="com.leslie.StudentsMapperTest" time="1.11"/>
  <testcase name="test7" classname="com.leslie.StudentsMapperTest" time="0"/>
  <testcase name="test8" classname="com.leslie.StudentsMapperTest" time="0.174"/>
  <testcase name="test9" classname="com.leslie.StudentsMapperTest" time="0.404"/>
</testsuite>